Sunplus u'nSP Assembler - Ver. 1.14.12

                            	// GCC for SUNPLUS u'nSP version 1.0.23
                            	// Command: D:\PROGRA~1\Sunplus\UNSPID~1.2D\toolchain\cc1.exe C:\Users\geeknimo\AppData\Local\Temp\ccgZcaaa.i -fkeep-inline-functions -quiet -dumpbase libgloss.c -mglobal-var-iram -gstabs -Wall -o .\Debug/libgloss.asm
                            		.external __sn_func_ptr_sec
                            	
                            	// gcc2_compiled.:
                            	
00000000                    	.debug
00000000 2E 00 73 00        		.dw '.stabs "F:/Code/geeknimo/MCU/SPEC061A/BSR/",0x64,0,3,',0,0,offset Ltext0,seg Ltext0,0x0d,0x0a
         74 00 61 00
         62 00 73 00
         20 00 22 00
         46 00 3A 00
         2F 00 43 00
         6F 00 64 00
         65 00 2F 00
         67 00 65 00
         65 00 6B 00
         6E 00 69 00
         6D 00 6F 00
         2F 00 4D 00
         43 00 55 00
         2F 00 53 00
         50 00 45 00
         43 00 30 00
         36 00 31 00
         41 00 2F 00
         42 00 53 00
         52 00 2F 00
         22 00 2C 00
         30 00 78 00
         36 00 34 00
         2C 00 30 00
         2C 00 33 00
         2C 00 00 00
         00 00 00 00
         00 00 0D 00
         0A 00      
00000000                    	.code
0000003B                    	.debug
0000003B 2E 00 73 00        		.dw '.stabs "F:/Code/geeknimo/MCU/SPEC061A/BSR/libgloss.c",0x64,0,3,',0,0,offset Ltext0,seg Ltext0,0x0d,0x0a
         74 00 61 00
         62 00 73 00
         20 00 22 00
         46 00 3A 00
         2F 00 43 00
         6F 00 64 00
         65 00 2F 00
         67 00 65 00
         65 00 6B 00
         6E 00 69 00
         6D 00 6F 00
         2F 00 4D 00
         43 00 55 00
         2F 00 53 00
         50 00 45 00
         43 00 30 00
         36 00 31 00
         41 00 2F 00
         42 00 53 00
         52 00 2F 00
         6C 00 69 00
         62 00 67 00
         6C 00 6F 00
         73 00 73 00
         2E 00 63 00
         22 00 2C 00
         30 00 78 00
         36 00 34 00
         2C 00 30 00
         2C 00 33 00
         2C 00 00 00
         00 00 00 00
         00 00 0D 00
         0A 00      
00000000                    	.code
00000000                    	.code
                            	Ltext0:
00000080                    	.debug
00000080 2E 00 73 00        		.dw '.stabs "int:t1=r1;-32768;32767;",128,0,0,0',0x0d,0x0a
         74 00 61 00
         62 00 73 00
         20 00 22 00
         69 00 6E 00
         74 00 3A 00
         74 00 31 00
         3D 00 72 00
         31 00 3B 00
         2D 00 33 00
         32 00 37 00
         36 00 38 00
         3B 00 33 00
         32 00 37 00
         36 00 37 00
         3B 00 22 00
         2C 00 31 00
         32 00 38 00
         2C 00 30 00
         2C 00 30 00
         2C 00 30 00
         0D 00 0A 00
00000000                    	.CODE
000000AC                    	.debug
000000AC 2E 00 73 00        		.dw '.stabs "char:t2=r2;0;127;",128,0,0,0',0x0d,0x0a
         74 00 61 00
         62 00 73 00
         20 00 22 00
         63 00 68 00
         61 00 72 00
         3A 00 74 00
         32 00 3D 00
         72 00 32 00
         3B 00 30 00
         3B 00 31 00
         32 00 37 00
         3B 00 22 00
         2C 00 31 00
         32 00 38 00
         2C 00 30 00
         2C 00 30 00
         2C 00 30 00
         0D 00 0A 00
00000000                    	.CODE
000000D2                    	.debug
000000D2 2E 00 73 00        		.dw '.stabs "long int:t3=r3;-2147483648;2147483647;",128,0,0,0',0x0d,0x0a
         74 00 61 00
         62 00 73 00
         20 00 22 00
         6C 00 6F 00
         6E 00 67 00
         20 00 69 00
         6E 00 74 00
         3A 00 74 00
         33 00 3D 00
         72 00 33 00
         3B 00 2D 00
         32 00 31 00
         34 00 37 00
         34 00 38 00
         33 00 36 00
         34 00 38 00
         3B 00 32 00
         31 00 34 00
         37 00 34 00
         38 00 33 00
         36 00 34 00
         37 00 3B 00
         22 00 2C 00
         31 00 32 00
         38 00 2C 00
         30 00 2C 00
         30 00 2C 00
         30 00 0D 00
         0A 00      
00000000                    	.CODE
0000010D                    	.debug
0000010D 2E 00 73 00        		.dw '.stabs "unsigned int:t4=r4;0;65535;",128,0,0,0',0x0d,0x0a
         74 00 61 00
         62 00 73 00
         20 00 22 00
         75 00 6E 00
         73 00 69 00
         67 00 6E 00
         65 00 64 00
         20 00 69 00
         6E 00 74 00
         3A 00 74 00
         34 00 3D 00
         72 00 34 00
         3B 00 30 00
         3B 00 36 00
         35 00 35 00
         33 00 35 00
         3B 00 22 00
         2C 00 31 00
         32 00 38 00
         2C 00 30 00
         2C 00 30 00
         2C 00 30 00
         0D 00 0A 00
00000000                    	.CODE
0000013D                    	.debug
0000013D 2E 00 73 00        		.dw '.stabs "long unsigned int:t5=r5;0;4294967295;",128,0,0,0',0x0d,0x0a
         74 00 61 00
         62 00 73 00
         20 00 22 00
         6C 00 6F 00
         6E 00 67 00
         20 00 75 00
         6E 00 73 00
         69 00 67 00
         6E 00 65 00
         64 00 20 00
         69 00 6E 00
         74 00 3A 00
         74 00 35 00
         3D 00 72 00
         35 00 3B 00
         30 00 3B 00
         34 00 32 00
         39 00 34 00
         39 00 36 00
         37 00 32 00
         39 00 35 00
         3B 00 22 00
         2C 00 31 00
         32 00 38 00
         2C 00 30 00
         2C 00 30 00
         2C 00 30 00
         0D 00 0A 00
00000000                    	.CODE
00000177                    	.debug
00000177 2E 00 73 00        		.dw '.stabs "long long int:t6=r6;-2147483648;2147483647;",128,0,0,0',0x0d,0x0a
         74 00 61 00
         62 00 73 00
         20 00 22 00
         6C 00 6F 00
         6E 00 67 00
         20 00 6C 00
         6F 00 6E 00
         67 00 20 00
         69 00 6E 00
         74 00 3A 00
         74 00 36 00
         3D 00 72 00
         36 00 3B 00
         2D 00 32 00
         31 00 34 00
         37 00 34 00
         38 00 33 00
         36 00 34 00
         38 00 3B 00
         32 00 31 00
         34 00 37 00
         34 00 38 00
         33 00 36 00
         34 00 37 00
         3B 00 22 00
         2C 00 31 00
         32 00 38 00
         2C 00 30 00
         2C 00 30 00
         2C 00 30 00
         0D 00 0A 00
00000000                    	.CODE
000001B7                    	.debug
000001B7 2E 00 73 00        		.dw '.stabs "long long unsigned int:t7=r7;0;4294967295;",128,0,0,0',0x0d,0x0a
         74 00 61 00
         62 00 73 00
         20 00 22 00
         6C 00 6F 00
         6E 00 67 00
         20 00 6C 00
         6F 00 6E 00
         67 00 20 00
         75 00 6E 00
         73 00 69 00
         67 00 6E 00
         65 00 64 00
         20 00 69 00
         6E 00 74 00
         3A 00 74 00
         37 00 3D 00
         72 00 37 00
         3B 00 30 00
         3B 00 34 00
         32 00 39 00
         34 00 39 00
         36 00 37 00
         32 00 39 00
         35 00 3B 00
         22 00 2C 00
         31 00 32 00
         38 00 2C 00
         30 00 2C 00
         30 00 2C 00
         30 00 0D 00
         0A 00      
00000000                    	.CODE
000001F6                    	.debug
000001F6 2E 00 73 00        		.dw '.stabs "short int:t8=r8;-32768;32767;",128,0,0,0',0x0d,0x0a
         74 00 61 00
         62 00 73 00
         20 00 22 00
         73 00 68 00
         6F 00 72 00
         74 00 20 00
         69 00 6E 00
         74 00 3A 00
         74 00 38 00
         3D 00 72 00
         38 00 3B 00
         2D 00 33 00
         32 00 37 00
         36 00 38 00
         3B 00 33 00
         32 00 37 00
         36 00 37 00
         3B 00 22 00
         2C 00 31 00
         32 00 38 00
         2C 00 30 00
         2C 00 30 00
         2C 00 30 00
         0D 00 0A 00
00000000                    	.CODE
00000228                    	.debug
00000228 2E 00 73 00        		.dw '.stabs "short unsigned int:t9=r9;0;65535;",128,0,0,0',0x0d,0x0a
         74 00 61 00
         62 00 73 00
         20 00 22 00
         73 00 68 00
         6F 00 72 00
         74 00 20 00
         75 00 6E 00
         73 00 69 00
         67 00 6E 00
         65 00 64 00
         20 00 69 00
         6E 00 74 00
         3A 00 74 00
         39 00 3D 00
         72 00 39 00
         3B 00 30 00
         3B 00 36 00
         35 00 35 00
         33 00 35 00
         3B 00 22 00
         2C 00 31 00
         32 00 38 00
         2C 00 30 00
         2C 00 30 00
         2C 00 30 00
         0D 00 0A 00
00000000                    	.CODE
0000025E                    	.debug
0000025E 2E 00 73 00        		.dw '.stabs "signed char:t10=r10;-32768;32767;",128,0,0,0',0x0d,0x0a
         74 00 61 00
         62 00 73 00
         20 00 22 00
         73 00 69 00
         67 00 6E 00
         65 00 64 00
         20 00 63 00
         68 00 61 00
         72 00 3A 00
         74 00 31 00
         30 00 3D 00
         72 00 31 00
         30 00 3B 00
         2D 00 33 00
         32 00 37 00
         36 00 38 00
         3B 00 33 00
         32 00 37 00
         36 00 37 00
         3B 00 22 00
         2C 00 31 00
         32 00 38 00
         2C 00 30 00
         2C 00 30 00
         2C 00 30 00
         0D 00 0A 00
00000000                    	.CODE
00000294                    	.debug
00000294 2E 00 73 00        		.dw '.stabs "unsigned char:t11=r11;0;65535;",128,0,0,0',0x0d,0x0a
         74 00 61 00
         62 00 73 00
         20 00 22 00
         75 00 6E 00
         73 00 69 00
         67 00 6E 00
         65 00 64 00
         20 00 63 00
         68 00 61 00
         72 00 3A 00
         74 00 31 00
         31 00 3D 00
         72 00 31 00
         31 00 3B 00
         30 00 3B 00
         36 00 35 00
         35 00 33 00
         35 00 3B 00
         22 00 2C 00
         31 00 32 00
         38 00 2C 00
         30 00 2C 00
         30 00 2C 00
         30 00 0D 00
         0A 00      
00000000                    	.CODE
000002C7                    	.debug
000002C7 2E 00 73 00        		.dw '.stabs "float:t12=r1;2;0;",128,0,0,0',0x0d,0x0a
         74 00 61 00
         62 00 73 00
         20 00 22 00
         66 00 6C 00
         6F 00 61 00
         74 00 3A 00
         74 00 31 00
         32 00 3D 00
         72 00 31 00
         3B 00 32 00
         3B 00 30 00
         3B 00 22 00
         2C 00 31 00
         32 00 38 00
         2C 00 30 00
         2C 00 30 00
         2C 00 30 00
         0D 00 0A 00
00000000                    	.CODE
000002ED                    	.debug
000002ED 2E 00 73 00        		.dw '.stabs "double:t13=r1;2;0;",128,0,0,0',0x0d,0x0a
         74 00 61 00
         62 00 73 00
         20 00 22 00
         64 00 6F 00
         75 00 62 00
         6C 00 65 00
         3A 00 74 00
         31 00 33 00
         3D 00 72 00
         31 00 3B 00
         32 00 3B 00
         30 00 3B 00
         22 00 2C 00
         31 00 32 00
         38 00 2C 00
         30 00 2C 00
         30 00 2C 00
         30 00 0D 00
         0A 00      
00000000                    	.CODE
00000314                    	.debug
00000314 2E 00 73 00        		.dw '.stabs "long double:t14=r1;2;0;",128,0,0,0',0x0d,0x0a
         74 00 61 00
         62 00 73 00
         20 00 22 00
         6C 00 6F 00
         6E 00 67 00
         20 00 64 00
         6F 00 75 00
         62 00 6C 00
         65 00 3A 00
         74 00 31 00
         34 00 3D 00
         72 00 31 00
         3B 00 32 00
         3B 00 30 00
         3B 00 22 00
         2C 00 31 00
         32 00 38 00
         2C 00 30 00
         2C 00 30 00
         2C 00 30 00
         0D 00 0A 00
00000000                    	.CODE
00000340                    	.debug
00000340 2E 00 73 00        		.dw '.stabs "complex int:t15=s2real:1,0,16;imag:1,16,16;;",128,0,0,0',0x0d,0x0a
         74 00 61 00
         62 00 73 00
         20 00 22 00
         63 00 6F 00
         6D 00 70 00
         6C 00 65 00
         78 00 20 00
         69 00 6E 00
         74 00 3A 00
         74 00 31 00
         35 00 3D 00
         73 00 32 00
         72 00 65 00
         61 00 6C 00
         3A 00 31 00
         2C 00 30 00
         2C 00 31 00
         36 00 3B 00
         69 00 6D 00
         61 00 67 00
         3A 00 31 00
         2C 00 31 00
         36 00 2C 00
         31 00 36 00
         3B 00 3B 00
         22 00 2C 00
         31 00 32 00
         38 00 2C 00
         30 00 2C 00
         30 00 2C 00
         30 00 0D 00
         0A 00      
00000000                    	.CODE
00000381                    	.debug
00000381 2E 00 73 00        		.dw '.stabs "complex float:t16=r16;2;0;",128,0,0,0',0x0d,0x0a
         74 00 61 00
         62 00 73 00
         20 00 22 00
         63 00 6F 00
         6D 00 70 00
         6C 00 65 00
         78 00 20 00
         66 00 6C 00
         6F 00 61 00
         74 00 3A 00
         74 00 31 00
         36 00 3D 00
         72 00 31 00
         36 00 3B 00
         32 00 3B 00
         30 00 3B 00
         22 00 2C 00
         31 00 32 00
         38 00 2C 00
         30 00 2C 00
         30 00 2C 00
         30 00 0D 00
         0A 00      
00000000                    	.CODE
000003B0                    	.debug
000003B0 2E 00 73 00        		.dw '.stabs "complex double:t17=r17;2;0;",128,0,0,0',0x0d,0x0a
         74 00 61 00
         62 00 73 00
         20 00 22 00
         63 00 6F 00
         6D 00 70 00
         6C 00 65 00
         78 00 20 00
         64 00 6F 00
         75 00 62 00
         6C 00 65 00
         3A 00 74 00
         31 00 37 00
         3D 00 72 00
         31 00 37 00
         3B 00 32 00
         3B 00 30 00
         3B 00 22 00
         2C 00 31 00
         32 00 38 00
         2C 00 30 00
         2C 00 30 00
         2C 00 30 00
         0D 00 0A 00
00000000                    	.CODE
000003E0                    	.debug
000003E0 2E 00 73 00        		.dw '.stabs "complex long double:t18=r18;2;0;",128,0,0,0',0x0d,0x0a
         74 00 61 00
         62 00 73 00
         20 00 22 00
         63 00 6F 00
         6D 00 70 00
         6C 00 65 00
         78 00 20 00
         6C 00 6F 00
         6E 00 67 00
         20 00 64 00
         6F 00 75 00
         62 00 6C 00
         65 00 3A 00
         74 00 31 00
         38 00 3D 00
         72 00 31 00
         38 00 3B 00
         32 00 3B 00
         30 00 3B 00
         22 00 2C 00
         31 00 32 00
         38 00 2C 00
         30 00 2C 00
         30 00 2C 00
         30 00 0D 00
         0A 00      
00000000                    	.CODE
00000415                    	.debug
00000415 2E 00 73 00        		.dw '.stabs "void:t19=19",128,0,0,0',0x0d,0x0a
         74 00 61 00
         62 00 73 00
         20 00 22 00
         76 00 6F 00
         69 00 64 00
         3A 00 74 00
         31 00 39 00
         3D 00 31 00
         39 00 22 00
         2C 00 31 00
         32 00 38 00
         2C 00 30 00
         2C 00 30 00
         2C 00 30 00
         0D 00 0A 00
00000000                    	.CODE
                            	// GCC inline ASM start
00000000                    		.code
                            	.public _SemiPrintf
                            	.public _printf_hook
                            	_printf_hook: .proc
00000000 00 EE              	  nop
                            	_SemiPrintf:
00000001 90 9A              	  retf
                            	  .endp
                            	
                            	// GCC inline ASM end
00000002                    	.code
00000435                    	.debug
00000435 2E 00 73 00        		.dw '.stabs "printf_init:F19",36,0,0,',0,0,offset _printf_init,seg _printf_init,0x0d,0x0a
         74 00 61 00
         62 00 73 00
         20 00 22 00
         70 00 72 00
         69 00 6E 00
         74 00 66 00
         5F 00 69 00
         6E 00 69 00
         74 00 3A 00
         46 00 31 00
         39 00 22 00
         2C 00 33 00
         36 00 2C 00
         30 00 2C 00
         30 00 2C 00
         00 00 00 00
         02 00 00 00
         0D 00 0A 00
00000002                    	.CODE
                            	.public _printf_init
                            	_printf_init:	.proc
0000045B                    	.debug
0000045B 2E 00 73 00        		.dw '.stabn 0x44,0,27,',0,0
         74 00 61 00
         62 00 6E 00
         20 00 30 00
         78 00 34 00
         34 00 2C 00
         30 00 2C 00
         32 00 37 00
         2C 00 00 00
         00 00      
0000046E 00 00 00 00        		.dd LM1-_printf_init
00000470 0D 00 0A 00        		.dw 0x0d,0x0a
00000002                    	.code
                            	LM1:
                            		// total=0, vars=0
                            		// frame_pointer_needed: 1
00000472                    	.debug
00000472 2E 00 73 00        		.dw '.stabn 0xa6,0,0,0',0x0d, 0x0a
         74 00 61 00
         62 00 6E 00
         20 00 30 00
         78 00 61 00
         36 00 2C 00
         30 00 2C 00
         30 00 2C 00
         30 00 0D 00
         0A 00      
00000002                    	.code
00000002 88 DA              		PUSH BP to [SP]
00000003 08 0B 01 00        		BP=SP+1
                            	
00000005 0D 03 03 00        		R1=BP+3
00000485                    	.debug
00000485 2E 00 73 00        		.dw '.stabn 0x44,0,28,',0,0
         74 00 61 00
         62 00 6E 00
         20 00 30 00
         78 00 34 00
         34 00 2C 00
         30 00 2C 00
         32 00 38 00
         2C 00 00 00
         00 00      
00000498 05 00 00 00        		.dd LM2-_printf_init
0000049A 0D 00 0A 00        		.dw 0x0d,0x0a
00000007                    	.code
                            	LM2:
00000007 0F 9F 09 00        		PC=L2	// jump
0000049C                    	.debug
0000049C 2E 00 73 00        		.dw '.stabn 0x44,0,29,',0,0
         74 00 61 00
         62 00 6E 00
         20 00 30 00
         78 00 34 00
         34 00 2C 00
         30 00 2C 00
         32 00 39 00
         2C 00 00 00
         00 00      
000004AF 07 00 00 00        		.dd LM3-_printf_init
000004B1 0D 00 0A 00        		.dw 0x0d,0x0a
00000009                    	.code
                            	LM3:
000004B3                    	.debug
000004B3 2E 00 73 00        		.dw '.stabn 0x44,0,29,',0,0
         74 00 61 00
         62 00 6E 00
         20 00 30 00
         78 00 34 00
         34 00 2C 00
         30 00 2C 00
         32 00 39 00
         2C 00 00 00
         00 00      
000004C6 07 00 00 00        		.dd LM4-_printf_init
000004C8 0D 00 0A 00        		.dw 0x0d,0x0a
00000009                    	.code
                            	LM4:
                            	L2:
                            	
00000009 88 98              		POP BP from [SP]
0000000A 90 9A              		RETF
                            		.endp	// end of printf_init
                            	
000004CA                    	.debug
000004CA 2E 00 73 00        		.dw '.stabs "x:p1",160,0,0,3',0x0d,0x0a
         74 00 61 00
         62 00 73 00
         20 00 22 00
         78 00 3A 00
         70 00 31 00
         22 00 2C 00
         31 00 36 00
         30 00 2C 00
         30 00 2C 00
         30 00 2C 00
         33 00 0D 00
         0A 00      
0000000B                    	.CODE
000004E3                    	.debug
000004E3 2E 00 73 00        		.dw '.stabf ',0,0
         74 00 61 00
         62 00 66 00
         20 00 00 00
         00 00      
000004EC 09 00 00 00        		.dd LME1-_printf_init
000004EE 0D 00 0A 00        		.dw 0x0d,0x0a
0000000B                    	.code
                            	LME1:
0000000B                    	.code
000004F0                    	.debug
000004F0 2E 00 73 00        		.dw '.stabs "printf_end:F19",36,0,0,',0,0,offset _printf_end,seg _printf_end,0x0d,0x0a
         74 00 61 00
         62 00 73 00
         20 00 22 00
         70 00 72 00
         69 00 6E 00
         74 00 66 00
         5F 00 65 00
         6E 00 64 00
         3A 00 46 00
         31 00 39 00
         22 00 2C 00
         33 00 36 00
         2C 00 30 00
         2C 00 30 00
         2C 00 00 00
         00 00 0B 00
         00 00 0D 00
         0A 00      
0000000B                    	.CODE
                            	.public _printf_end
                            	_printf_end:	.proc
00000515                    	.debug
00000515 2E 00 73 00        		.dw '.stabn 0x44,0,31,',0,0
         74 00 61 00
         62 00 6E 00
         20 00 30 00
         78 00 34 00
         34 00 2C 00
         30 00 2C 00
         33 00 31 00
         2C 00 00 00
         00 00      
00000528 00 00 00 00        		.dd LM5-_printf_end
0000052A 0D 00 0A 00        		.dw 0x0d,0x0a
0000000B                    	.code
                            	LM5:
                            		// total=0, vars=0
                            		// frame_pointer_needed: 1
0000052C                    	.debug
0000052C 2E 00 73 00        		.dw '.stabn 0xa6,0,0,0',0x0d, 0x0a
         74 00 61 00
         62 00 6E 00
         20 00 30 00
         78 00 61 00
         36 00 2C 00
         30 00 2C 00
         30 00 2C 00
         30 00 0D 00
         0A 00      
0000000B                    	.code
0000000B 88 DA              		PUSH BP to [SP]
0000000C 08 0B 01 00        		BP=SP+1
                            	
0000000E 0D 03 03 00        		R1=BP+3
0000053F                    	.debug
0000053F 2E 00 73 00        		.dw '.stabn 0x44,0,32,',0,0
         74 00 61 00
         62 00 6E 00
         20 00 30 00
         78 00 34 00
         34 00 2C 00
         30 00 2C 00
         33 00 32 00
         2C 00 00 00
         00 00      
00000552 05 00 00 00        		.dd LM6-_printf_end
00000554 0D 00 0A 00        		.dw 0x0d,0x0a
00000010                    	.code
                            	LM6:
00000010 0F 9F 12 00        		PC=L3	// jump
00000556                    	.debug
00000556 2E 00 73 00        		.dw '.stabn 0x44,0,33,',0,0
         74 00 61 00
         62 00 6E 00
         20 00 30 00
         78 00 34 00
         34 00 2C 00
         30 00 2C 00
         33 00 33 00
         2C 00 00 00
         00 00      
00000569 07 00 00 00        		.dd LM7-_printf_end
0000056B 0D 00 0A 00        		.dw 0x0d,0x0a
00000012                    	.code
                            	LM7:
0000056D                    	.debug
0000056D 2E 00 73 00        		.dw '.stabn 0x44,0,33,',0,0
         74 00 61 00
         62 00 6E 00
         20 00 30 00
         78 00 34 00
         34 00 2C 00
         30 00 2C 00
         33 00 33 00
         2C 00 00 00
         00 00      
00000580 07 00 00 00        		.dd LM8-_printf_end
00000582 0D 00 0A 00        		.dw 0x0d,0x0a
00000012                    	.code
                            	LM8:
                            	L3:
                            	
00000012 88 98              		POP BP from [SP]
00000013 90 9A              		RETF
                            		.endp	// end of printf_end
                            	
00000584                    	.debug
00000584 2E 00 73 00        		.dw '.stabf ',0,0
         74 00 61 00
         62 00 66 00
         20 00 00 00
         00 00      
0000058D 09 00 00 00        		.dd LME2-_printf_end
0000058F 0D 00 0A 00        		.dw 0x0d,0x0a
00000014                    	.code
                            	LME2:
00000014                    	.code
00000591                    	.debug
00000591 2E 00 73 00        		.dw '.stabs "putchar:F1",36,0,0,',0,0,offset _putchar,seg _putchar,0x0d,0x0a
         74 00 61 00
         62 00 73 00
         20 00 22 00
         70 00 75 00
         74 00 63 00
         68 00 61 00
         72 00 3A 00
         46 00 31 00
         22 00 2C 00
         33 00 36 00
         2C 00 30 00
         2C 00 30 00
         2C 00 00 00
         00 00 14 00
         00 00 0D 00
         0A 00      
00000014                    	.CODE
                            	.public _putchar
                            	_putchar:	.proc
000005B2                    	.debug
000005B2 2E 00 73 00        		.dw '.stabn 0x44,0,38,',0,0
         74 00 61 00
         62 00 6E 00
         20 00 30 00
         78 00 34 00
         34 00 2C 00
         30 00 2C 00
         33 00 38 00
         2C 00 00 00
         00 00      
000005C5 00 00 00 00        		.dd LM9-_putchar
000005C7 0D 00 0A 00        		.dw 0x0d,0x0a
00000014                    	.code
                            	LM9:
                            		// total=0, vars=0
                            		// frame_pointer_needed: 1
000005C9                    	.debug
000005C9 2E 00 73 00        		.dw '.stabn 0xa6,0,0,0',0x0d, 0x0a
         74 00 61 00
         62 00 6E 00
         20 00 30 00
         78 00 61 00
         36 00 2C 00
         30 00 2C 00
         30 00 2C 00
         30 00 0D 00
         0A 00      
00000014                    	.code
00000014 88 DA              		PUSH BP to [SP]
00000015 08 0B 01 00        		BP=SP+1
                            	
00000017 0D 05 03 00        		R2=BP+3
000005DC                    	.debug
000005DC 2E 00 73 00        		.dw '.stabn 0x44,0,39,',0,0
         74 00 61 00
         62 00 6E 00
         20 00 30 00
         78 00 34 00
         34 00 2C 00
         30 00 2C 00
         33 00 39 00
         2C 00 00 00
         00 00      
000005EF 05 00 00 00        		.dd LM10-_putchar
000005F1 0D 00 0A 00        		.dw 0x0d,0x0a
00000019                    	.code
                            	LM10:
00000019 02 93              		R1=R2	// QImode move
0000001A C1 96              		R3=[R1]	// QImode move
0000001B 03 93              		R1=R3	// QImode move
0000001C 0F 9F 1E 00        		PC=L4	// jump
000005F3                    	.debug
000005F3 2E 00 73 00        		.dw '.stabn 0x44,0,40,',0,0
         74 00 61 00
         62 00 6E 00
         20 00 30 00
         78 00 34 00
         34 00 2C 00
         30 00 2C 00
         34 00 30 00
         2C 00 00 00
         00 00      
00000606 0A 00 00 00        		.dd LM11-_putchar
00000608 0D 00 0A 00        		.dw 0x0d,0x0a
0000001E                    	.code
                            	LM11:
0000060A                    	.debug
0000060A 2E 00 73 00        		.dw '.stabn 0x44,0,40,',0,0
         74 00 61 00
         62 00 6E 00
         20 00 30 00
         78 00 34 00
         34 00 2C 00
         30 00 2C 00
         34 00 30 00
         2C 00 00 00
         00 00      
0000061D 0A 00 00 00        		.dd LM12-_putchar
0000061F 0D 00 0A 00        		.dw 0x0d,0x0a
0000001E                    	.code
                            	LM12:
                            	L4:
                            	
0000001E 88 98              		POP BP from [SP]
0000001F 90 9A              		RETF
                            		.endp	// end of putchar
                            	
00000621                    	.debug
00000621 2E 00 73 00        		.dw '.stabs "c:p1",160,0,0,3',0x0d,0x0a
         74 00 61 00
         62 00 73 00
         20 00 22 00
         63 00 3A 00
         70 00 31 00
         22 00 2C 00
         31 00 36 00
         30 00 2C 00
         30 00 2C 00
         30 00 2C 00
         33 00 0D 00
         0A 00      
00000020                    	.CODE
0000063A                    	.debug
0000063A 2E 00 73 00        		.dw '.stabf ',0,0
         74 00 61 00
         62 00 66 00
         20 00 00 00
         00 00      
00000643 0C 00 00 00        		.dd LME3-_putchar
00000645 0D 00 0A 00        		.dw 0x0d,0x0a
00000020                    	.code
                            	LME3:
00000020                    	.code
00000647                    	.debug
00000647 2E 00 73 00        		.dw '.stabs "_malloc_lock:F19",36,0,0,',0,0,offset __malloc_lock,seg __malloc_lock,0x0d,0x0a
         74 00 61 00
         62 00 73 00
         20 00 22 00
         5F 00 6D 00
         61 00 6C 00
         6C 00 6F 00
         63 00 5F 00
         6C 00 6F 00
         63 00 6B 00
         3A 00 46 00
         31 00 39 00
         22 00 2C 00
         33 00 36 00
         2C 00 30 00
         2C 00 30 00
         2C 00 00 00
         00 00 20 00
         00 00 0D 00
         0A 00      
00000020                    	.CODE
                            	.public __malloc_lock
                            	__malloc_lock:	.proc
0000066E                    	.debug
0000066E 2E 00 73 00        		.dw '.stabn 0x44,0,45,',0,0
         74 00 61 00
         62 00 6E 00
         20 00 30 00
         78 00 34 00
         34 00 2C 00
         30 00 2C 00
         34 00 35 00
         2C 00 00 00
         00 00      
00000681 00 00 00 00        		.dd LM13-__malloc_lock
00000683 0D 00 0A 00        		.dw 0x0d,0x0a
00000020                    	.code
                            	LM13:
                            		// total=0, vars=0
                            		// frame_pointer_needed: 1
00000685                    	.debug
00000685 2E 00 73 00        		.dw '.stabn 0xa6,0,0,0',0x0d, 0x0a
         74 00 61 00
         62 00 6E 00
         20 00 30 00
         78 00 61 00
         36 00 2C 00
         30 00 2C 00
         30 00 2C 00
         30 00 0D 00
         0A 00      
00000020                    	.code
00000020 88 DA              		PUSH BP to [SP]
00000021 08 0B 01 00        		BP=SP+1
                            	
00000023 0D 03 03 00        		R1=BP+3
00000698                    	.debug
00000698 2E 00 73 00        		.dw '.stabn 0x44,0,46,',0,0
         74 00 61 00
         62 00 6E 00
         20 00 30 00
         78 00 34 00
         34 00 2C 00
         30 00 2C 00
         34 00 36 00
         2C 00 00 00
         00 00      
000006AB 05 00 00 00        		.dd LM14-__malloc_lock
000006AD 0D 00 0A 00        		.dw 0x0d,0x0a
00000025                    	.code
                            	LM14:
00000025 0F 9F 27 00        		PC=L5	// jump
000006AF                    	.debug
000006AF 2E 00 73 00        		.dw '.stabn 0x44,0,47,',0,0
         74 00 61 00
         62 00 6E 00
         20 00 30 00
         78 00 34 00
         34 00 2C 00
         30 00 2C 00
         34 00 37 00
         2C 00 00 00
         00 00      
000006C2 07 00 00 00        		.dd LM15-__malloc_lock
000006C4 0D 00 0A 00        		.dw 0x0d,0x0a
00000027                    	.code
                            	LM15:
000006C6                    	.debug
000006C6 2E 00 73 00        		.dw '.stabn 0x44,0,47,',0,0
         74 00 61 00
         62 00 6E 00
         20 00 30 00
         78 00 34 00
         34 00 2C 00
         30 00 2C 00
         34 00 37 00
         2C 00 00 00
         00 00      
000006D9 07 00 00 00        		.dd LM16-__malloc_lock
000006DB 0D 00 0A 00        		.dw 0x0d,0x0a
00000027                    	.code
                            	LM16:
                            	L5:
                            	
00000027 88 98              		POP BP from [SP]
00000028 90 9A              		RETF
                            		.endp	// end of _malloc_lock
                            	
000006DD                    	.debug
000006DD 2E 00 73 00        		.dw '.stabf ',0,0
         74 00 61 00
         62 00 66 00
         20 00 00 00
         00 00      
000006E6 09 00 00 00        		.dd LME4-__malloc_lock
000006E8 0D 00 0A 00        		.dw 0x0d,0x0a
00000029                    	.code
                            	LME4:
00000029                    	.code
000006EA                    	.debug
000006EA 2E 00 73 00        		.dw '.stabs "_malloc_unlock:F19",36,0,0,',0,0,offset __malloc_unlock,seg __malloc_unlock,0x0d,0x0a
         74 00 61 00
         62 00 73 00
         20 00 22 00
         5F 00 6D 00
         61 00 6C 00
         6C 00 6F 00
         63 00 5F 00
         75 00 6E 00
         6C 00 6F 00
         63 00 6B 00
         3A 00 46 00
         31 00 39 00
         22 00 2C 00
         33 00 36 00
         2C 00 30 00
         2C 00 30 00
         2C 00 00 00
         00 00 29 00
         00 00 0D 00
         0A 00      
00000029                    	.CODE
                            	.public __malloc_unlock
                            	__malloc_unlock:	.proc
00000713                    	.debug
00000713 2E 00 73 00        		.dw '.stabn 0x44,0,49,',0,0
         74 00 61 00
         62 00 6E 00
         20 00 30 00
         78 00 34 00
         34 00 2C 00
         30 00 2C 00
         34 00 39 00
         2C 00 00 00
         00 00      
00000726 00 00 00 00        		.dd LM17-__malloc_unlock
00000728 0D 00 0A 00        		.dw 0x0d,0x0a
00000029                    	.code
                            	LM17:
                            		// total=0, vars=0
                            		// frame_pointer_needed: 1
0000072A                    	.debug
0000072A 2E 00 73 00        		.dw '.stabn 0xa6,0,0,0',0x0d, 0x0a
         74 00 61 00
         62 00 6E 00
         20 00 30 00
         78 00 61 00
         36 00 2C 00
         30 00 2C 00
         30 00 2C 00
         30 00 0D 00
         0A 00      
00000029                    	.code
00000029 88 DA              		PUSH BP to [SP]
0000002A 08 0B 01 00        		BP=SP+1
                            	
0000002C 0D 03 03 00        		R1=BP+3
0000073D                    	.debug
0000073D 2E 00 73 00        		.dw '.stabn 0x44,0,50,',0,0
         74 00 61 00
         62 00 6E 00
         20 00 30 00
         78 00 34 00
         34 00 2C 00
         30 00 2C 00
         35 00 30 00
         2C 00 00 00
         00 00      
00000750 05 00 00 00        		.dd LM18-__malloc_unlock
00000752 0D 00 0A 00        		.dw 0x0d,0x0a
0000002E                    	.code
                            	LM18:
0000002E 0F 9F 30 00        		PC=L6	// jump
00000754                    	.debug
00000754 2E 00 73 00        		.dw '.stabn 0x44,0,51,',0,0
         74 00 61 00
         62 00 6E 00
         20 00 30 00
         78 00 34 00
         34 00 2C 00
         30 00 2C 00
         35 00 31 00
         2C 00 00 00
         00 00      
00000767 07 00 00 00        		.dd LM19-__malloc_unlock
00000769 0D 00 0A 00        		.dw 0x0d,0x0a
00000030                    	.code
                            	LM19:
0000076B                    	.debug
0000076B 2E 00 73 00        		.dw '.stabn 0x44,0,51,',0,0
         74 00 61 00
         62 00 6E 00
         20 00 30 00
         78 00 34 00
         34 00 2C 00
         30 00 2C 00
         35 00 31 00
         2C 00 00 00
         00 00      
0000077E 07 00 00 00        		.dd LM20-__malloc_unlock
00000780 0D 00 0A 00        		.dw 0x0d,0x0a
00000030                    	.code
                            	LM20:
                            	L6:
                            	
00000030 88 98              		POP BP from [SP]
00000031 90 9A              		RETF
                            		.endp	// end of _malloc_unlock
                            	
00000782                    	.debug
00000782 2E 00 73 00        		.dw '.stabf ',0,0
         74 00 61 00
         62 00 66 00
         20 00 00 00
         00 00      
0000078B 09 00 00 00        		.dd LME5-__malloc_unlock
0000078D 0D 00 0A 00        		.dw 0x0d,0x0a
00000032                    	.code
                            	LME5:
                            		.end
0 error(s), 0 warning(s).
