Sunplus u'nSP Assembler - Ver. 1.14.12
              Listing File Has Been Relocated
                            	// GCC for SUNPLUS u'nSP version 1.0.23
                            	// Command: D:\PROGRA~1\Sunplus\UNSPID~1.2D\toolchain\cc1.exe C:\Users\geeknimo\AppData\Local\Temp\ccANcaaa.i -fkeep-inline-functions -quiet -dumpbase main.c -mglobal-var-iram -gstabs -Wall -o .\Debug/main.asm
                            		.external __sn_func_ptr_sec
                            	
                            	// gcc2_compiled.:
                            	
00000000                    	.debug
00000000 2E 00 73 00        		.dw '.stabs "F:/Code/geeknimo/MCU/SPEC061A/BSR/",0x64,0,3,',0,0,offset Ltext0,seg Ltext0,0x0d,0x0a
         74 00 61 00
         62 00 73 00
         20 00 22 00
         46 00 3A 00
         2F 00 43 00
         6F 00 64 00
         65 00 2F 00
         67 00 65 00
         65 00 6B 00
         6E 00 69 00
         6D 00 6F 00
         2F 00 4D 00
         43 00 55 00
         2F 00 53 00
         50 00 45 00
         43 00 30 00
         36 00 31 00
         41 00 2F 00
         42 00 53 00
         52 00 2F 00
         22 00 2C 00
         30 00 78 00
         36 00 34 00
         2C 00 30 00
         2C 00 33 00
         2C 00 00 00
         00 00 00 00
         00 00 0D 00
         0A 00      
0000B394                    	.code
0000003B                    	.debug
0000003B 2E 00 73 00        		.dw '.stabs "F:/Code/geeknimo/MCU/SPEC061A/BSR/main.c",0x64,0,3,',0,0,offset Ltext0,seg Ltext0,0x0d,0x0a
         74 00 61 00
         62 00 73 00
         20 00 22 00
         46 00 3A 00
         2F 00 43 00
         6F 00 64 00
         65 00 2F 00
         67 00 65 00
         65 00 6B 00
         6E 00 69 00
         6D 00 6F 00
         2F 00 4D 00
         43 00 55 00
         2F 00 53 00
         50 00 45 00
         43 00 30 00
         36 00 31 00
         41 00 2F 00
         42 00 53 00
         52 00 2F 00
         6D 00 61 00
         69 00 6E 00
         2E 00 63 00
         22 00 2C 00
         30 00 78 00
         36 00 34 00
         2C 00 30 00
         2C 00 33 00
         2C 00 00 00
         00 00 00 00
         00 00 0D 00
         0A 00      
0000B394                    	.code
0000B394                    	.code
                            	Ltext0:
0000007C                    	.debug
0000007C 2E 00 73 00        		.dw '.stabs "int:t1=r1;-32768;32767;",128,0,0,0',0x0d,0x0a
         74 00 61 00
         62 00 73 00
         20 00 22 00
         69 00 6E 00
         74 00 3A 00
         74 00 31 00
         3D 00 72 00
         31 00 3B 00
         2D 00 33 00
         32 00 37 00
         36 00 38 00
         3B 00 33 00
         32 00 37 00
         36 00 37 00
         3B 00 22 00
         2C 00 31 00
         32 00 38 00
         2C 00 30 00
         2C 00 30 00
         2C 00 30 00
         0D 00 0A 00
0000B394                    	.CODE
000000A8                    	.debug
000000A8 2E 00 73 00        		.dw '.stabs "char:t2=r2;0;127;",128,0,0,0',0x0d,0x0a
         74 00 61 00
         62 00 73 00
         20 00 22 00
         63 00 68 00
         61 00 72 00
         3A 00 74 00
         32 00 3D 00
         72 00 32 00
         3B 00 30 00
         3B 00 31 00
         32 00 37 00
         3B 00 22 00
         2C 00 31 00
         32 00 38 00
         2C 00 30 00
         2C 00 30 00
         2C 00 30 00
         0D 00 0A 00
0000B394                    	.CODE
000000CE                    	.debug
000000CE 2E 00 73 00        		.dw '.stabs "long int:t3=r3;-2147483648;2147483647;",128,0,0,0',0x0d,0x0a
         74 00 61 00
         62 00 73 00
         20 00 22 00
         6C 00 6F 00
         6E 00 67 00
         20 00 69 00
         6E 00 74 00
         3A 00 74 00
         33 00 3D 00
         72 00 33 00
         3B 00 2D 00
         32 00 31 00
         34 00 37 00
         34 00 38 00
         33 00 36 00
         34 00 38 00
         3B 00 32 00
         31 00 34 00
         37 00 34 00
         38 00 33 00
         36 00 34 00
         37 00 3B 00
         22 00 2C 00
         31 00 32 00
         38 00 2C 00
         30 00 2C 00
         30 00 2C 00
         30 00 0D 00
         0A 00      
0000B394                    	.CODE
00000109                    	.debug
00000109 2E 00 73 00        		.dw '.stabs "unsigned int:t4=r4;0;65535;",128,0,0,0',0x0d,0x0a
         74 00 61 00
         62 00 73 00
         20 00 22 00
         75 00 6E 00
         73 00 69 00
         67 00 6E 00
         65 00 64 00
         20 00 69 00
         6E 00 74 00
         3A 00 74 00
         34 00 3D 00
         72 00 34 00
         3B 00 30 00
         3B 00 36 00
         35 00 35 00
         33 00 35 00
         3B 00 22 00
         2C 00 31 00
         32 00 38 00
         2C 00 30 00
         2C 00 30 00
         2C 00 30 00
         0D 00 0A 00
0000B394                    	.CODE
00000139                    	.debug
00000139 2E 00 73 00        		.dw '.stabs "long unsigned int:t5=r5;0;4294967295;",128,0,0,0',0x0d,0x0a
         74 00 61 00
         62 00 73 00
         20 00 22 00
         6C 00 6F 00
         6E 00 67 00
         20 00 75 00
         6E 00 73 00
         69 00 67 00
         6E 00 65 00
         64 00 20 00
         69 00 6E 00
         74 00 3A 00
         74 00 35 00
         3D 00 72 00
         35 00 3B 00
         30 00 3B 00
         34 00 32 00
         39 00 34 00
         39 00 36 00
         37 00 32 00
         39 00 35 00
         3B 00 22 00
         2C 00 31 00
         32 00 38 00
         2C 00 30 00
         2C 00 30 00
         2C 00 30 00
         0D 00 0A 00
0000B394                    	.CODE
00000173                    	.debug
00000173 2E 00 73 00        		.dw '.stabs "long long int:t6=r6;-2147483648;2147483647;",128,0,0,0',0x0d,0x0a
         74 00 61 00
         62 00 73 00
         20 00 22 00
         6C 00 6F 00
         6E 00 67 00
         20 00 6C 00
         6F 00 6E 00
         67 00 20 00
         69 00 6E 00
         74 00 3A 00
         74 00 36 00
         3D 00 72 00
         36 00 3B 00
         2D 00 32 00
         31 00 34 00
         37 00 34 00
         38 00 33 00
         36 00 34 00
         38 00 3B 00
         32 00 31 00
         34 00 37 00
         34 00 38 00
         33 00 36 00
         34 00 37 00
         3B 00 22 00
         2C 00 31 00
         32 00 38 00
         2C 00 30 00
         2C 00 30 00
         2C 00 30 00
         0D 00 0A 00
0000B394                    	.CODE
000001B3                    	.debug
000001B3 2E 00 73 00        		.dw '.stabs "long long unsigned int:t7=r7;0;4294967295;",128,0,0,0',0x0d,0x0a
         74 00 61 00
         62 00 73 00
         20 00 22 00
         6C 00 6F 00
         6E 00 67 00
         20 00 6C 00
         6F 00 6E 00
         67 00 20 00
         75 00 6E 00
         73 00 69 00
         67 00 6E 00
         65 00 64 00
         20 00 69 00
         6E 00 74 00
         3A 00 74 00
         37 00 3D 00
         72 00 37 00
         3B 00 30 00
         3B 00 34 00
         32 00 39 00
         34 00 39 00
         36 00 37 00
         32 00 39 00
         35 00 3B 00
         22 00 2C 00
         31 00 32 00
         38 00 2C 00
         30 00 2C 00
         30 00 2C 00
         30 00 0D 00
         0A 00      
0000B394                    	.CODE
000001F2                    	.debug
000001F2 2E 00 73 00        		.dw '.stabs "short int:t8=r8;-32768;32767;",128,0,0,0',0x0d,0x0a
         74 00 61 00
         62 00 73 00
         20 00 22 00
         73 00 68 00
         6F 00 72 00
         74 00 20 00
         69 00 6E 00
         74 00 3A 00
         74 00 38 00
         3D 00 72 00
         38 00 3B 00
         2D 00 33 00
         32 00 37 00
         36 00 38 00
         3B 00 33 00
         32 00 37 00
         36 00 37 00
         3B 00 22 00
         2C 00 31 00
         32 00 38 00
         2C 00 30 00
         2C 00 30 00
         2C 00 30 00
         0D 00 0A 00
0000B394                    	.CODE
00000224                    	.debug
00000224 2E 00 73 00        		.dw '.stabs "short unsigned int:t9=r9;0;65535;",128,0,0,0',0x0d,0x0a
         74 00 61 00
         62 00 73 00
         20 00 22 00
         73 00 68 00
         6F 00 72 00
         74 00 20 00
         75 00 6E 00
         73 00 69 00
         67 00 6E 00
         65 00 64 00
         20 00 69 00
         6E 00 74 00
         3A 00 74 00
         39 00 3D 00
         72 00 39 00
         3B 00 30 00
         3B 00 36 00
         35 00 35 00
         33 00 35 00
         3B 00 22 00
         2C 00 31 00
         32 00 38 00
         2C 00 30 00
         2C 00 30 00
         2C 00 30 00
         0D 00 0A 00
0000B394                    	.CODE
0000025A                    	.debug
0000025A 2E 00 73 00        		.dw '.stabs "signed char:t10=r10;-32768;32767;",128,0,0,0',0x0d,0x0a
         74 00 61 00
         62 00 73 00
         20 00 22 00
         73 00 69 00
         67 00 6E 00
         65 00 64 00
         20 00 63 00
         68 00 61 00
         72 00 3A 00
         74 00 31 00
         30 00 3D 00
         72 00 31 00
         30 00 3B 00
         2D 00 33 00
         32 00 37 00
         36 00 38 00
         3B 00 33 00
         32 00 37 00
         36 00 37 00
         3B 00 22 00
         2C 00 31 00
         32 00 38 00
         2C 00 30 00
         2C 00 30 00
         2C 00 30 00
         0D 00 0A 00
0000B394                    	.CODE
00000290                    	.debug
00000290 2E 00 73 00        		.dw '.stabs "unsigned char:t11=r11;0;65535;",128,0,0,0',0x0d,0x0a
         74 00 61 00
         62 00 73 00
         20 00 22 00
         75 00 6E 00
         73 00 69 00
         67 00 6E 00
         65 00 64 00
         20 00 63 00
         68 00 61 00
         72 00 3A 00
         74 00 31 00
         31 00 3D 00
         72 00 31 00
         31 00 3B 00
         30 00 3B 00
         36 00 35 00
         35 00 33 00
         35 00 3B 00
         22 00 2C 00
         31 00 32 00
         38 00 2C 00
         30 00 2C 00
         30 00 2C 00
         30 00 0D 00
         0A 00      
0000B394                    	.CODE
000002C3                    	.debug
000002C3 2E 00 73 00        		.dw '.stabs "float:t12=r1;2;0;",128,0,0,0',0x0d,0x0a
         74 00 61 00
         62 00 73 00
         20 00 22 00
         66 00 6C 00
         6F 00 61 00
         74 00 3A 00
         74 00 31 00
         32 00 3D 00
         72 00 31 00
         3B 00 32 00
         3B 00 30 00
         3B 00 22 00
         2C 00 31 00
         32 00 38 00
         2C 00 30 00
         2C 00 30 00
         2C 00 30 00
         0D 00 0A 00
0000B394                    	.CODE
000002E9                    	.debug
000002E9 2E 00 73 00        		.dw '.stabs "double:t13=r1;2;0;",128,0,0,0',0x0d,0x0a
         74 00 61 00
         62 00 73 00
         20 00 22 00
         64 00 6F 00
         75 00 62 00
         6C 00 65 00
         3A 00 74 00
         31 00 33 00
         3D 00 72 00
         31 00 3B 00
         32 00 3B 00
         30 00 3B 00
         22 00 2C 00
         31 00 32 00
         38 00 2C 00
         30 00 2C 00
         30 00 2C 00
         30 00 0D 00
         0A 00      
0000B394                    	.CODE
00000310                    	.debug
00000310 2E 00 73 00        		.dw '.stabs "long double:t14=r1;2;0;",128,0,0,0',0x0d,0x0a
         74 00 61 00
         62 00 73 00
         20 00 22 00
         6C 00 6F 00
         6E 00 67 00
         20 00 64 00
         6F 00 75 00
         62 00 6C 00
         65 00 3A 00
         74 00 31 00
         34 00 3D 00
         72 00 31 00
         3B 00 32 00
         3B 00 30 00
         3B 00 22 00
         2C 00 31 00
         32 00 38 00
         2C 00 30 00
         2C 00 30 00
         2C 00 30 00
         0D 00 0A 00
0000B394                    	.CODE
0000033C                    	.debug
0000033C 2E 00 73 00        		.dw '.stabs "complex int:t15=s2real:1,0,16;imag:1,16,16;;",128,0,0,0',0x0d,0x0a
         74 00 61 00
         62 00 73 00
         20 00 22 00
         63 00 6F 00
         6D 00 70 00
         6C 00 65 00
         78 00 20 00
         69 00 6E 00
         74 00 3A 00
         74 00 31 00
         35 00 3D 00
         73 00 32 00
         72 00 65 00
         61 00 6C 00
         3A 00 31 00
         2C 00 30 00
         2C 00 31 00
         36 00 3B 00
         69 00 6D 00
         61 00 67 00
         3A 00 31 00
         2C 00 31 00
         36 00 2C 00
         31 00 36 00
         3B 00 3B 00
         22 00 2C 00
         31 00 32 00
         38 00 2C 00
         30 00 2C 00
         30 00 2C 00
         30 00 0D 00
         0A 00      
0000B394                    	.CODE
0000037D                    	.debug
0000037D 2E 00 73 00        		.dw '.stabs "complex float:t16=r16;2;0;",128,0,0,0',0x0d,0x0a
         74 00 61 00
         62 00 73 00
         20 00 22 00
         63 00 6F 00
         6D 00 70 00
         6C 00 65 00
         78 00 20 00
         66 00 6C 00
         6F 00 61 00
         74 00 3A 00
         74 00 31 00
         36 00 3D 00
         72 00 31 00
         36 00 3B 00
         32 00 3B 00
         30 00 3B 00
         22 00 2C 00
         31 00 32 00
         38 00 2C 00
         30 00 2C 00
         30 00 2C 00
         30 00 0D 00
         0A 00      
0000B394                    	.CODE
000003AC                    	.debug
000003AC 2E 00 73 00        		.dw '.stabs "complex double:t17=r17;2;0;",128,0,0,0',0x0d,0x0a
         74 00 61 00
         62 00 73 00
         20 00 22 00
         63 00 6F 00
         6D 00 70 00
         6C 00 65 00
         78 00 20 00
         64 00 6F 00
         75 00 62 00
         6C 00 65 00
         3A 00 74 00
         31 00 37 00
         3D 00 72 00
         31 00 37 00
         3B 00 32 00
         3B 00 30 00
         3B 00 22 00
         2C 00 31 00
         32 00 38 00
         2C 00 30 00
         2C 00 30 00
         2C 00 30 00
         0D 00 0A 00
0000B394                    	.CODE
000003DC                    	.debug
000003DC 2E 00 73 00        		.dw '.stabs "complex long double:t18=r18;2;0;",128,0,0,0',0x0d,0x0a
         74 00 61 00
         62 00 73 00
         20 00 22 00
         63 00 6F 00
         6D 00 70 00
         6C 00 65 00
         78 00 20 00
         6C 00 6F 00
         6E 00 67 00
         20 00 64 00
         6F 00 75 00
         62 00 6C 00
         65 00 3A 00
         74 00 31 00
         38 00 3D 00
         72 00 31 00
         38 00 3B 00
         32 00 3B 00
         30 00 3B 00
         22 00 2C 00
         31 00 32 00
         38 00 2C 00
         30 00 2C 00
         30 00 2C 00
         30 00 0D 00
         0A 00      
0000B394                    	.CODE
00000411                    	.debug
00000411 2E 00 73 00        		.dw '.stabs "void:t19=19",128,0,0,0',0x0d,0x0a
         74 00 61 00
         62 00 73 00
         20 00 22 00
         76 00 6F 00
         69 00 64 00
         3A 00 74 00
         31 00 39 00
         3D 00 31 00
         39 00 22 00
         2C 00 31 00
         32 00 38 00
         2C 00 30 00
         2C 00 30 00
         2C 00 30 00
         0D 00 0A 00
0000B394                    	.CODE
                            	.public _gActivated
0000047D                    	.iram
                            	_gActivated:
0000047D 00 00              		.dw 0
00000431                    	.debug
00000431 2E 00 73 00        		.dw '.stabs "gActivated:G1",32,0,0,',0,0,offset _gActivated,seg _gActivated,0x0d,0x0a
         74 00 61 00
         62 00 73 00
         20 00 22 00
         67 00 41 00
         63 00 74 00
         69 00 76 00
         61 00 74 00
         65 00 64 00
         3A 00 47 00
         31 00 22 00
         2C 00 33 00
         32 00 2C 00
         30 00 2C 00
         30 00 2C 00
         00 00 00 00
         00 00 00 00
         0D 00 0A 00
0000B394                    	.CODE
                            	.public _gTriggerRespond
0000047E                    	.iram
                            	_gTriggerRespond:
0000047E 09 00              		.dw 9
0000047F 0A 00              		.dw 10
00000480 09 00              		.dw 9
00000455                    	.debug
00000455 2E 00 73 00        		.dw '.stabs "gTriggerRespond:G20=ar1;0;2;1",32,0,0,',0,0,offset _gTriggerRespond,seg _gTriggerRespond,0x0d,0x0a
         74 00 61 00
         62 00 73 00
         20 00 22 00
         67 00 54 00
         72 00 69 00
         67 00 67 00
         65 00 72 00
         52 00 65 00
         73 00 70 00
         6F 00 6E 00
         64 00 3A 00
         47 00 32 00
         30 00 3D 00
         61 00 72 00
         31 00 3B 00
         30 00 3B 00
         32 00 3B 00
         31 00 22 00
         2C 00 33 00
         32 00 2C 00
         30 00 2C 00
         30 00 2C 00
         00 00 00 00
         01 00 00 00
         0D 00 0A 00
0000B394                    	.CODE
                            	.public _gComm2Respond
00000481                    	.iram
                            	_gComm2Respond:
00000481 0B 00              		.dw 11
00000482 0C 00              		.dw 12
00000483 0D 00              		.dw 13
00000489                    	.debug
00000489 2E 00 73 00        		.dw '.stabs "gComm2Respond:G21=ar1;0;2;1",32,0,0,',0,0,offset _gComm2Respond,seg _gComm2Respond,0x0d,0x0a
         74 00 61 00
         62 00 73 00
         20 00 22 00
         67 00 43 00
         6F 00 6D 00
         6D 00 32 00
         52 00 65 00
         73 00 70 00
         6F 00 6E 00
         64 00 3A 00
         47 00 32 00
         31 00 3D 00
         61 00 72 00
         31 00 3B 00
         30 00 3B 00
         32 00 3B 00
         31 00 22 00
         2C 00 33 00
         32 00 2C 00
         30 00 2C 00
         30 00 2C 00
         00 00 00 00
         04 00 00 00
         0D 00 0A 00
0000B394                    	.CODE
                            	.public _PlayFlag
00000484                    	.iram
                            	_PlayFlag:
00000484 00 00              		.dw 0
000004BB                    	.debug
000004BB 2E 00 73 00        		.dw '.stabs "PlayFlag:G1",32,0,0,',0,0,offset _PlayFlag,seg _PlayFlag,0x0d,0x0a
         74 00 61 00
         62 00 73 00
         20 00 22 00
         50 00 6C 00
         61 00 79 00
         46 00 6C 00
         61 00 67 00
         3A 00 47 00
         31 00 22 00
         2C 00 33 00
         32 00 2C 00
         30 00 2C 00
         30 00 2C 00
         00 00 00 00
         07 00 00 00
         0D 00 0A 00
0000B394                    	.CODE
0000B394                    	.code
000004DD                    	.debug
000004DD 2E 00 73 00        		.dw '.stabs "PlayRespond2:F19",36,0,0,',0,0,offset _PlayRespond2,seg _PlayRespond2,0x0d,0x0a
         74 00 61 00
         62 00 73 00
         20 00 22 00
         50 00 6C 00
         61 00 79 00
         52 00 65 00
         73 00 70 00
         6F 00 6E 00
         64 00 32 00
         3A 00 46 00
         31 00 39 00
         22 00 2C 00
         33 00 36 00
         2C 00 30 00
         2C 00 30 00
         2C 00 00 00
         00 00 00 00
         00 00 0D 00
         0A 00      
0000B394                    	.CODE
                            	.public _PlayRespond2
                            	_PlayRespond2:	.proc
00000504                    	.debug
00000504 2E 00 73 00        		.dw '.stabn 0x44,0,59,',0,0
         74 00 61 00
         62 00 6E 00
         20 00 30 00
         78 00 34 00
         34 00 2C 00
         30 00 2C 00
         35 00 39 00
         2C 00 00 00
         00 00      
00000517 00 00 00 00        		.dd LM1-_PlayRespond2
00000519 0D 00 0A 00        		.dw 0x0d,0x0a
0000B394                    	.code
                            	LM1:
                            		// total=1, vars=1
                            		// frame_pointer_needed: 1
0000051B                    	.debug
0000051B 2E 00 73 00        		.dw '.stabn 0xa6,0,0,1',0x0d, 0x0a
         74 00 61 00
         62 00 6E 00
         20 00 30 00
         78 00 61 00
         36 00 2C 00
         30 00 2C 00
         30 00 2C 00
         31 00 0D 00
         0A 00      
0000B394                    	.code
0000B394 88 DA              		PUSH BP to [SP]
0000B395 41 20              		SP-=1
0000B396 08 0B 01 00        		BP=SP+1
                            	
0000B398 0D 03 04 00        		R1=BP+4
0000B39A C5 D2              		[BP]=R1	// QImode move
0000052E                    	.debug
0000052E 2E 00 73 00        		.dw '.stabn 0x44,0,60,',0,0
         74 00 61 00
         62 00 6E 00
         20 00 30 00
         78 00 34 00
         34 00 2C 00
         30 00 2C 00
         36 00 30 00
         2C 00 00 00
         00 00      
00000541 07 00 00 00        		.dd LM2-_PlayRespond2
00000543 0D 00 0A 00        		.dw 0x0d,0x0a
0000B39B                    	.code
                            	LM2:
                            	LBB2:
0000B39B 40 F0 01 9C        		CALL _BSR_StopRecognizer	// call without return value
00000545                    	.debug
00000545 2E 00 73 00        		.dw '.stabn 0x44,0,61,',0,0
         74 00 61 00
         62 00 6E 00
         20 00 30 00
         78 00 34 00
         34 00 2C 00
         30 00 2C 00
         36 00 31 00
         2C 00 00 00
         00 00      
00000558 09 00 00 00        		.dd LM3-_PlayRespond2
0000055A 0D 00 0A 00        		.dw 0x0d,0x0a
0000B39D                    	.code
                            	LM3:
0000B39D 41 92              		R1=1	// QImode move
0000B39E C8 D2              		[SP--]=R1	// QImode move
0000B39F 40 F0 9F AD        		CALL _SACM_A2000_Initial	// call with return value
0000B3A1 41 00              		SP = SP + 1	//SP
0000055C                    	.debug
0000055C 2E 00 73 00        		.dw '.stabn 0x44,0,62,',0,0
         74 00 61 00
         62 00 6E 00
         20 00 30 00
         78 00 34 00
         34 00 2C 00
         30 00 2C 00
         36 00 32 00
         2C 00 00 00
         00 00      
0000056F 0E 00 00 00        		.dd LM4-_PlayRespond2
00000571 0D 00 0A 00        		.dw 0x0d,0x0a
0000B3A2                    	.code
                            	LM4:
0000B3A2 43 92              		R1=3	// QImode move
0000B3A3 C8 D2              		[SP--]=R1	// QImode move
0000B3A4 43 92              		R1=3	// QImode move
0000B3A5 C8 D2              		[SP--]=R1	// QImode move
0000B3A6 C5 94              		R2=[BP]	// QImode move
0000B3A7 C2 92              		R1=[R2]	// QImode move
0000B3A8 C8 D2              		[SP--]=R1	// QImode move
0000B3A9 40 F0 1A AE        		CALL _SACM_A2000_Play	// call with return value
0000B3AB 43 00              		SP = SP + 3	//SP
00000573                    	.debug
00000573 2E 00 73 00        		.dw '.stabn 0x44,0,63,',0,0
         74 00 61 00
         62 00 6E 00
         20 00 30 00
         78 00 34 00
         34 00 2C 00
         30 00 2C 00
         36 00 33 00
         2C 00 00 00
         00 00      
00000586 18 00 00 00        		.dd LM5-_PlayRespond2
00000588 0D 00 0A 00        		.dw 0x0d,0x0a
0000B3AC                    	.code
                            	LM5:
                            	L3:
0000B3AC 40 F0 2B AF        		CALL _SACM_A2000_Status	// call with return value
0000B3AE 09 B5 01 00        		R2=R1&1
0000B3B0 40 44              		CMP R2,0	// QImode test
0000B3B1 04 4E 01 EE        		NSJNZ L5	//QImode NE
         00 EE      
0000B3B4 0F 9F BC B3        		PC=L4	// jump
                            	L5:
0000058A                    	.debug
0000058A 2E 00 73 00        		.dw '.stabn 0x44,0,65,',0,0
         74 00 61 00
         62 00 6E 00
         20 00 30 00
         78 00 34 00
         34 00 2C 00
         30 00 2C 00
         36 00 35 00
         2C 00 00 00
         00 00      
0000059D 22 00 00 00        		.dd LM6-_PlayRespond2
0000059F 0D 00 0A 00        		.dw 0x0d,0x0a
0000B3B6                    	.code
                            	LM6:
                            	LBB3:
0000B3B6 40 F0 17 B0        		CALL _SACM_A2000_ServiceLoop	// call with return value
000005A1                    	.debug
000005A1 2E 00 73 00        		.dw '.stabn 0x44,0,66,',0,0
         74 00 61 00
         62 00 6E 00
         20 00 30 00
         78 00 34 00
         34 00 2C 00
         30 00 2C 00
         36 00 36 00
         2C 00 00 00
         00 00      
000005B4 24 00 00 00        		.dd LM7-_PlayRespond2
000005B6 0D 00 0A 00        		.dw 0x0d,0x0a
0000B3B8                    	.code
                            	LM7:
0000B3B8 40 F0 7D B7        		CALL _ClearWatchDog	// call without return value
000005B8                    	.debug
000005B8 2E 00 73 00        		.dw '.stabn 0x44,0,67,',0,0
         74 00 61 00
         62 00 6E 00
         20 00 30 00
         78 00 34 00
         34 00 2C 00
         30 00 2C 00
         36 00 37 00
         2C 00 00 00
         00 00      
000005CB 26 00 00 00        		.dd LM8-_PlayRespond2
000005CD 0D 00 0A 00        		.dw 0x0d,0x0a
0000B3BA                    	.code
                            	LM8:
                            	LBE3:
0000B3BA 0F 9F AC B3        		PC=L3	// jump
                            	L4:
000005CF                    	.debug
000005CF 2E 00 73 00        		.dw '.stabn 0x44,0,68,',0,0
         74 00 61 00
         62 00 6E 00
         20 00 30 00
         78 00 34 00
         34 00 2C 00
         30 00 2C 00
         36 00 38 00
         2C 00 00 00
         00 00      
000005E2 28 00 00 00        		.dd LM9-_PlayRespond2
000005E4 0D 00 0A 00        		.dw 0x0d,0x0a
0000B3BC                    	.code
                            	LM9:
0000B3BC 40 F0 C8 AE        		CALL _SACM_A2000_Stop	// call with return value
000005E6                    	.debug
000005E6 2E 00 73 00        		.dw '.stabn 0x44,0,69,',0,0
         74 00 61 00
         62 00 6E 00
         20 00 30 00
         78 00 34 00
         34 00 2C 00
         30 00 2C 00
         36 00 39 00
         2C 00 00 00
         00 00      
000005F9 2A 00 00 00        		.dd LM10-_PlayRespond2
000005FB 0D 00 0A 00        		.dw 0x0d,0x0a
0000B3BE                    	.code
                            	LM10:
0000B3BE 40 92              		R1=0	// QImode move
0000B3BF C8 D2              		[SP--]=R1	// QImode move
0000B3C0 40 F0 0E 9C        		CALL _BSR_InitRecognizer	// call with return value
0000B3C2 41 00              		SP = SP + 1	//SP
000005FD                    	.debug
000005FD 2E 00 73 00        		.dw '.stabn 0x44,0,70,',0,0
         74 00 61 00
         62 00 6E 00
         20 00 30 00
         78 00 34 00
         34 00 2C 00
         30 00 2C 00
         37 00 30 00
         2C 00 00 00
         00 00      
00000610 2F 00 00 00        		.dd LM11-_PlayRespond2
00000612 0D 00 0A 00        		.dw 0x0d,0x0a
0000B3C3                    	.code
                            	LM11:
0000B3C3 40 F0 CF 9B        		CALL _BSR_EnableCPUIndicator	// call without return value
00000614                    	.debug
00000614 2E 00 73 00        		.dw '.stabn 0x44,0,71,',0,0
         74 00 61 00
         62 00 6E 00
         20 00 30 00
         78 00 34 00
         34 00 2C 00
         30 00 2C 00
         37 00 31 00
         2C 00 00 00
         00 00      
00000627 31 00 00 00        		.dd LM12-_PlayRespond2
00000629 0D 00 0A 00        		.dw 0x0d,0x0a
0000B3C5                    	.code
                            	LM12:
                            	LBE2:
0000062B                    	.debug
0000062B 2E 00 73 00        		.dw '.stabn 0x44,0,71,',0,0
         74 00 61 00
         62 00 6E 00
         20 00 30 00
         78 00 34 00
         34 00 2C 00
         30 00 2C 00
         37 00 31 00
         2C 00 00 00
         00 00      
0000063E 31 00 00 00        		.dd LM13-_PlayRespond2
00000640 0D 00 0A 00        		.dw 0x0d,0x0a
0000B3C5                    	.code
                            	LM13:
                            	L2:
                            	
0000B3C5 41 00              		SP+=1
0000B3C6 88 98              		POP BP from [SP]
0000B3C7 90 9A              		RETF
                            		.endp	// end of PlayRespond2
                            	
00000642                    	.debug
00000642 2E 00 73 00        		.dw '.stabs "Result:p1",160,0,0,4',0x0d,0x0a
         74 00 61 00
         62 00 73 00
         20 00 22 00
         52 00 65 00
         73 00 75 00
         6C 00 74 00
         3A 00 70 00
         31 00 22 00
         2C 00 31 00
         36 00 30 00
         2C 00 30 00
         2C 00 30 00
         2C 00 34 00
         0D 00 0A 00
0000B3C8                    	.CODE
00000660                    	.debug
00000660 2E 00 73 00        		.dw '.stabn 0xc0,0,0,',0,0
         74 00 61 00
         62 00 6E 00
         20 00 30 00
         78 00 63 00
         30 00 2C 00
         30 00 2C 00
         30 00 2C 00
         00 00 00 00
00000672 07 00 00 00        		.dd LBB2-_PlayRespond2
00000674 0D 00 0A 00        		.dw 0x0d,0x0a
0000B3C8                    	.code
00000676                    	.debug
00000676 2E 00 73 00        		.dw '.stabn 0xc0,0,0,',0,0
         74 00 61 00
         62 00 6E 00
         20 00 30 00
         78 00 63 00
         30 00 2C 00
         30 00 2C 00
         30 00 2C 00
         00 00 00 00
00000688 22 00 00 00        		.dd LBB3-_PlayRespond2
0000068A 0D 00 0A 00        		.dw 0x0d,0x0a
0000B3C8                    	.code
0000068C                    	.debug
0000068C 2E 00 73 00        		.dw '.stabn 0xe0,0,0,',0,0
         74 00 61 00
         62 00 6E 00
         20 00 30 00
         78 00 65 00
         30 00 2C 00
         30 00 2C 00
         30 00 2C 00
         00 00 00 00
0000069E 26 00 00 00        		.dd LBE3-_PlayRespond2
000006A0 0D 00 0A 00        		.dw 0x0d,0x0a
0000B3C8                    	.code
000006A2                    	.debug
000006A2 2E 00 73 00        		.dw '.stabn 0xe0,0,0,',0,0
         74 00 61 00
         62 00 6E 00
         20 00 30 00
         78 00 65 00
         30 00 2C 00
         30 00 2C 00
         30 00 2C 00
         00 00 00 00
000006B4 31 00 00 00        		.dd LBE2-_PlayRespond2
000006B6 0D 00 0A 00        		.dw 0x0d,0x0a
0000B3C8                    	.code
000006B8                    	.debug
000006B8 2E 00 73 00        		.dw '.stabf ',0,0
         74 00 61 00
         62 00 66 00
         20 00 00 00
         00 00      
000006C1 34 00 00 00        		.dd LME1-_PlayRespond2
000006C3 0D 00 0A 00        		.dw 0x0d,0x0a
0000B3C8                    	.code
                            	LME1:
0000B3C8                    	.code
000006C5                    	.debug
000006C5 2E 00 73 00        		.dw '.stabs "PlayRespond:F19",36,0,0,',0,0,offset _PlayRespond,seg _PlayRespond,0x0d,0x0a
         74 00 61 00
         62 00 73 00
         20 00 22 00
         50 00 6C 00
         61 00 79 00
         52 00 65 00
         73 00 70 00
         6F 00 6E 00
         64 00 3A 00
         46 00 31 00
         39 00 22 00
         2C 00 33 00
         36 00 2C 00
         30 00 2C 00
         30 00 2C 00
         00 00 00 00
         34 00 00 00
         0D 00 0A 00
0000B3C8                    	.CODE
                            	.public _PlayRespond
                            	_PlayRespond:	.proc
000006EB                    	.debug
000006EB 2E 00 73 00        		.dw '.stabn 0x44,0,74,',0,0
         74 00 61 00
         62 00 6E 00
         20 00 30 00
         78 00 34 00
         34 00 2C 00
         30 00 2C 00
         37 00 34 00
         2C 00 00 00
         00 00      
000006FE 00 00 00 00        		.dd LM14-_PlayRespond
00000700 0D 00 0A 00        		.dw 0x0d,0x0a
0000B3C8                    	.code
                            	LM14:
                            		// total=1, vars=1
                            		// frame_pointer_needed: 1
00000702                    	.debug
00000702 2E 00 73 00        		.dw '.stabn 0xa6,0,0,1',0x0d, 0x0a
         74 00 61 00
         62 00 6E 00
         20 00 30 00
         78 00 61 00
         36 00 2C 00
         30 00 2C 00
         30 00 2C 00
         31 00 0D 00
         0A 00      
0000B3C8                    	.code
0000B3C8 88 DA              		PUSH BP to [SP]
0000B3C9 41 20              		SP-=1
0000B3CA 08 0B 01 00        		BP=SP+1
                            	
0000B3CC 0D 03 04 00        		R1=BP+4
0000B3CE C5 D2              		[BP]=R1	// QImode move
00000715                    	.debug
00000715 2E 00 73 00        		.dw '.stabn 0x44,0,75,',0,0
         74 00 61 00
         62 00 6E 00
         20 00 30 00
         78 00 34 00
         34 00 2C 00
         30 00 2C 00
         37 00 35 00
         2C 00 00 00
         00 00      
00000728 07 00 00 00        		.dd LM15-_PlayRespond
0000072A 0D 00 0A 00        		.dw 0x0d,0x0a
0000B3CF                    	.code
                            	LM15:
                            	LBB4:
0000B3CF 40 F0 01 9C        		CALL _BSR_StopRecognizer	// call without return value
0000072C                    	.debug
0000072C 2E 00 73 00        		.dw '.stabn 0x44,0,76,',0,0
         74 00 61 00
         62 00 6E 00
         20 00 30 00
         78 00 34 00
         34 00 2C 00
         30 00 2C 00
         37 00 36 00
         2C 00 00 00
         00 00      
0000073F 09 00 00 00        		.dd LM16-_PlayRespond
00000741 0D 00 0A 00        		.dw 0x0d,0x0a
0000B3D1                    	.code
                            	LM16:
0000B3D1 41 92              		R1=1	// QImode move
0000B3D2 C8 D2              		[SP--]=R1	// QImode move
0000B3D3 40 F0 96 A6        		CALL _SACM_S480_Initial	// call with return value
0000B3D5 41 00              		SP = SP + 1	//SP
00000743                    	.debug
00000743 2E 00 73 00        		.dw '.stabn 0x44,0,77,',0,0
         74 00 61 00
         62 00 6E 00
         20 00 30 00
         78 00 34 00
         34 00 2C 00
         30 00 2C 00
         37 00 37 00
         2C 00 00 00
         00 00      
00000756 0E 00 00 00        		.dd LM17-_PlayRespond
00000758 0D 00 0A 00        		.dw 0x0d,0x0a
0000B3D6                    	.code
                            	LM17:
0000B3D6 43 92              		R1=3	// QImode move
0000B3D7 C8 D2              		[SP--]=R1	// QImode move
0000B3D8 43 92              		R1=3	// QImode move
0000B3D9 C8 D2              		[SP--]=R1	// QImode move
0000B3DA C5 94              		R2=[BP]	// QImode move
0000B3DB C2 92              		R1=[R2]	// QImode move
0000B3DC C8 D2              		[SP--]=R1	// QImode move
0000B3DD 40 F0 CD A6        		CALL _SACM_S480_Play	// call with return value
0000B3DF 43 00              		SP = SP + 3	//SP
0000075A                    	.debug
0000075A 2E 00 73 00        		.dw '.stabn 0x44,0,78,',0,0
         74 00 61 00
         62 00 6E 00
         20 00 30 00
         78 00 34 00
         34 00 2C 00
         30 00 2C 00
         37 00 38 00
         2C 00 00 00
         00 00      
0000076D 18 00 00 00        		.dd LM18-_PlayRespond
0000076F 0D 00 0A 00        		.dw 0x0d,0x0a
0000B3E0                    	.code
                            	LM18:
                            	L8:
0000B3E0 40 F0 AF A7        		CALL _SACM_S480_Status	// call with return value
0000B3E2 09 B5 01 00        		R2=R1&1
0000B3E4 40 44              		CMP R2,0	// QImode test
0000B3E5 04 4E 01 EE        		NSJNZ L10	//QImode NE
         00 EE      
0000B3E8 0F 9F F0 B3        		PC=L9	// jump
                            	L10:
00000771                    	.debug
00000771 2E 00 73 00        		.dw '.stabn 0x44,0,80,',0,0
         74 00 61 00
         62 00 6E 00
         20 00 30 00
         78 00 34 00
         34 00 2C 00
         30 00 2C 00
         38 00 30 00
         2C 00 00 00
         00 00      
00000784 22 00 00 00        		.dd LM19-_PlayRespond
00000786 0D 00 0A 00        		.dw 0x0d,0x0a
0000B3EA                    	.code
                            	LM19:
                            	LBB5:
0000B3EA 40 F0 06 A8        		CALL _SACM_S480_ServiceLoop	// call with return value
00000788                    	.debug
00000788 2E 00 73 00        		.dw '.stabn 0x44,0,81,',0,0
         74 00 61 00
         62 00 6E 00
         20 00 30 00
         78 00 34 00
         34 00 2C 00
         30 00 2C 00
         38 00 31 00
         2C 00 00 00
         00 00      
0000079B 24 00 00 00        		.dd LM20-_PlayRespond
0000079D 0D 00 0A 00        		.dw 0x0d,0x0a
0000B3EC                    	.code
                            	LM20:
0000B3EC 40 F0 7D B7        		CALL _ClearWatchDog	// call without return value
0000079F                    	.debug
0000079F 2E 00 73 00        		.dw '.stabn 0x44,0,82,',0,0
         74 00 61 00
         62 00 6E 00
         20 00 30 00
         78 00 34 00
         34 00 2C 00
         30 00 2C 00
         38 00 32 00
         2C 00 00 00
         00 00      
000007B2 26 00 00 00        		.dd LM21-_PlayRespond
000007B4 0D 00 0A 00        		.dw 0x0d,0x0a
0000B3EE                    	.code
                            	LM21:
                            	LBE5:
0000B3EE 0F 9F E0 B3        		PC=L8	// jump
                            	L9:
000007B6                    	.debug
000007B6 2E 00 73 00        		.dw '.stabn 0x44,0,83,',0,0
         74 00 61 00
         62 00 6E 00
         20 00 30 00
         78 00 34 00
         34 00 2C 00
         30 00 2C 00
         38 00 33 00
         2C 00 00 00
         00 00      
000007C9 28 00 00 00        		.dd LM22-_PlayRespond
000007CB 0D 00 0A 00        		.dw 0x0d,0x0a
0000B3F0                    	.code
                            	LM22:
0000B3F0 40 F0 65 A7        		CALL _SACM_S480_Stop	// call with return value
000007CD                    	.debug
000007CD 2E 00 73 00        		.dw '.stabn 0x44,0,84,',0,0
         74 00 61 00
         62 00 6E 00
         20 00 30 00
         78 00 34 00
         34 00 2C 00
         30 00 2C 00
         38 00 34 00
         2C 00 00 00
         00 00      
000007E0 2A 00 00 00        		.dd LM23-_PlayRespond
000007E2 0D 00 0A 00        		.dw 0x0d,0x0a
0000B3F2                    	.code
                            	LM23:
0000B3F2 40 92              		R1=0	// QImode move
0000B3F3 C8 D2              		[SP--]=R1	// QImode move
0000B3F4 40 F0 0E 9C        		CALL _BSR_InitRecognizer	// call with return value
0000B3F6 41 00              		SP = SP + 1	//SP
000007E4                    	.debug
000007E4 2E 00 73 00        		.dw '.stabn 0x44,0,85,',0,0
         74 00 61 00
         62 00 6E 00
         20 00 30 00
         78 00 34 00
         34 00 2C 00
         30 00 2C 00
         38 00 35 00
         2C 00 00 00
         00 00      
000007F7 2F 00 00 00        		.dd LM24-_PlayRespond
000007F9 0D 00 0A 00        		.dw 0x0d,0x0a
0000B3F7                    	.code
                            	LM24:
0000B3F7 40 F0 CF 9B        		CALL _BSR_EnableCPUIndicator	// call without return value
000007FB                    	.debug
000007FB 2E 00 73 00        		.dw '.stabn 0x44,0,86,',0,0
         74 00 61 00
         62 00 6E 00
         20 00 30 00
         78 00 34 00
         34 00 2C 00
         30 00 2C 00
         38 00 36 00
         2C 00 00 00
         00 00      
0000080E 31 00 00 00        		.dd LM25-_PlayRespond
00000810 0D 00 0A 00        		.dw 0x0d,0x0a
0000B3F9                    	.code
                            	LM25:
                            	LBE4:
00000812                    	.debug
00000812 2E 00 73 00        		.dw '.stabn 0x44,0,86,',0,0
         74 00 61 00
         62 00 6E 00
         20 00 30 00
         78 00 34 00
         34 00 2C 00
         30 00 2C 00
         38 00 36 00
         2C 00 00 00
         00 00      
00000825 31 00 00 00        		.dd LM26-_PlayRespond
00000827 0D 00 0A 00        		.dw 0x0d,0x0a
0000B3F9                    	.code
                            	LM26:
                            	L7:
                            	
0000B3F9 41 00              		SP+=1
0000B3FA 88 98              		POP BP from [SP]
0000B3FB 90 9A              		RETF
                            		.endp	// end of PlayRespond
                            	
00000829                    	.debug
00000829 2E 00 73 00        		.dw '.stabs "Result:p1",160,0,0,4',0x0d,0x0a
         74 00 61 00
         62 00 73 00
         20 00 22 00
         52 00 65 00
         73 00 75 00
         6C 00 74 00
         3A 00 70 00
         31 00 22 00
         2C 00 31 00
         36 00 30 00
         2C 00 30 00
         2C 00 30 00
         2C 00 34 00
         0D 00 0A 00
0000B3FC                    	.CODE
00000847                    	.debug
00000847 2E 00 73 00        		.dw '.stabn 0xc0,0,0,',0,0
         74 00 61 00
         62 00 6E 00
         20 00 30 00
         78 00 63 00
         30 00 2C 00
         30 00 2C 00
         30 00 2C 00
         00 00 00 00
00000859 07 00 00 00        		.dd LBB4-_PlayRespond
0000085B 0D 00 0A 00        		.dw 0x0d,0x0a
0000B3FC                    	.code
0000085D                    	.debug
0000085D 2E 00 73 00        		.dw '.stabn 0xc0,0,0,',0,0
         74 00 61 00
         62 00 6E 00
         20 00 30 00
         78 00 63 00
         30 00 2C 00
         30 00 2C 00
         30 00 2C 00
         00 00 00 00
0000086F 22 00 00 00        		.dd LBB5-_PlayRespond
00000871 0D 00 0A 00        		.dw 0x0d,0x0a
0000B3FC                    	.code
00000873                    	.debug
00000873 2E 00 73 00        		.dw '.stabn 0xe0,0,0,',0,0
         74 00 61 00
         62 00 6E 00
         20 00 30 00
         78 00 65 00
         30 00 2C 00
         30 00 2C 00
         30 00 2C 00
         00 00 00 00
00000885 26 00 00 00        		.dd LBE5-_PlayRespond
00000887 0D 00 0A 00        		.dw 0x0d,0x0a
0000B3FC                    	.code
00000889                    	.debug
00000889 2E 00 73 00        		.dw '.stabn 0xe0,0,0,',0,0
         74 00 61 00
         62 00 6E 00
         20 00 30 00
         78 00 65 00
         30 00 2C 00
         30 00 2C 00
         30 00 2C 00
         00 00 00 00
0000089B 31 00 00 00        		.dd LBE4-_PlayRespond
0000089D 0D 00 0A 00        		.dw 0x0d,0x0a
0000B3FC                    	.code
0000089F                    	.debug
0000089F 2E 00 73 00        		.dw '.stabf ',0,0
         74 00 61 00
         62 00 66 00
         20 00 00 00
         00 00      
000008A8 34 00 00 00        		.dd LME2-_PlayRespond
000008AA 0D 00 0A 00        		.dw 0x0d,0x0a
0000B3FC                    	.code
                            	LME2:
0000B3FC                    	.code
000008AC                    	.debug
000008AC 2E 00 73 00        		.dw '.stabs "TrainWord:F1",36,0,0,',0,0,offset _TrainWord,seg _TrainWord,0x0d,0x0a
         74 00 61 00
         62 00 73 00
         20 00 22 00
         54 00 72 00
         61 00 69 00
         6E 00 57 00
         6F 00 72 00
         64 00 3A 00
         46 00 31 00
         22 00 2C 00
         33 00 36 00
         2C 00 30 00
         2C 00 30 00
         2C 00 00 00
         00 00 68 00
         00 00 0D 00
         0A 00      
0000B3FC                    	.CODE
                            	.public _TrainWord
                            	_TrainWord:	.proc
000008CF                    	.debug
000008CF 2E 00 73 00        		.dw '.stabn 0x44,0,89,',0,0
         74 00 61 00
         62 00 6E 00
         20 00 30 00
         78 00 34 00
         34 00 2C 00
         30 00 2C 00
         38 00 39 00
         2C 00 00 00
         00 00      
000008E2 00 00 00 00        		.dd LM27-_TrainWord
000008E4 0D 00 0A 00        		.dw 0x0d,0x0a
0000B3FC                    	.code
                            	LM27:
                            		// total=2, vars=2
                            		// frame_pointer_needed: 1
000008E6                    	.debug
000008E6 2E 00 73 00        		.dw '.stabn 0xa6,0,0,2',0x0d, 0x0a
         74 00 61 00
         62 00 6E 00
         20 00 30 00
         78 00 61 00
         36 00 2C 00
         30 00 2C 00
         30 00 2C 00
         32 00 0D 00
         0A 00      
0000B3FC                    	.code
0000B3FC 88 DA              		PUSH BP to [SP]
0000B3FD 42 20              		SP-=2
0000B3FE 08 0B 01 00        		BP=SP+1
                            	
0000B400 0D 03 05 00        		R1=BP+5
0000B402 01 D2              		[BP+1]=R1	// QImode move
                            	LBB6:
000008F9                    	.debug
000008F9 2E 00 73 00        		.dw '.stabn 0x44,0,91,',0,0
         74 00 61 00
         62 00 6E 00
         20 00 30 00
         78 00 34 00
         34 00 2C 00
         30 00 2C 00
         39 00 31 00
         2C 00 00 00
         00 00      
0000090C 07 00 00 00        		.dd LM28-_TrainWord
0000090E 0D 00 0A 00        		.dw 0x0d,0x0a
0000B403                    	.code
                            	LM28:
0000B403 01 92              		R1=[BP+1]	// QImode move
0000B404 01 96              		R3=[BP+1]	// QImode move
0000B405 0B 05 01 00        		R2=R3+1
0000B407 02 97              		R3=R2	// QImode move
0000B408 C3 92              		R1=[R3]	// QImode move
0000B409 C8 D2              		[SP--]=R1	// QImode move
0000B40A 40 F0 C8 B3        		CALL _PlayRespond	// call without return value
0000B40C 41 00              		SP = SP + 1	//SP
00000910                    	.debug
00000910 2E 00 73 00        		.dw '.stabn 0x44,0,92,',0,0
         74 00 61 00
         62 00 6E 00
         20 00 30 00
         78 00 34 00
         34 00 2C 00
         30 00 2C 00
         39 00 32 00
         2C 00 00 00
         00 00      
00000923 11 00 00 00        		.dd LM29-_TrainWord
00000925 0D 00 0A 00        		.dw 0x0d,0x0a
0000B40D                    	.code
                            	LM29:
                            	L13:
0000B40D 0F 9F 11 B4        		PC=L15	// jump
0000B40F 0F 9F 64 B4        		PC=L14	// jump
                            	L15:
00000927                    	.debug
00000927 2E 00 73 00        		.dw '.stabn 0x44,0,94,',0,0
         74 00 61 00
         62 00 6E 00
         20 00 30 00
         78 00 34 00
         34 00 2C 00
         30 00 2C 00
         39 00 34 00
         2C 00 00 00
         00 00      
0000093A 15 00 00 00        		.dd LM30-_TrainWord
0000093C 0D 00 0A 00        		.dw 0x0d,0x0a
0000B411                    	.code
                            	LM30:
0000B411 40 92              		R1=0	// QImode move
0000B412 C8 D2              		[SP--]=R1	// QImode move
0000B413 01 94              		R2=[BP+1]	// QImode move
0000B414 C2 92              		R1=[R2]	// QImode move
0000B415 C8 D2              		[SP--]=R1	// QImode move
0000B416 40 F0 80 88        		CALL _BSR_Train	// call with return value
0000B418 42 00              		SP = SP + 2	//SP
0000B419 C5 D2              		[BP]=R1	// QImode move
0000093E                    	.debug
0000093E 2E 00 73 00        		.dw '.stabn 0x44,0,95,',0,0
         74 00 61 00
         62 00 6E 00
         20 00 30 00
         78 00 34 00
         34 00 2C 00
         30 00 2C 00
         39 00 35 00
         2C 00 00 00
         00 00      
00000951 1E 00 00 00        		.dd LM31-_TrainWord
00000953 0D 00 0A 00        		.dw 0x0d,0x0a
0000B41A                    	.code
                            	LM31:
0000B41A C5 92              		R1=[BP]	// QImode move
0000B41B 40 42              		CMP R1,0	// QImode test
0000B41C 04 4E 01 EE        		NSJNZ L16	//QImode NE
         00 EE      
0000B41F 0F 9F 64 B4        		PC=L14	// jump
                            	L16:
00000955                    	.debug
00000955 2E 00 73 00        		.dw '.stabn 0x44,0,96,',0,0
         74 00 61 00
         62 00 6E 00
         20 00 30 00
         78 00 34 00
         34 00 2C 00
         30 00 2C 00
         39 00 36 00
         2C 00 00 00
         00 00      
00000968 25 00 00 00        		.dd LM32-_TrainWord
0000096A 0D 00 0A 00        		.dw 0x0d,0x0a
0000B421                    	.code
                            	LM32:
0000B421 C5 94              		R2=[BP]	// QImode move
0000B422 02 93              		R1=R2	// QImode move
0000B423 09 23 FA FF        		R1=R1-(-6)
0000B425 45 42              		CMP R1,5	// QImode compare
0000B426 3B 9E 01 EE        		NSJA L17	//QImode GTU
         00 EE      
0000B429 0A 95 62 80        		R2=L26	// QImode move
0000B42B 02 03              		R1 = R1 + R2	//addqi3
0000B42C 01 97              		R3=R1	// QImode move
0000B42D C3 92              		R1=[R3]	// QImode move
0000B42E 01 9F              		PC=R1	// tablejump
00008062                    	.text
                            	L26:
00008062 5F B4              		.dw L25
00008063 49 B4              		.dw L22
00008064 46 B4              		.dw L21
00008065 3E B4              		.dw L20
00008066 37 B4              		.dw L19
00008067 2F B4              		.dw L18
0000B42F                    	.code
                            	L18:
0000096C                    	.debug
0000096C 2E 00 73 00        		.dw '.stabn 0x44,0,99,',0,0
         74 00 61 00
         62 00 6E 00
         20 00 30 00
         78 00 34 00
         34 00 2C 00
         30 00 2C 00
         39 00 39 00
         2C 00 00 00
         00 00      
0000097F 33 00 00 00        		.dd LM33-_TrainWord
00000981 0D 00 0A 00        		.dw 0x0d,0x0a
0000B42F                    	.code
                            	LM33:
0000B42F 45 92              		R1=5	// QImode move
0000B430 C8 D2              		[SP--]=R1	// QImode move
0000B431 40 F0 C8 B3        		CALL _PlayRespond	// call without return value
0000B433 41 00              		SP = SP + 1	//SP
00000983                    	.debug
00000983 2E 00 73 00        		.dw '.stabn 0x44,0,100,',0,0
         74 00 61 00
         62 00 6E 00
         20 00 30 00
         78 00 34 00
         34 00 2C 00
         30 00 2C 00
         31 00 30 00
         30 00 2C 00
         00 00 00 00
00000997 38 00 00 00        		.dd LM34-_TrainWord
00000999 0D 00 0A 00        		.dw 0x0d,0x0a
0000B434                    	.code
                            	LM34:
0000B434 41 62              		R1=(-1)	// QImode move
0000B435 0F 9F 67 B4        		PC=L12	// jump
                            	L19:
0000099B                    	.debug
0000099B 2E 00 73 00        		.dw '.stabn 0x44,0,102,',0,0
         74 00 61 00
         62 00 6E 00
         20 00 30 00
         78 00 34 00
         34 00 2C 00
         30 00 2C 00
         31 00 30 00
         32 00 2C 00
         00 00 00 00
000009AF 3B 00 00 00        		.dd LM35-_TrainWord
000009B1 0D 00 0A 00        		.dw 0x0d,0x0a
0000B437                    	.code
                            	LM35:
0000B437 44 92              		R1=4	// QImode move
0000B438 C8 D2              		[SP--]=R1	// QImode move
0000B439 40 F0 C8 B3        		CALL _PlayRespond	// call without return value
0000B43B 41 00              		SP = SP + 1	//SP
000009B3                    	.debug
000009B3 2E 00 73 00        		.dw '.stabn 0x44,0,103,',0,0
         74 00 61 00
         62 00 6E 00
         20 00 30 00
         78 00 34 00
         34 00 2C 00
         30 00 2C 00
         31 00 30 00
         33 00 2C 00
         00 00 00 00
000009C7 40 00 00 00        		.dd LM36-_TrainWord
000009C9 0D 00 0A 00        		.dw 0x0d,0x0a
0000B43C                    	.code
                            	LM36:
0000B43C 0F 9F 62 B4        		PC=L17	// jump
                            	L20:
000009CB                    	.debug
000009CB 2E 00 73 00        		.dw '.stabn 0x44,0,105,',0,0
         74 00 61 00
         62 00 6E 00
         20 00 30 00
         78 00 34 00
         34 00 2C 00
         30 00 2C 00
         31 00 30 00
         35 00 2C 00
         00 00 00 00
000009DF 42 00 00 00        		.dd LM37-_TrainWord
000009E1 0D 00 0A 00        		.dw 0x0d,0x0a
0000B43E                    	.code
                            	LM37:
0000B43E 4E 92              		R1=14	// QImode move
0000B43F C8 D2              		[SP--]=R1	// QImode move
0000B440 40 F0 C8 B3        		CALL _PlayRespond	// call without return value
0000B442 41 00              		SP = SP + 1	//SP
000009E3                    	.debug
000009E3 2E 00 73 00        		.dw '.stabn 0x44,0,106,',0,0
         74 00 61 00
         62 00 6E 00
         20 00 30 00
         78 00 34 00
         34 00 2C 00
         30 00 2C 00
         31 00 30 00
         36 00 2C 00
         00 00 00 00
000009F7 47 00 00 00        		.dd LM38-_TrainWord
000009F9 0D 00 0A 00        		.dw 0x0d,0x0a
0000B443                    	.code
                            	LM38:
0000B443 41 62              		R1=(-1)	// QImode move
0000B444 0F 9F 67 B4        		PC=L12	// jump
                            	L21:
000009FB                    	.debug
000009FB 2E 00 73 00        		.dw '.stabn 0x44,0,108,',0,0
         74 00 61 00
         62 00 6E 00
         20 00 30 00
         78 00 34 00
         34 00 2C 00
         30 00 2C 00
         31 00 30 00
         38 00 2C 00
         00 00 00 00
00000A0F 4A 00 00 00        		.dd LM39-_TrainWord
00000A11 0D 00 0A 00        		.dw 0x0d,0x0a
0000B446                    	.code
                            	LM39:
0000B446 41 62              		R1=(-1)	// QImode move
0000B447 0F 9F 67 B4        		PC=L12	// jump
                            	L22:
00000A13                    	.debug
00000A13 2E 00 73 00        		.dw '.stabn 0x44,0,110,',0,0
         74 00 61 00
         62 00 6E 00
         20 00 30 00
         78 00 34 00
         34 00 2C 00
         30 00 2C 00
         31 00 31 00
         30 00 2C 00
         00 00 00 00
00000A27 4D 00 00 00        		.dd LM40-_TrainWord
00000A29 0D 00 0A 00        		.dw 0x0d,0x0a
0000B449                    	.code
                            	LM40:
0000B449 01 94              		R2=[BP+1]	// QImode move
0000B44A C2 92              		R1=[R2]	// QImode move
0000B44B 09 43 00 01        		CMP R1,256	// QImode compare
0000B44D 09 4E 01 EE        		NSJNZ L23	//QImode NE
         00 EE      
0000B450 46 92              		R1=6	// QImode move
0000B451 C8 D2              		[SP--]=R1	// QImode move
0000B452 40 F0 C8 B3        		CALL _PlayRespond	// call without return value
0000B454 41 00              		SP = SP + 1	//SP
0000B455 0F 9F 5C B4        		PC=L24	// jump
                            	L23:
00000A2B                    	.debug
00000A2B 2E 00 73 00        		.dw '.stabn 0x44,0,111,',0,0
         74 00 61 00
         62 00 6E 00
         20 00 30 00
         78 00 34 00
         34 00 2C 00
         30 00 2C 00
         31 00 31 00
         31 00 2C 00
         00 00 00 00
00000A3F 5B 00 00 00        		.dd LM41-_TrainWord
00000A41 0D 00 0A 00        		.dw 0x0d,0x0a
0000B457                    	.code
                            	LM41:
0000B457 47 92              		R1=7	// QImode move
0000B458 C8 D2              		[SP--]=R1	// QImode move
0000B459 40 F0 C8 B3        		CALL _PlayRespond	// call without return value
0000B45B 41 00              		SP = SP + 1	//SP
                            	L24:
00000A43                    	.debug
00000A43 2E 00 73 00        		.dw '.stabn 0x44,0,112,',0,0
         74 00 61 00
         62 00 6E 00
         20 00 30 00
         78 00 34 00
         34 00 2C 00
         30 00 2C 00
         31 00 31 00
         32 00 2C 00
         00 00 00 00
00000A57 60 00 00 00        		.dd LM42-_TrainWord
00000A59 0D 00 0A 00        		.dw 0x0d,0x0a
0000B45C                    	.code
                            	LM42:
0000B45C 41 62              		R1=(-1)	// QImode move
0000B45D 0F 9F 67 B4        		PC=L12	// jump
                            	L25:
00000A5B                    	.debug
00000A5B 2E 00 73 00        		.dw '.stabn 0x44,0,114,',0,0
         74 00 61 00
         62 00 6E 00
         20 00 30 00
         78 00 34 00
         34 00 2C 00
         30 00 2C 00
         31 00 31 00
         34 00 2C 00
         00 00 00 00
00000A6F 63 00 00 00        		.dd LM43-_TrainWord
00000A71 0D 00 0A 00        		.dw 0x0d,0x0a
0000B45F                    	.code
                            	LM43:
0000B45F 41 62              		R1=(-1)	// QImode move
0000B460 0F 9F 67 B4        		PC=L12	// jump
                            	L27:
                            	L17:
00000A73                    	.debug
00000A73 2E 00 73 00        		.dw '.stabn 0x44,0,116,',0,0
         74 00 61 00
         62 00 6E 00
         20 00 30 00
         78 00 34 00
         34 00 2C 00
         30 00 2C 00
         31 00 31 00
         36 00 2C 00
         00 00 00 00
00000A87 66 00 00 00        		.dd LM44-_TrainWord
00000A89 0D 00 0A 00        		.dw 0x0d,0x0a
0000B462                    	.code
                            	LM44:
0000B462 0F 9F 0D B4        		PC=L13	// jump
                            	L14:
00000A8B                    	.debug
00000A8B 2E 00 73 00        		.dw '.stabn 0x44,0,117,',0,0
         74 00 61 00
         62 00 6E 00
         20 00 30 00
         78 00 34 00
         34 00 2C 00
         30 00 2C 00
         31 00 31 00
         37 00 2C 00
         00 00 00 00
00000A9F 68 00 00 00        		.dd LM45-_TrainWord
00000AA1 0D 00 0A 00        		.dw 0x0d,0x0a
0000B464                    	.code
                            	LM45:
0000B464 40 92              		R1=0	// QImode move
0000B465 0F 9F 67 B4        		PC=L12	// jump
00000AA3                    	.debug
00000AA3 2E 00 73 00        		.dw '.stabn 0x44,0,118,',0,0
         74 00 61 00
         62 00 6E 00
         20 00 30 00
         78 00 34 00
         34 00 2C 00
         30 00 2C 00
         31 00 31 00
         38 00 2C 00
         00 00 00 00
00000AB7 6B 00 00 00        		.dd LM46-_TrainWord
00000AB9 0D 00 0A 00        		.dw 0x0d,0x0a
0000B467                    	.code
                            	LM46:
                            	LBE6:
00000ABB                    	.debug
00000ABB 2E 00 73 00        		.dw '.stabn 0x44,0,118,',0,0
         74 00 61 00
         62 00 6E 00
         20 00 30 00
         78 00 34 00
         34 00 2C 00
         30 00 2C 00
         31 00 31 00
         38 00 2C 00
         00 00 00 00
00000ACF 6B 00 00 00        		.dd LM47-_TrainWord
00000AD1 0D 00 0A 00        		.dw 0x0d,0x0a
0000B467                    	.code
                            	LM47:
                            	L12:
                            	
0000B467 42 00              		SP+=2
0000B468 88 98              		POP BP from [SP]
0000B469 90 9A              		RETF
                            		.endp	// end of TrainWord
                            	
00000AD3                    	.debug
00000AD3 2E 00 73 00        		.dw '.stabs "WordID:p1",160,0,0,5',0x0d,0x0a
         74 00 61 00
         62 00 73 00
         20 00 22 00
         57 00 6F 00
         72 00 64 00
         49 00 44 00
         3A 00 70 00
         31 00 22 00
         2C 00 31 00
         36 00 30 00
         2C 00 30 00
         2C 00 30 00
         2C 00 35 00
         0D 00 0A 00
0000B46A                    	.CODE
00000AF1                    	.debug
00000AF1 2E 00 73 00        		.dw '.stabs "RespondID:p1",160,0,0,6',0x0d,0x0a
         74 00 61 00
         62 00 73 00
         20 00 22 00
         52 00 65 00
         73 00 70 00
         6F 00 6E 00
         64 00 49 00
         44 00 3A 00
         70 00 31 00
         22 00 2C 00
         31 00 36 00
         30 00 2C 00
         30 00 2C 00
         30 00 2C 00
         36 00 0D 00
         0A 00      
0000B46A                    	.CODE
00000B12                    	.debug
00000B12 2E 00 73 00        		.dw '.stabn 0xc0,0,0,',0,0
         74 00 61 00
         62 00 6E 00
         20 00 30 00
         78 00 63 00
         30 00 2C 00
         30 00 2C 00
         30 00 2C 00
         00 00 00 00
00000B24 07 00 00 00        		.dd LBB6-_TrainWord
00000B26 0D 00 0A 00        		.dw 0x0d,0x0a
0000B46A                    	.code
00000B28                    	.debug
00000B28 2E 00 73 00        		.dw '.stabs "res:1",128,0,0,0',0x0d,0x0a
         74 00 61 00
         62 00 73 00
         20 00 22 00
         72 00 65 00
         73 00 3A 00
         31 00 22 00
         2C 00 31 00
         32 00 38 00
         2C 00 30 00
         2C 00 30 00
         2C 00 30 00
         0D 00 0A 00
0000B46A                    	.CODE
00000B42                    	.debug
00000B42 2E 00 73 00        		.dw '.stabn 0xe0,0,0,',0,0
         74 00 61 00
         62 00 6E 00
         20 00 30 00
         78 00 65 00
         30 00 2C 00
         30 00 2C 00
         30 00 2C 00
         00 00 00 00
00000B54 6B 00 00 00        		.dd LBE6-_TrainWord
00000B56 0D 00 0A 00        		.dw 0x0d,0x0a
0000B46A                    	.code
00000B58                    	.debug
00000B58 2E 00 73 00        		.dw '.stabf ',0,0
         74 00 61 00
         62 00 66 00
         20 00 00 00
         00 00      
00000B61 6E 00 00 00        		.dd LME3-_TrainWord
00000B63 0D 00 0A 00        		.dw 0x0d,0x0a
0000B46A                    	.code
                            	LME3:
0000B46A                    	.code
00000B65                    	.debug
00000B65 2E 00 73 00        		.dw '.stabs "main:F1",36,0,0,',0,0,offset _main,seg _main,0x0d,0x0a
         74 00 61 00
         62 00 73 00
         20 00 22 00
         6D 00 61 00
         69 00 6E 00
         3A 00 46 00
         31 00 22 00
         2C 00 33 00
         36 00 2C 00
         30 00 2C 00
         30 00 2C 00
         00 00 00 00
         D6 00 00 00
         0D 00 0A 00
0000B46A                    	.CODE
                            	.public _main
                            	_main:	.proc
00000B83                    	.debug
00000B83 2E 00 73 00        		.dw '.stabn 0x44,0,121,',0,0
         74 00 61 00
         62 00 6E 00
         20 00 30 00
         78 00 34 00
         34 00 2C 00
         30 00 2C 00
         31 00 32 00
         31 00 2C 00
         00 00 00 00
00000B97 00 00 00 00        		.dd LM48-_main
00000B99 0D 00 0A 00        		.dw 0x0d,0x0a
0000B46A                    	.code
                            	LM48:
                            		// total=4, vars=4
                            		// frame_pointer_needed: 1
00000B9B                    	.debug
00000B9B 2E 00 73 00        		.dw '.stabn 0xa6,0,0,4',0x0d, 0x0a
         74 00 61 00
         62 00 6E 00
         20 00 30 00
         78 00 61 00
         36 00 2C 00
         30 00 2C 00
         30 00 2C 00
         34 00 0D 00
         0A 00      
0000B46A                    	.code
0000B46A 88 DA              		PUSH BP to [SP]
0000B46B 44 20              		SP-=4
0000B46C 08 0B 01 00        		BP=SP+1
                            	
0000B46E 0D 03 07 00        		R1=BP+7
0000B470 03 D2              		[BP+3]=R1	// QImode move
00000BAE                    	.debug
00000BAE 2E 00 73 00        		.dw '.stabn 0x44,0,122,',0,0
         74 00 61 00
         62 00 6E 00
         20 00 30 00
         78 00 34 00
         34 00 2C 00
         30 00 2C 00
         31 00 32 00
         32 00 2C 00
         00 00 00 00
00000BC2 07 00 00 00        		.dd LM49-_main
00000BC4 0D 00 0A 00        		.dw 0x0d,0x0a
0000B471                    	.code
                            	LM49:
                            	LBB7:
0000B471 05 93              		R1=BP	// QImode move
0000B472 0D 05 01 00        		R2=BP+1
0000B474 40 92              		R1=0	// QImode move
0000B475 02 97              		R3=R2	// QImode move
0000B476 C3 D2              		[R3]=R1	// QImode move
0000B477 05 93              		R1=BP	// QImode move
0000B478 0D 05 02 00        		R2=BP+2
0000B47A 40 92              		R1=0	// QImode move
0000B47B 02 99              		R4=R2	// QImode move
0000B47C C4 D2              		[R4]=R1	// QImode move
00000BC6                    	.debug
00000BC6 2E 00 73 00        		.dw '.stabn 0x44,0,124,',0,0
         74 00 61 00
         62 00 6E 00
         20 00 30 00
         78 00 34 00
         34 00 2C 00
         30 00 2C 00
         31 00 32 00
         34 00 2C 00
         00 00 00 00
00000BDA 13 00 00 00        		.dd LM50-_main
00000BDC 0D 00 0A 00        		.dw 0x0d,0x0a
0000B47D                    	.code
                            	LM50:
0000B47D 40 92              		R1=0	// QImode move
0000B47E C8 D2              		[SP--]=R1	// QImode move
0000B47F 40 F0 B0 86        		CALL _BSR_DeleteSDGroup	// call with return value
0000B481 41 00              		SP = SP + 1	//SP
00000BDE                    	.debug
00000BDE 2E 00 73 00        		.dw '.stabn 0x44,0,126,',0,0
         74 00 61 00
         62 00 6E 00
         20 00 30 00
         78 00 34 00
         34 00 2C 00
         30 00 2C 00
         31 00 32 00
         36 00 2C 00
         00 00 00 00
00000BF2 18 00 00 00        		.dd LM51-_main
00000BF4 0D 00 0A 00        		.dw 0x0d,0x0a
0000B482                    	.code
                            	LM51:
0000B482 40 92              		R1=0	// QImode move
0000B483 C8 D2              		[SP--]=R1	// QImode move
0000B484 40 F0 C8 B3        		CALL _PlayRespond	// call without return value
0000B486 41 00              		SP = SP + 1	//SP
00000BF6                    	.debug
00000BF6 2E 00 73 00        		.dw '.stabn 0x44,0,128,',0,0
         74 00 61 00
         62 00 6E 00
         20 00 30 00
         78 00 34 00
         34 00 2C 00
         30 00 2C 00
         31 00 32 00
         38 00 2C 00
         00 00 00 00
00000C0A 1D 00 00 00        		.dd LM52-_main
00000C0C 0D 00 0A 00        		.dw 0x0d,0x0a
0000B487                    	.code
                            	LM52:
                            	L32:
0000B487 41 92              		R1=1	// QImode move
0000B488 C8 D2              		[SP--]=R1	// QImode move
0000B489 09 93 00 01        		R1=256	// QImode move
0000B48B C8 D2              		[SP--]=R1	// QImode move
0000B48C 40 F0 FC B3        		CALL _TrainWord	// call with return value
0000B48E 42 00              		SP = SP + 2	//SP
0000B48F 40 42              		CMP R1,0	// QImode test
0000B490 04 4E 01 EE        		NSJNZ L34	//QImode NE
         00 EE      
0000B493 0F 9F 97 B4        		PC=L33	// jump
                            	L34:
0000B495 0F 9F 87 B4        		PC=L32	// jump
                            	L33:
00000C0E                    	.debug
00000C0E 2E 00 73 00        		.dw '.stabn 0x44,0,130,',0,0
         74 00 61 00
         62 00 6E 00
         20 00 30 00
         78 00 34 00
         34 00 2C 00
         30 00 2C 00
         31 00 33 00
         30 00 2C 00
         00 00 00 00
00000C22 2D 00 00 00        		.dd LM53-_main
00000C24 0D 00 0A 00        		.dw 0x0d,0x0a
0000B497                    	.code
                            	LM53:
                            	L35:
0000B497 42 92              		R1=2	// QImode move
0000B498 C8 D2              		[SP--]=R1	// QImode move
0000B499 09 93 01 01        		R1=257	// QImode move
0000B49B C8 D2              		[SP--]=R1	// QImode move
0000B49C 40 F0 FC B3        		CALL _TrainWord	// call with return value
0000B49E 42 00              		SP = SP + 2	//SP
0000B49F 40 42              		CMP R1,0	// QImode test
0000B4A0 04 4E 01 EE        		NSJNZ L37	//QImode NE
         00 EE      
0000B4A3 0F 9F A7 B4        		PC=L36	// jump
                            	L37:
0000B4A5 0F 9F 97 B4        		PC=L35	// jump
                            	L36:
00000C26                    	.debug
00000C26 2E 00 73 00        		.dw '.stabn 0x44,0,132,',0,0
         74 00 61 00
         62 00 6E 00
         20 00 30 00
         78 00 34 00
         34 00 2C 00
         30 00 2C 00
         31 00 33 00
         32 00 2C 00
         00 00 00 00
00000C3A 3D 00 00 00        		.dd LM54-_main
00000C3C 0D 00 0A 00        		.dw 0x0d,0x0a
0000B4A7                    	.code
                            	LM54:
                            	L38:
0000B4A7 43 92              		R1=3	// QImode move
0000B4A8 C8 D2              		[SP--]=R1	// QImode move
0000B4A9 09 93 02 01        		R1=258	// QImode move
0000B4AB C8 D2              		[SP--]=R1	// QImode move
0000B4AC 40 F0 FC B3        		CALL _TrainWord	// call with return value
0000B4AE 42 00              		SP = SP + 2	//SP
0000B4AF 40 42              		CMP R1,0	// QImode test
0000B4B0 04 4E 01 EE        		NSJNZ L40	//QImode NE
         00 EE      
0000B4B3 0F 9F B7 B4        		PC=L39	// jump
                            	L40:
0000B4B5 0F 9F A7 B4        		PC=L38	// jump
                            	L39:
00000C3E                    	.debug
00000C3E 2E 00 73 00        		.dw '.stabn 0x44,0,135,',0,0
         74 00 61 00
         62 00 6E 00
         20 00 30 00
         78 00 34 00
         34 00 2C 00
         30 00 2C 00
         31 00 33 00
         35 00 2C 00
         00 00 00 00
00000C52 4D 00 00 00        		.dd LM55-_main
00000C54 0D 00 0A 00        		.dw 0x0d,0x0a
0000B4B7                    	.code
                            	LM55:
0000B4B7 40 92              		R1=0	// QImode move
0000B4B8 C8 D2              		[SP--]=R1	// QImode move
0000B4B9 40 F0 0E 9C        		CALL _BSR_InitRecognizer	// call with return value
0000B4BB 41 00              		SP = SP + 1	//SP
00000C56                    	.debug
00000C56 2E 00 73 00        		.dw '.stabn 0x44,0,136,',0,0
         74 00 61 00
         62 00 6E 00
         20 00 30 00
         78 00 34 00
         34 00 2C 00
         30 00 2C 00
         31 00 33 00
         36 00 2C 00
         00 00 00 00
00000C6A 52 00 00 00        		.dd LM56-_main
00000C6C 0D 00 0A 00        		.dw 0x0d,0x0a
0000B4BC                    	.code
                            	LM56:
0000B4BC 40 F0 CF 9B        		CALL _BSR_EnableCPUIndicator	// call without return value
00000C6E                    	.debug
00000C6E 2E 00 73 00        		.dw '.stabn 0x44,0,138,',0,0
         74 00 61 00
         62 00 6E 00
         20 00 30 00
         78 00 34 00
         34 00 2C 00
         30 00 2C 00
         31 00 33 00
         38 00 2C 00
         00 00 00 00
00000C82 54 00 00 00        		.dd LM57-_main
00000C84 0D 00 0A 00        		.dw 0x0d,0x0a
0000B4BE                    	.code
                            	LM57:
0000B4BE 48 92              		R1=8	// QImode move
0000B4BF C8 D2              		[SP--]=R1	// QImode move
0000B4C0 40 F0 C8 B3        		CALL _PlayRespond	// call without return value
0000B4C2 41 00              		SP = SP + 1	//SP
00000C86                    	.debug
00000C86 2E 00 73 00        		.dw '.stabn 0x44,0,140,',0,0
         74 00 61 00
         62 00 6E 00
         20 00 30 00
         78 00 34 00
         34 00 2C 00
         30 00 2C 00
         31 00 34 00
         30 00 2C 00
         00 00 00 00
00000C9A 59 00 00 00        		.dd LM58-_main
00000C9C 0D 00 0A 00        		.dw 0x0d,0x0a
0000B4C3                    	.code
                            	LM58:
                            	L41:
0000B4C3 0F 9F C7 B4        		PC=L43	// jump
0000B4C5 0F 9F 9B B5        		PC=L42	// jump
                            	L43:
00000C9E                    	.debug
00000C9E 2E 00 73 00        		.dw '.stabn 0x44,0,142,',0,0
         74 00 61 00
         62 00 6E 00
         20 00 30 00
         78 00 34 00
         34 00 2C 00
         30 00 2C 00
         31 00 34 00
         32 00 2C 00
         00 00 00 00
00000CB2 5D 00 00 00        		.dd LM59-_main
00000CB4 0D 00 0A 00        		.dw 0x0d,0x0a
0000B4C7                    	.code
                            	LM59:
0000B4C7 05 93              		R1=BP	// QImode move
0000B4C8 0D 05 02 00        		R2=BP+2
0000B4CA 05 97              		R3=BP	// QImode move
0000B4CB 0D 03 02 00        		R1=BP+2
0000B4CD 05 95              		R2=BP	// QImode move
0000B4CE 0D 07 02 00        		R3=BP+2
0000B4D0 03 99              		R4=R3	// QImode move
0000B4D1 C4 94              		R2=[R4]	// QImode move
0000B4D2 0A 07 01 00        		R3=R2+1
0000B4D4 01 95              		R2=R1	// QImode move
0000B4D5 C2 D6              		[R2]=R3	// QImode move
00000CB6                    	.debug
00000CB6 2E 00 73 00        		.dw '.stabn 0x44,0,143,',0,0
         74 00 61 00
         62 00 6E 00
         20 00 30 00
         78 00 34 00
         34 00 2C 00
         30 00 2C 00
         31 00 34 00
         33 00 2C 00
         00 00 00 00
00000CCA 6C 00 00 00        		.dd LM60-_main
00000CCC 0D 00 0A 00        		.dw 0x0d,0x0a
0000B4D6                    	.code
                            	LM60:
0000B4D6 05 93              		R1=BP	// QImode move
0000B4D7 0D 05 02 00        		R2=BP+2
0000B4D9 02 97              		R3=R2	// QImode move
0000B4DA C3 92              		R1=[R3]	// QImode move
0000B4DB 42 42              		CMP R1,2	// QImode compare
0000B4DC 08 AE 01 EE        		NSJNG L44	//QImode LE
         00 EE      
0000B4DF 05 93              		R1=BP	// QImode move
0000B4E0 0D 05 02 00        		R2=BP+2
0000B4E2 40 92              		R1=0	// QImode move
0000B4E3 02 99              		R4=R2	// QImode move
0000B4E4 C4 D2              		[R4]=R1	// QImode move
                            	L44:
00000CCE                    	.debug
00000CCE 2E 00 73 00        		.dw '.stabn 0x44,0,144,',0,0
         74 00 61 00
         62 00 6E 00
         20 00 30 00
         78 00 34 00
         34 00 2C 00
         30 00 2C 00
         31 00 34 00
         34 00 2C 00
         00 00 00 00
00000CE2 7B 00 00 00        		.dd LM61-_main
00000CE4 0D 00 0A 00        		.dw 0x0d,0x0a
0000B4E5                    	.code
                            	LM61:
0000B4E5 40 F0 3B 9C        		CALL _BSR_GetResult	// call with return value
0000B4E7 C5 D2              		[BP]=R1	// QImode move
00000CE6                    	.debug
00000CE6 2E 00 73 00        		.dw '.stabn 0x44,0,146,',0,0
         74 00 61 00
         62 00 6E 00
         20 00 30 00
         78 00 34 00
         34 00 2C 00
         30 00 2C 00
         31 00 34 00
         36 00 2C 00
         00 00 00 00
00000CFA 7E 00 00 00        		.dd LM62-_main
00000CFC 0D 00 0A 00        		.dw 0x0d,0x0a
0000B4E8                    	.code
                            	LM62:
0000B4E8 C5 92              		R1=[BP]	// QImode move
0000B4E9 40 42              		CMP R1,0	// QImode test
0000B4EA 02 BE 0F 9F        		NSJNG L45	//QImode LE
         70 B5      
00000CFE                    	.debug
00000CFE 2E 00 73 00        		.dw '.stabn 0x44,0,148,',0,0
         74 00 61 00
         62 00 6E 00
         20 00 30 00
         78 00 34 00
         34 00 2C 00
         30 00 2C 00
         31 00 34 00
         38 00 2C 00
         00 00 00 00
00000D12 83 00 00 00        		.dd LM63-_main
00000D14 0D 00 0A 00        		.dw 0x0d,0x0a
0000B4ED                    	.code
                            	LM63:
0000B4ED 11 93 7D 04        		R1=[_gActivated]	// QImode move
0000B4EF 40 42              		CMP R1,0	// QImode test
0000B4F0 02 4E 0F 9F        		NSJZ L46	//QImode EQ
         4D B5      
00000D16                    	.debug
00000D16 2E 00 73 00        		.dw '.stabn 0x44,0,150,',0,0
         74 00 61 00
         62 00 6E 00
         20 00 30 00
         78 00 34 00
         34 00 2C 00
         30 00 2C 00
         31 00 35 00
         30 00 2C 00
         00 00 00 00
00000D2A 89 00 00 00        		.dd LM64-_main
00000D2C 0D 00 0A 00        		.dw 0x0d,0x0a
0000B4F3                    	.code
                            	LM64:
0000B4F3 05 93              		R1=BP	// QImode move
0000B4F4 0D 05 01 00        		R2=BP+1
0000B4F6 40 92              		R1=0	// QImode move
0000B4F7 02 97              		R3=R2	// QImode move
0000B4F8 C3 D2              		[R3]=R1	// QImode move
00000D2E                    	.debug
00000D2E 2E 00 73 00        		.dw '.stabn 0x44,0,151,',0,0
         74 00 61 00
         62 00 6E 00
         20 00 30 00
         78 00 34 00
         34 00 2C 00
         30 00 2C 00
         31 00 35 00
         31 00 2C 00
         00 00 00 00
00000D42 8F 00 00 00        		.dd LM65-_main
00000D44 0D 00 0A 00        		.dw 0x0d,0x0a
0000B4F9                    	.code
                            	LM65:
0000B4F9 C5 92              		R1=[BP]	// QImode move
0000B4FA 09 43 01 01        		CMP R1,257	// QImode compare
0000B4FC 29 5E 01 EE        		NSJZ L49	//QImode EQ
         00 EE      
0000B4FF 09 43 01 01        		CMP R1,257	// QImode compare
0000B501 09 BE 01 EE        		NSJG L53	//QImode GT
         00 EE      
0000B504 09 43 00 01        		CMP R1,256	// QImode compare
0000B506 0B 5E 01 EE        		NSJZ L48	//QImode EQ
         00 EE      
0000B509 0F 9F 4B B5        		PC=L47	// jump
                            	L53:
0000B50B 09 43 02 01        		CMP R1,258	// QImode compare
0000B50D 28 5E 01 EE        		NSJZ L50	//QImode EQ
         00 EE      
0000B510 0F 9F 4B B5        		PC=L47	// jump
                            	L48:
00000D46                    	.debug
00000D46 2E 00 73 00        		.dw '.stabn 0x44,0,154,',0,0
         74 00 61 00
         62 00 6E 00
         20 00 30 00
         78 00 34 00
         34 00 2C 00
         30 00 2C 00
         31 00 35 00
         34 00 2C 00
         00 00 00 00
00000D5A A8 00 00 00        		.dd LM66-_main
00000D5C 0D 00 0A 00        		.dw 0x0d,0x0a
0000B512                    	.code
                            	LM66:
0000B512 05 93              		R1=BP	// QImode move
0000B513 0D 05 02 00        		R2=BP+2
0000B515 02 93              		R1=R2	// QImode move
0000B516 40 98              		R4=0	// sign extend
0000B517 C1 96              		R3=[R1]
0000B518 01 6E              		jpl 1
0000B519 41 68              		R4=-1
0000B51A 09 93 7E 04        		R1=_gTriggerRespond	// QImode move
0000B51C 03 95              		R2=R3	// QImode move
0000B51D 02 03              		R1 = R1 + R2	//addqi3
0000B51E 01 97              		R3=R1	// QImode move
0000B51F C3 94              		R2=[R3]	// QImode move
0000B520 C8 D4              		[SP--]=R2	// QImode move
0000B521 40 F0 C8 B3        		CALL _PlayRespond	// call without return value
0000B523 41 00              		SP = SP + 1	//SP
00000D5E                    	.debug
00000D5E 2E 00 73 00        		.dw '.stabn 0x44,0,155,',0,0
         74 00 61 00
         62 00 6E 00
         20 00 30 00
         78 00 34 00
         34 00 2C 00
         30 00 2C 00
         31 00 35 00
         35 00 2C 00
         00 00 00 00
00000D72 BA 00 00 00        		.dd LM67-_main
00000D74 0D 00 0A 00        		.dw 0x0d,0x0a
0000B524                    	.code
                            	LM67:
0000B524 0F 9F 4B B5        		PC=L47	// jump
                            	L49:
00000D76                    	.debug
00000D76 2E 00 73 00        		.dw '.stabn 0x44,0,157,',0,0
         74 00 61 00
         62 00 6E 00
         20 00 30 00
         78 00 34 00
         34 00 2C 00
         30 00 2C 00
         31 00 35 00
         37 00 2C 00
         00 00 00 00
00000D8A BC 00 00 00        		.dd LM68-_main
00000D8C 0D 00 0A 00        		.dw 0x0d,0x0a
0000B526                    	.code
                            	LM68:
0000B526 41 92              		R1=1	// QImode move
0000B527 19 D3 84 04        		[_PlayFlag]=R1	// QImode move
00000D8E                    	.debug
00000D8E 2E 00 73 00        		.dw '.stabn 0x44,0,158,',0,0
         74 00 61 00
         62 00 6E 00
         20 00 30 00
         78 00 34 00
         34 00 2C 00
         30 00 2C 00
         31 00 35 00
         38 00 2C 00
         00 00 00 00
00000DA2 BF 00 00 00        		.dd LM69-_main
00000DA4 0D 00 0A 00        		.dw 0x0d,0x0a
0000B529                    	.code
                            	LM69:
0000B529 40 92              		R1=0	// QImode move
0000B52A C8 D2              		[SP--]=R1	// QImode move
0000B52B 40 F0 94 B3        		CALL _PlayRespond2	// call without return value
0000B52D 41 00              		SP = SP + 1	//SP
00000DA6                    	.debug
00000DA6 2E 00 73 00        		.dw '.stabn 0x44,0,159,',0,0
         74 00 61 00
         62 00 6E 00
         20 00 30 00
         78 00 34 00
         34 00 2C 00
         30 00 2C 00
         31 00 35 00
         39 00 2C 00
         00 00 00 00
00000DBA C4 00 00 00        		.dd LM70-_main
00000DBC 0D 00 0A 00        		.dw 0x0d,0x0a
0000B52E                    	.code
                            	LM70:
0000B52E 40 92              		R1=0	// QImode move
0000B52F 19 D3 84 04        		[_PlayFlag]=R1	// QImode move
00000DBE                    	.debug
00000DBE 2E 00 73 00        		.dw '.stabn 0x44,0,160,',0,0
         74 00 61 00
         62 00 6E 00
         20 00 30 00
         78 00 34 00
         34 00 2C 00
         30 00 2C 00
         31 00 36 00
         30 00 2C 00
         00 00 00 00
00000DD2 C7 00 00 00        		.dd LM71-_main
00000DD4 0D 00 0A 00        		.dw 0x0d,0x0a
0000B531                    	.code
                            	LM71:
0000B531 40 92              		R1=0	// QImode move
0000B532 19 D3 7D 04        		[_gActivated]=R1	// QImode move
00000DD6                    	.debug
00000DD6 2E 00 73 00        		.dw '.stabn 0x44,0,161,',0,0
         74 00 61 00
         62 00 6E 00
         20 00 30 00
         78 00 34 00
         34 00 2C 00
         30 00 2C 00
         31 00 36 00
         31 00 2C 00
         00 00 00 00
00000DEA CA 00 00 00        		.dd LM72-_main
00000DEC 0D 00 0A 00        		.dw 0x0d,0x0a
0000B534                    	.code
                            	LM72:
0000B534 0F 9F 4B B5        		PC=L47	// jump
                            	L50:
00000DEE                    	.debug
00000DEE 2E 00 73 00        		.dw '.stabn 0x44,0,163,',0,0
         74 00 61 00
         62 00 6E 00
         20 00 30 00
         78 00 34 00
         34 00 2C 00
         30 00 2C 00
         31 00 36 00
         33 00 2C 00
         00 00 00 00
00000E02 CC 00 00 00        		.dd LM73-_main
00000E04 0D 00 0A 00        		.dw 0x0d,0x0a
0000B536                    	.code
                            	LM73:
0000B536 05 93              		R1=BP	// QImode move
0000B537 0D 05 02 00        		R2=BP+2
0000B539 02 93              		R1=R2	// QImode move
0000B53A 40 98              		R4=0	// sign extend
0000B53B C1 96              		R3=[R1]
0000B53C 01 6E              		jpl 1
0000B53D 41 68              		R4=-1
0000B53E 09 93 81 04        		R1=_gComm2Respond	// QImode move
0000B540 03 95              		R2=R3	// QImode move
0000B541 02 03              		R1 = R1 + R2	//addqi3
0000B542 01 97              		R3=R1	// QImode move
0000B543 C3 94              		R2=[R3]	// QImode move
0000B544 C8 D4              		[SP--]=R2	// QImode move
0000B545 40 F0 C8 B3        		CALL _PlayRespond	// call without return value
0000B547 41 00              		SP = SP + 1	//SP
00000E06                    	.debug
00000E06 2E 00 73 00        		.dw '.stabn 0x44,0,164,',0,0
         74 00 61 00
         62 00 6E 00
         20 00 30 00
         78 00 34 00
         34 00 2C 00
         30 00 2C 00
         31 00 36 00
         34 00 2C 00
         00 00 00 00
00000E1A DE 00 00 00        		.dd LM74-_main
00000E1C 0D 00 0A 00        		.dw 0x0d,0x0a
0000B548                    	.code
                            	LM74:
0000B548 40 92              		R1=0	// QImode move
0000B549 19 D3 7D 04        		[_gActivated]=R1	// QImode move
                            	L52:
                            	L47:
00000E1E                    	.debug
00000E1E 2E 00 73 00        		.dw '.stabn 0x44,0,166,',0,0
         74 00 61 00
         62 00 6E 00
         20 00 30 00
         78 00 34 00
         34 00 2C 00
         30 00 2C 00
         31 00 36 00
         36 00 2C 00
         00 00 00 00
00000E32 E1 00 00 00        		.dd LM75-_main
00000E34 0D 00 0A 00        		.dw 0x0d,0x0a
0000B54B                    	.code
                            	LM75:
0000B54B 0F 9F 6E B5        		PC=L54	// jump
                            	L46:
00000E36                    	.debug
00000E36 2E 00 73 00        		.dw '.stabn 0x44,0,169,',0,0
         74 00 61 00
         62 00 6E 00
         20 00 30 00
         78 00 34 00
         34 00 2C 00
         30 00 2C 00
         31 00 36 00
         39 00 2C 00
         00 00 00 00
00000E4A E3 00 00 00        		.dd LM76-_main
00000E4C 0D 00 0A 00        		.dw 0x0d,0x0a
0000B54D                    	.code
                            	LM76:
0000B54D C5 92              		R1=[BP]	// QImode move
0000B54E 09 43 00 01        		CMP R1,256	// QImode compare
0000B550 1D 4E 01 EE        		NSJNZ L54	//QImode NE
         00 EE      
00000E4E                    	.debug
00000E4E 2E 00 73 00        		.dw '.stabn 0x44,0,171,',0,0
         74 00 61 00
         62 00 6E 00
         20 00 30 00
         78 00 34 00
         34 00 2C 00
         30 00 2C 00
         31 00 37 00
         31 00 2C 00
         00 00 00 00
00000E62 E9 00 00 00        		.dd LM77-_main
00000E64 0D 00 0A 00        		.dw 0x0d,0x0a
0000B553                    	.code
                            	LM77:
0000B553 05 93              		R1=BP	// QImode move
0000B554 0D 05 02 00        		R2=BP+2
0000B556 02 93              		R1=R2	// QImode move
0000B557 40 98              		R4=0	// sign extend
0000B558 C1 96              		R3=[R1]
0000B559 01 6E              		jpl 1
0000B55A 41 68              		R4=-1
0000B55B 09 93 7E 04        		R1=_gTriggerRespond	// QImode move
0000B55D 03 95              		R2=R3	// QImode move
0000B55E 02 03              		R1 = R1 + R2	//addqi3
0000B55F 01 97              		R3=R1	// QImode move
0000B560 C3 94              		R2=[R3]	// QImode move
0000B561 C8 D4              		[SP--]=R2	// QImode move
0000B562 40 F0 C8 B3        		CALL _PlayRespond	// call without return value
0000B564 41 00              		SP = SP + 1	//SP
00000E66                    	.debug
00000E66 2E 00 73 00        		.dw '.stabn 0x44,0,172,',0,0
         74 00 61 00
         62 00 6E 00
         20 00 30 00
         78 00 34 00
         34 00 2C 00
         30 00 2C 00
         31 00 37 00
         32 00 2C 00
         00 00 00 00
00000E7A FB 00 00 00        		.dd LM78-_main
00000E7C 0D 00 0A 00        		.dw 0x0d,0x0a
0000B565                    	.code
                            	LM78:
0000B565 41 92              		R1=1	// QImode move
0000B566 19 D3 7D 04        		[_gActivated]=R1	// QImode move
00000E7E                    	.debug
00000E7E 2E 00 73 00        		.dw '.stabn 0x44,0,173,',0,0
         74 00 61 00
         62 00 6E 00
         20 00 30 00
         78 00 34 00
         34 00 2C 00
         30 00 2C 00
         31 00 37 00
         33 00 2C 00
         00 00 00 00
00000E92 FE 00 00 00        		.dd LM79-_main
00000E94 0D 00 0A 00        		.dw 0x0d,0x0a
0000B568                    	.code
                            	LM79:
0000B568 05 93              		R1=BP	// QImode move
0000B569 0D 05 01 00        		R2=BP+1
0000B56B 40 92              		R1=0	// QImode move
0000B56C 02 99              		R4=R2	// QImode move
0000B56D C4 D2              		[R4]=R1	// QImode move
                            	L55:
                            	L54:
00000E96                    	.debug
00000E96 2E 00 73 00        		.dw '.stabn 0x44,0,176,',0,0
         74 00 61 00
         62 00 6E 00
         20 00 30 00
         78 00 34 00
         34 00 2C 00
         30 00 2C 00
         31 00 37 00
         36 00 2C 00
         00 00 00 00
00000EAA 04 01 00 00        		.dd LM80-_main
00000EAC 0D 00 0A 00        		.dw 0x0d,0x0a
0000B56E                    	.code
                            	LM80:
0000B56E 0F 9F 99 B5        		PC=L56	// jump
                            	L45:
00000EAE                    	.debug
00000EAE 2E 00 73 00        		.dw '.stabn 0x44,0,177,',0,0
         74 00 61 00
         62 00 6E 00
         20 00 30 00
         78 00 34 00
         34 00 2C 00
         30 00 2C 00
         31 00 37 00
         37 00 2C 00
         00 00 00 00
00000EC2 06 01 00 00        		.dd LM81-_main
00000EC4 0D 00 0A 00        		.dw 0x0d,0x0a
0000B570                    	.code
                            	LM81:
0000B570 11 93 7D 04        		R1=[_gActivated]	// QImode move
0000B572 40 42              		CMP R1,0	// QImode test
0000B573 25 5E 01 EE        		NSJZ L56	//QImode EQ
         00 EE      
00000EC6                    	.debug
00000EC6 2E 00 73 00        		.dw '.stabn 0x44,0,179,',0,0
         74 00 61 00
         62 00 6E 00
         20 00 30 00
         78 00 34 00
         34 00 2C 00
         30 00 2C 00
         31 00 37 00
         39 00 2C 00
         00 00 00 00
00000EDA 0C 01 00 00        		.dd LM82-_main
00000EDC 0D 00 0A 00        		.dw 0x0d,0x0a
0000B576                    	.code
                            	LM82:
0000B576 05 93              		R1=BP	// QImode move
0000B577 0D 05 01 00        		R2=BP+1
0000B579 05 97              		R3=BP	// QImode move
0000B57A 0D 03 01 00        		R1=BP+1
0000B57C 05 95              		R2=BP	// QImode move
0000B57D 0D 07 01 00        		R3=BP+1
0000B57F 03 95              		R2=R3	// QImode move
0000B580 C2 98              		R4=[R2]	// QImode move
0000B581 0C 05 01 00        		R2=R4+1
0000B583 02 97              		R3=R2	// QImode move
0000B584 01 99              		R4=R1	// QImode move
0000B585 C4 D6              		[R4]=R3	// QImode move
0000B586 0B 47 C2 01        		CMP R3,450	// QImode compare
0000B588 10 AE 01 EE        		NSJNG L56	//QImode LE
         00 EE      
00000EDE                    	.debug
00000EDE 2E 00 73 00        		.dw '.stabn 0x44,0,181,',0,0
         74 00 61 00
         62 00 6E 00
         20 00 30 00
         78 00 34 00
         34 00 2C 00
         30 00 2C 00
         31 00 38 00
         31 00 2C 00
         00 00 00 00
00000EF2 21 01 00 00        		.dd LM83-_main
00000EF4 0D 00 0A 00        		.dw 0x0d,0x0a
0000B58B                    	.code
                            	LM83:
0000B58B 45 92              		R1=5	// QImode move
0000B58C C8 D2              		[SP--]=R1	// QImode move
0000B58D 40 F0 C8 B3        		CALL _PlayRespond	// call without return value
0000B58F 41 00              		SP = SP + 1	//SP
00000EF6                    	.debug
00000EF6 2E 00 73 00        		.dw '.stabn 0x44,0,182,',0,0
         74 00 61 00
         62 00 6E 00
         20 00 30 00
         78 00 34 00
         34 00 2C 00
         30 00 2C 00
         31 00 38 00
         32 00 2C 00
         00 00 00 00
00000F0A 26 01 00 00        		.dd LM84-_main
00000F0C 0D 00 0A 00        		.dw 0x0d,0x0a
0000B590                    	.code
                            	LM84:
0000B590 40 92              		R1=0	// QImode move
0000B591 19 D3 7D 04        		[_gActivated]=R1	// QImode move
00000F0E                    	.debug
00000F0E 2E 00 73 00        		.dw '.stabn 0x44,0,183,',0,0
         74 00 61 00
         62 00 6E 00
         20 00 30 00
         78 00 34 00
         34 00 2C 00
         30 00 2C 00
         31 00 38 00
         33 00 2C 00
         00 00 00 00
00000F22 29 01 00 00        		.dd LM85-_main
00000F24 0D 00 0A 00        		.dw 0x0d,0x0a
0000B593                    	.code
                            	LM85:
0000B593 05 93              		R1=BP	// QImode move
0000B594 0D 05 01 00        		R2=BP+1
0000B596 40 92              		R1=0	// QImode move
0000B597 02 97              		R3=R2	// QImode move
0000B598 C3 D2              		[R3]=R1	// QImode move
                            	L58:
                            	L57:
                            	L56:
00000F26                    	.debug
00000F26 2E 00 73 00        		.dw '.stabn 0x44,0,186,',0,0
         74 00 61 00
         62 00 6E 00
         20 00 30 00
         78 00 34 00
         34 00 2C 00
         30 00 2C 00
         31 00 38 00
         36 00 2C 00
         00 00 00 00
00000F3A 2F 01 00 00        		.dd LM86-_main
00000F3C 0D 00 0A 00        		.dw 0x0d,0x0a
0000B599                    	.code
                            	LM86:
0000B599 0F 9F C3 B4        		PC=L41	// jump
                            	L42:
00000F3E                    	.debug
00000F3E 2E 00 73 00        		.dw '.stabn 0x44,0,187,',0,0
         74 00 61 00
         62 00 6E 00
         20 00 30 00
         78 00 34 00
         34 00 2C 00
         30 00 2C 00
         31 00 38 00
         37 00 2C 00
         00 00 00 00
00000F52 31 01 00 00        		.dd LM87-_main
00000F54 0D 00 0A 00        		.dw 0x0d,0x0a
0000B59B                    	.code
                            	LM87:
                            	LBE7:
00000F56                    	.debug
00000F56 2E 00 73 00        		.dw '.stabn 0x44,0,187,',0,0
         74 00 61 00
         62 00 6E 00
         20 00 30 00
         78 00 34 00
         34 00 2C 00
         30 00 2C 00
         31 00 38 00
         37 00 2C 00
         00 00 00 00
00000F6A 31 01 00 00        		.dd LM88-_main
00000F6C 0D 00 0A 00        		.dw 0x0d,0x0a
0000B59B                    	.code
                            	LM88:
                            	L31:
                            	
0000B59B 44 00              		SP+=4
0000B59C 88 98              		POP BP from [SP]
0000B59D 90 9A              		RETF
                            		.endp	// end of main
                            	
00000F6E                    	.debug
00000F6E 2E 00 73 00        		.dw '.stabn 0xc0,0,0,',0,0
         74 00 61 00
         62 00 6E 00
         20 00 30 00
         78 00 63 00
         30 00 2C 00
         30 00 2C 00
         30 00 2C 00
         00 00 00 00
00000F80 07 00 00 00        		.dd LBB7-_main
00000F82 0D 00 0A 00        		.dw 0x0d,0x0a
0000B59E                    	.code
00000F84                    	.debug
00000F84 2E 00 73 00        		.dw '.stabs "res:1",128,0,0,0',0x0d,0x0a
         74 00 61 00
         62 00 73 00
         20 00 22 00
         72 00 65 00
         73 00 3A 00
         31 00 22 00
         2C 00 31 00
         32 00 38 00
         2C 00 30 00
         2C 00 30 00
         2C 00 30 00
         0D 00 0A 00
0000B59E                    	.CODE
00000F9E                    	.debug
00000F9E 2E 00 73 00        		.dw '.stabs "timeCnt:1",128,0,0,1',0x0d,0x0a
         74 00 61 00
         62 00 73 00
         20 00 22 00
         74 00 69 00
         6D 00 65 00
         43 00 6E 00
         74 00 3A 00
         31 00 22 00
         2C 00 31 00
         32 00 38 00
         2C 00 30 00
         2C 00 30 00
         2C 00 31 00
         0D 00 0A 00
0000B59E                    	.CODE
00000FBC                    	.debug
00000FBC 2E 00 73 00        		.dw '.stabs "random_no:1",128,0,0,2',0x0d,0x0a
         74 00 61 00
         62 00 73 00
         20 00 22 00
         72 00 61 00
         6E 00 64 00
         6F 00 6D 00
         5F 00 6E 00
         6F 00 3A 00
         31 00 22 00
         2C 00 31 00
         32 00 38 00
         2C 00 30 00
         2C 00 30 00
         2C 00 32 00
         0D 00 0A 00
0000B59E                    	.CODE
00000FDC                    	.debug
00000FDC 2E 00 73 00        		.dw '.stabn 0xe0,0,0,',0,0
         74 00 61 00
         62 00 6E 00
         20 00 30 00
         78 00 65 00
         30 00 2C 00
         30 00 2C 00
         30 00 2C 00
         00 00 00 00
00000FEE 31 01 00 00        		.dd LBE7-_main
00000FF0 0D 00 0A 00        		.dw 0x0d,0x0a
0000B59E                    	.code
00000FF2                    	.debug
00000FF2 2E 00 73 00        		.dw '.stabf ',0,0
         74 00 61 00
         62 00 66 00
         20 00 00 00
         00 00      
00000FFB 34 01 00 00        		.dd LME4-_main
00000FFD 0D 00 0A 00        		.dw 0x0d,0x0a
0000B59E                    	.code
                            	LME4:
                            	.external _BSR_GetResult
                            	.external _BSR_DeleteSDGroup
                            	.external _BSR_Train
                            	.external _SACM_S480_Stop
                            	.external _SACM_S480_ServiceLoop
                            	.external _SACM_S480_Status
                            	.external _SACM_S480_Play
                            	.external _SACM_S480_Initial
                            	.external _BSR_EnableCPUIndicator
                            	.external _BSR_InitRecognizer
                            	.external _SACM_A2000_Stop
                            	.external _ClearWatchDog
                            	.external _SACM_A2000_ServiceLoop
                            	.external _SACM_A2000_Status
                            	.external _SACM_A2000_Play
                            	.external _SACM_A2000_Initial
                            	.external _BSR_StopRecognizer
                            		.end
0 error(s), 0 warning(s).

