Sunplus u'nSP Assembler - Ver. 1.14.12
              Listing File Has Been Relocated
                            	
                            	// Resource Table
                            	// Created by IDE, Do not modify this table
                            	
00008026                    	.TEXT
                            	.public _RES_Table;
                            	.external __RES_1_48K_sa
                            	.public _RES_1_48K_SA;
                            	.external __RES_1_48K_ea;
                            	.public _RES_1_48K_EA;
                            	.external __RES_10_48K_sa
                            	.public _RES_10_48K_SA;
                            	.external __RES_10_48K_ea;
                            	.public _RES_10_48K_EA;
                            	.external __RES_11_48K_sa
                            	.public _RES_11_48K_SA;
                            	.external __RES_11_48K_ea;
                            	.public _RES_11_48K_EA;
                            	.external __RES_12_48K_sa
                            	.public _RES_12_48K_SA;
                            	.external __RES_12_48K_ea;
                            	.public _RES_12_48K_EA;
                            	.external __RES_15_48K_sa
                            	.public _RES_15_48K_SA;
                            	.external __RES_15_48K_ea;
                            	.public _RES_15_48K_EA;
                            	.external __RES_2_48K_sa
                            	.public _RES_2_48K_SA;
                            	.external __RES_2_48K_ea;
                            	.public _RES_2_48K_EA;
                            	.external __RES_3_48K_sa
                            	.public _RES_3_48K_SA;
                            	.external __RES_3_48K_ea;
                            	.public _RES_3_48K_EA;
                            	.external __RES_4_48K_sa
                            	.public _RES_4_48K_SA;
                            	.external __RES_4_48K_ea;
                            	.public _RES_4_48K_EA;
                            	.external __RES_5_48K_sa
                            	.public _RES_5_48K_SA;
                            	.external __RES_5_48K_ea;
                            	.public _RES_5_48K_EA;
                            	.external __RES_6_48K_sa
                            	.public _RES_6_48K_SA;
                            	.external __RES_6_48K_ea;
                            	.public _RES_6_48K_EA;
                            	.external __RES_7_48K_sa
                            	.public _RES_7_48K_SA;
                            	.external __RES_7_48K_ea;
                            	.public _RES_7_48K_EA;
                            	.external __RES_S12_24K_sa
                            	.public _RES_S12_24K_SA;
                            	.external __RES_S12_24K_ea;
                            	.public _RES_S12_24K_EA;
                            	.external __RES_18_48K_sa
                            	.public _RES_18_48K_SA;
                            	.external __RES_18_48K_ea;
                            	.public _RES_18_48K_EA;
                            	.external __RES_17_48K_sa
                            	.public _RES_17_48K_SA;
                            	.external __RES_17_48K_ea;
                            	.public _RES_17_48K_EA;
                            	.external __RES_16_48K_sa
                            	.public _RES_16_48K_SA;
                            	.external __RES_16_48K_ea;
                            	.public _RES_16_48K_EA;
                            	
                            	
                            	_RES_Table:
                            	
                            	_RES_1_48K_SA:
00008026 61 DB 00 00        		.DW offset __RES_1_48K_sa,seg __RES_1_48K_sa;
                            	_RES_1_48K_EA:
00008028 38 DF 00 00        		.DW offset __RES_1_48K_ea,seg __RES_1_48K_ea;
                            	
                            	_RES_10_48K_SA:
0000802A 38 EF 00 00        		.DW offset __RES_10_48K_sa,seg __RES_10_48K_sa;
                            	_RES_10_48K_EA:
0000802C 1C F2 00 00        		.DW offset __RES_10_48K_ea,seg __RES_10_48K_ea;
                            	
                            	_RES_11_48K_SA:
0000802E 3A E9 00 00        		.DW offset __RES_11_48K_sa,seg __RES_11_48K_sa;
                            	_RES_11_48K_EA:
00008030 42 EC 00 00        		.DW offset __RES_11_48K_ea,seg __RES_11_48K_ea;
                            	
                            	_RES_12_48K_SA:
00008032 42 EC 00 00        		.DW offset __RES_12_48K_sa,seg __RES_12_48K_sa;
                            	_RES_12_48K_EA:
00008034 38 EF 00 00        		.DW offset __RES_12_48K_ea,seg __RES_12_48K_ea;
                            	
                            	_RES_15_48K_SA:
00008036 EB E2 00 00        		.DW offset __RES_15_48K_sa,seg __RES_15_48K_sa;
                            	_RES_15_48K_EA:
00008038 20 E6 00 00        		.DW offset __RES_15_48K_ea,seg __RES_15_48K_ea;
                            	
                            	_RES_2_48K_SA:
0000803A 9A BE 00 00        		.DW offset __RES_2_48K_sa,seg __RES_2_48K_sa;
                            	_RES_2_48K_EA:
0000803C DD C2 00 00        		.DW offset __RES_2_48K_ea,seg __RES_2_48K_ea;
                            	
                            	_RES_3_48K_SA:
0000803E 8F D3 00 00        		.DW offset __RES_3_48K_sa,seg __RES_3_48K_sa;
                            	_RES_3_48K_EA:
00008040 8A D7 00 00        		.DW offset __RES_3_48K_ea,seg __RES_3_48K_ea;
                            	
                            	_RES_4_48K_SA:
00008042 8A D7 00 00        		.DW offset __RES_4_48K_sa,seg __RES_4_48K_sa;
                            	_RES_4_48K_EA:
00008044 61 DB 00 00        		.DW offset __RES_4_48K_ea,seg __RES_4_48K_ea;
                            	
                            	_RES_5_48K_SA:
00008046 20 C7 00 00        		.DW offset __RES_5_48K_sa,seg __RES_5_48K_sa;
                            	_RES_5_48K_EA:
00008048 51 CB 00 00        		.DW offset __RES_5_48K_ea,seg __RES_5_48K_ea;
                            	
                            	_RES_6_48K_SA:
0000804A 51 CB 00 00        		.DW offset __RES_6_48K_sa,seg __RES_6_48K_sa;
                            	_RES_6_48K_EA:
0000804C 70 CF 00 00        		.DW offset __RES_6_48K_ea,seg __RES_6_48K_ea;
                            	
                            	_RES_7_48K_SA:
0000804E 70 CF 00 00        		.DW offset __RES_7_48K_sa,seg __RES_7_48K_sa;
                            	_RES_7_48K_EA:
00008050 8F D3 00 00        		.DW offset __RES_7_48K_ea,seg __RES_7_48K_ea;
                            	
                            	_RES_S12_24K_SA:
00008052 1F B8 00 00        		.DW offset __RES_S12_24K_sa,seg __RES_S12_24K_sa;
                            	_RES_S12_24K_EA:
00008054 9A BE 00 00        		.DW offset __RES_S12_24K_ea,seg __RES_S12_24K_ea;
                            	
                            	_RES_18_48K_SA:
00008056 DD C2 00 00        		.DW offset __RES_18_48K_sa,seg __RES_18_48K_sa;
                            	_RES_18_48K_EA:
00008058 20 C7 00 00        		.DW offset __RES_18_48K_ea,seg __RES_18_48K_ea;
                            	
                            	_RES_17_48K_SA:
0000805A 20 E6 00 00        		.DW offset __RES_17_48K_sa,seg __RES_17_48K_sa;
                            	_RES_17_48K_EA:
0000805C 3A E9 00 00        		.DW offset __RES_17_48K_ea,seg __RES_17_48K_ea;
                            	
                            	_RES_16_48K_SA:
0000805E 38 DF 00 00        		.DW offset __RES_16_48K_sa,seg __RES_16_48K_sa;
                            	_RES_16_48K_EA:
00008060 EB E2 00 00        		.DW offset __RES_16_48K_ea,seg __RES_16_48K_ea;
                            	
                            	
                            	// End Table
0 error(s), 0 warning(s).

