2014-07-01 14:41:30  strHost:
2014-07-01 14:41:30  line:50
2014-07-01 14:41:30  strUrl:http://192.168.1.52/miner.php
2014-07-01 14:41:30  LkMachine_GetStatus line:0
2014-07-01 14:41:30  FindPoolStatus curline:0
2014-07-01 14:54:29  strHost:
2014-07-01 14:54:29  line:50
2014-07-01 14:54:29  strUrl:http://192.168.1.52/miner.php
2014-07-01 14:54:29  LkMachine_GetStatus line:0
2014-07-01 14:54:30  FindPoolStatus curline:0
2014-07-01 15:10:54  strHost:
2014-07-01 15:10:54  line:50
2014-07-01 15:10:54  strUrl:http://192.168.1.52/miner.php
2014-07-01 15:10:54  LkMachine_GetStatus line:0
2014-07-01 15:10:55  FindPoolStatus curline:0
2014-07-01 15:27:30  strHost:
2014-07-01 15:27:30  line:50
2014-07-01 15:27:30  strUrl:http://192.168.1.52/miner.php
2014-07-01 15:27:30  LkMachine_GetStatus line:0
2014-07-01 15:27:31  FindPoolStatus curline:0
2014-07-01 15:34:37  strHost:
2014-07-01 15:34:37  line:50
2014-07-01 15:34:37  strUrl:http://192.168.1.52/miner.php
2014-07-01 15:34:37  LkMachine_GetStatus line:0
2014-07-01 15:34:37  FindPoolStatus curline:0
2014-07-01 15:56:48  strHost:
2014-07-01 15:56:48  line:50
2014-07-01 15:56:48  strUrl:http://192.168.1.52/miner.php
2014-07-01 15:56:48  LkMachine_GetStatus line:0
2014-07-01 15:56:49  FindPoolStatus curline:0
2014-07-01 17:07:51  strHost:
2014-07-01 17:07:51  line:50
2014-07-01 17:07:51  strUrl:http://192.168.1.52/miner.php
2014-07-01 17:07:51  LkMachine_GetStatus line:0
2014-07-01 17:07:51  FindPoolStatus curline:0
2014-07-01 17:10:02  strHost:
2014-07-01 17:10:02  line:50
2014-07-01 17:10:02  strUrl:http://192.168.1.52/miner.php
2014-07-01 17:10:02  LkMachine_GetStatus line:0
2014-07-01 17:10:03  FindPoolStatus curline:0
2014-07-01 17:12:17  strHost:
2014-07-01 17:12:17  line:50
2014-07-01 17:12:17  strUrl:http://192.168.1.52/miner.php
2014-07-01 17:12:17  LkMachine_GetStatus line:0
2014-07-01 17:12:17  FindPoolStatus curline:0
2014-07-01 17:14:59  strHost:
2014-07-01 17:14:59  line:50
2014-07-01 17:14:59  strUrl:http://192.168.1.52/miner.php
2014-07-01 17:14:59  LkMachine_GetStatus line:0
2014-07-01 17:14:59  FindPoolStatus curline:0
2014-07-01 17:15:44  Ⱦɫ
2014-07-01 17:15:53  Ⱦɫ
2014-07-01 17:16:55  strHost:
2014-07-01 17:16:55  line:50
2014-07-01 17:16:55  strUrl:http://192.168.1.52/miner.php
2014-07-01 17:16:55  LkMachine_GetStatus line:0
2014-07-01 17:16:55  FindPoolStatus curline:0
2014-07-01 17:17:02  Ⱦɫ
2014-07-01 17:18:06  strHost:
2014-07-01 17:18:06  line:50
2014-07-01 17:18:06  strUrl:http://192.168.1.52/miner.php
2014-07-01 17:18:06  LkMachine_GetStatus line:0
2014-07-01 17:18:07  FindPoolStatus curline:0
2014-07-01 17:18:12  ranse
2014-07-01 17:22:31  strHost:
2014-07-01 17:22:31  line:50
2014-07-01 17:22:31  strUrl:http://192.168.1.52/miner.php
2014-07-01 17:22:31  LkMachine_GetStatus line:0
2014-07-01 17:22:31  FindPoolStatus curline:0
2014-07-01 17:22:36  ranse
2014-07-01 17:27:19  strHost:
2014-07-01 17:27:19  line:50
2014-07-01 17:27:19  strUrl:http://192.168.1.52/miner.php
2014-07-01 17:27:19  LkMachine_GetStatus line:0
2014-07-01 17:27:19  FindPoolStatus curline:0
2014-07-01 17:33:34  strHost:
2014-07-01 17:33:34  line:50
2014-07-01 17:33:34  strUrl:http://192.168.1.52/miner.php
2014-07-01 17:33:34  LkMachine_GetStatus line:0
2014-07-01 17:33:34  FindPoolStatus curline:0
2014-07-01 17:33:39  ranse success
2014-07-01 17:35:56  strHost:
2014-07-01 17:35:56  line:50
2014-07-01 17:35:56  strUrl:http://192.168.1.52/miner.php
2014-07-01 17:35:56  LkMachine_GetStatus line:0
2014-07-01 17:35:56  FindPoolStatus curline:0
2014-07-01 17:35:59  ranse success
2014-07-01 17:36:02  ranse success
2014-07-01 17:36:10  ranse success
2014-07-01 17:50:11  strHost:
2014-07-01 17:50:11  line:50
2014-07-01 17:50:11  strUrl:http://192.168.1.52/miner.php
2014-07-01 17:50:11  LkMachine_GetStatus line:0
2014-07-01 17:50:11  FindPoolStatus curline:0
2014-07-01 17:50:26  ranse success
2014-07-01 17:50:30  ranse success
2014-07-01 17:50:31  ranse success
2014-07-01 17:50:31  ranse success
2014-07-01 17:50:31  ranse success
2014-07-01 17:50:31  ranse success
2014-07-01 17:54:50  ranse success
2014-07-01 17:54:51  ranse success
2014-07-01 17:54:51  ranse success
2014-07-01 17:56:00  strHost:
2014-07-01 17:56:00  line:50
2014-07-01 17:56:00  strUrl:http://192.168.1.52/miner.php
2014-07-01 17:56:00  LkMachine_GetStatus line:0
2014-07-01 17:56:00  FindPoolStatus curline:0
2014-07-01 17:57:04  ranse success
2014-07-01 17:57:05  ranse success
2014-07-01 17:57:06  ranse success
2014-07-01 17:57:06  ranse success
2014-07-01 19:22:26  strHost:
2014-07-01 19:22:26  line:50
2014-07-01 19:22:26  strUrl:http://192.168.1.52/miner.php
2014-07-01 19:22:26  LkMachine_GetStatus line:0
2014-07-01 19:22:26  FindPoolStatus curline:0
2014-07-01 19:25:30  ranse failed
2014-07-01 19:25:39  ranse failed
2014-07-01 19:25:40  ranse failed
2014-07-01 19:25:43  ranse failed
2014-07-01 19:25:44  ranse failed
2014-07-01 19:29:18  ranse failed
2014-07-01 19:30:25  strHost:
2014-07-01 19:30:25  line:50
2014-07-01 19:30:25  strUrl:http://192.168.1.52/miner.php
2014-07-01 19:30:25  LkMachine_GetStatus line:0
2014-07-01 19:30:25  FindPoolStatus curline:0
2014-07-01 19:32:21  ranse failed
2014-07-01 19:32:25  ranse failed
2014-07-01 19:32:26  ranse failed
2014-07-01 19:32:26  ranse failed
2014-07-01 19:32:26  ranse failed
2014-07-01 19:32:27  ranse failed
2014-07-01 19:32:27  ranse failed
2014-07-01 19:32:27  ranse failed
2014-07-01 19:32:27  ranse failed
2014-07-01 19:32:27  ranse failed
2014-07-01 19:42:50  strHost:
2014-07-01 19:42:50  line:50
2014-07-01 19:42:50  strUrl:http://192.168.1.52/miner.php
2014-07-01 19:42:50  LkMachine_GetStatus line:0
2014-07-01 19:42:50  FindPoolStatus curline:0
