2014-07-02 10:41:40  create thread error in onreceive
2014-07-02 10:41:41  192.168.1.52ssh srv not timeout
2014-07-02 10:41:52  strHost:
2014-07-02 10:41:52  line:50
2014-07-02 10:41:52  strUrl:http://192.168.1.52/miner.php
2014-07-02 10:41:52  LkMachine_GetStatus line:0
2014-07-02 10:41:53  FindPoolStatus curline:0
2014-07-02 10:42:02  ranse failed
2014-07-02 10:42:03  192.168.1.52ssh srv not timeout
2014-07-02 10:43:51  create thread error in onreceive
2014-07-02 10:43:52  192.168.1.52ssh srv not timeout
2014-07-02 10:43:52  strHost:
2014-07-02 10:43:52  line:50
2014-07-02 10:43:52  strUrl:http://192.168.1.52/miner.php
2014-07-02 10:43:52  LkMachine_GetStatus line:0
2014-07-02 10:43:52  FindPoolStatus curline:0
2014-07-02 10:44:43  ranse failed
2014-07-02 10:44:44  192.168.1.52ssh srv not timeout
2014-07-02 10:47:40  create thread error in onreceive
2014-07-02 10:47:41  192.168.1.52ssh srv not timeout
2014-07-02 10:47:53  strHost:
2014-07-02 10:47:53  line:50
2014-07-02 10:47:53  strUrl:http://192.168.1.52/miner.php
2014-07-02 10:47:53  LkMachine_GetStatus line:0
2014-07-02 10:47:53  FindPoolStatus curline:0
2014-07-02 10:49:54  create thread error in onreceive
2014-07-02 10:49:55  192.168.1.52ssh srv not timeout
2014-07-02 10:50:04  strHost:
2014-07-02 10:50:04  line:50
2014-07-02 10:50:04  strUrl:http://192.168.1.52/miner.php
2014-07-02 10:50:04  LkMachine_GetStatus line:0
2014-07-02 10:50:04  FindPoolStatus curline:0
2014-07-02 10:50:31  create thread error in onreceive
2014-07-02 10:52:17  create thread error in onreceive
2014-07-02 10:52:18  192.168.1.52ssh srv not timeout
2014-07-02 10:52:28  strHost:
2014-07-02 10:52:28  line:50
2014-07-02 10:52:28  strUrl:http://192.168.1.52/miner.php
2014-07-02 10:52:28  LkMachine_GetStatus line:0
2014-07-02 10:52:28  FindPoolStatus curline:0
2014-07-02 10:52:41  create thread error in onreceive
2014-07-02 10:52:42  create thread error in onreceive
2014-07-02 10:53:40  create thread error in onreceive
2014-07-02 10:53:41  192.168.1.52ssh srv not timeout
2014-07-02 10:53:42  strHost:
2014-07-02 10:53:42  line:50
2014-07-02 10:53:42  strUrl:http://192.168.1.52/miner.php
2014-07-02 10:53:42  LkMachine_GetStatus line:0
2014-07-02 10:53:42  FindPoolStatus curline:0
2014-07-02 11:18:50  strHost:
2014-07-02 11:18:50  line:50
2014-07-02 11:18:50  strUrl:http://192.168.1.52/miner.php
2014-07-02 11:18:50  LkMachine_GetStatus line:0
2014-07-02 11:18:50  FindPoolStatus curline:0
2014-07-02 11:22:44  strHost:
2014-07-02 11:22:44  line:50
2014-07-02 11:22:44  strUrl:http://192.168.1.52/miner.php
2014-07-02 11:22:44  LkMachine_GetStatus line:0
2014-07-02 11:22:45  FindPoolStatus curline:0
2014-07-02 11:23:39  strHost:
2014-07-02 11:23:39  line:50
2014-07-02 11:23:39  strUrl:http://192.168.1.52/miner.php
2014-07-02 11:23:39  LkMachine_GetStatus line:0
2014-07-02 11:23:39  FindPoolStatus curline:0
2014-07-02 11:30:54  strHost:
2014-07-02 11:30:54  line:50
2014-07-02 11:30:54  strUrl:http://192.168.1.52/miner.php
2014-07-02 11:30:54  LkMachine_GetStatus line:0
2014-07-02 11:30:54  FindPoolStatus curline:0
2014-07-02 11:34:54  strHost:
2014-07-02 11:34:54  line:50
2014-07-02 11:34:54  strUrl:http://192.168.1.52/miner.php
2014-07-02 11:34:54  LkMachine_GetStatus line:0
2014-07-02 11:34:54  FindPoolStatus curline:0
2014-07-02 11:35:05  ranse failed
2014-07-02 11:43:56  ssh:
2014-07-02 11:43:56  strHost:
2014-07-02 11:43:56  line:50
2014-07-02 11:43:56  strUrl:http://192.168.1.52/miner.php
2014-07-02 11:43:56  LkMachine_GetStatus line:0
2014-07-02 11:43:57  FindPoolStatus curline:0
2014-07-02 11:52:07  ssh:
2014-07-02 11:52:07  strHost:
2014-07-02 11:52:07  line:50
2014-07-02 11:52:07  strUrl:http://192.168.1.52/miner.php
2014-07-02 11:52:07  LkMachine_GetStatus line:0
2014-07-02 11:52:07  FindPoolStatus curline:0
2014-07-02 11:52:57  ssh:
2014-07-02 11:52:57  strHost:
2014-07-02 11:52:57  line:50
2014-07-02 11:52:57  strUrl:http://192.168.1.52/miner.php
2014-07-02 11:52:57  LkMachine_GetStatus line:0
2014-07-02 11:52:57  FindPoolStatus curline:0
2014-07-02 11:57:42  ssh:
2014-07-02 11:57:42  strHost:
2014-07-02 11:57:42  line:50
2014-07-02 11:57:42  strUrl:http://192.168.1.52/miner.php
2014-07-02 11:57:42  LkMachine_GetStatus line:0
2014-07-02 11:57:42  FindPoolStatus curline:0
2014-07-02 12:28:11  strHost:
2014-07-02 12:28:11  line:50
2014-07-02 12:28:11  strUrl:http://192.168.1.52/miner.php
2014-07-02 12:28:11  LkMachine_GetStatus line:0
2014-07-02 12:28:13  FindPoolStatus curline:0
2014-07-02 12:30:03  ranse failed
2014-07-02 12:31:07  ssh:
2014-07-02 12:31:07  strHost:
2014-07-02 12:31:07  line:50
2014-07-02 12:31:07  strUrl:http://192.168.1.52/miner.php
2014-07-02 12:31:07  LkMachine_GetStatus line:0
2014-07-02 12:31:07  FindPoolStatus curline:0
2014-07-02 12:33:17  strHost:
2014-07-02 12:33:17  line:50
2014-07-02 12:33:17  strUrl:http://192.168.1.52/miner.php
2014-07-02 12:33:17  LkMachine_GetStatus line:0
2014-07-02 12:33:17  FindPoolStatus curline:0
2014-07-02 13:26:29  strHost:
2014-07-02 13:26:29  line:50
2014-07-02 13:26:29  strUrl:http://192.168.1.52/miner.php
2014-07-02 13:26:29  LkMachine_GetStatus line:0
2014-07-02 13:26:29  FindPoolStatus curline:0
2014-07-02 13:28:29  ssh:
2014-07-02 13:28:29  strHost:
2014-07-02 13:28:29  line:50
2014-07-02 13:28:29  strUrl:http://192.168.1.52/miner.php
2014-07-02 13:28:29  LkMachine_GetStatus line:0
2014-07-02 13:28:29  FindPoolStatus curline:0
2014-07-02 13:49:17  ssh:
2014-07-02 13:49:17  strHost:
2014-07-02 13:49:17  line:50
2014-07-02 13:49:17  strUrl:http://192.168.1.52/miner.php
2014-07-02 13:49:17  LkMachine_GetStatus line:0
2014-07-02 13:49:17  FindPoolStatus curline:0
2014-07-02 13:55:24  ssh:
2014-07-02 13:55:24  strHost:
2014-07-02 13:55:24  line:50
2014-07-02 13:55:24  strUrl:http://192.168.1.52/miner.php
2014-07-02 13:55:24  LkMachine_GetStatus line:0
2014-07-02 13:55:24  FindPoolStatus curline:0
2014-07-02 13:59:43  ssh:
2014-07-02 13:59:43  strHost:
2014-07-02 13:59:43  line:50
2014-07-02 13:59:43  strUrl:http://192.168.1.52/miner.php
2014-07-02 13:59:43  LkMachine_GetStatus line:0
2014-07-02 13:59:44  FindPoolStatus curline:0
2014-07-02 14:00:26  strHost:
2014-07-02 14:00:26  line:50
2014-07-02 14:00:26  strUrl:http://192.168.1.52/miner.php
2014-07-02 14:00:26  LkMachine_GetStatus line:0
2014-07-02 14:00:27  FindPoolStatus curline:0
2014-07-02 14:05:43  ssh:
2014-07-02 14:05:43  strHost:
2014-07-02 14:05:43  line:50
2014-07-02 14:05:43  strUrl:http://192.168.1.52/miner.php
2014-07-02 14:05:43  LkMachine_GetStatus line:0
2014-07-02 14:05:43  FindPoolStatus curline:0
2014-07-02 14:07:51  strHost:
2014-07-02 14:07:51  line:50
2014-07-02 14:07:51  strUrl:http://192.168.1.52/miner.php
2014-07-02 14:07:51  LkMachine_GetStatus line:0
2014-07-02 14:07:51  FindPoolStatus curline:0
2014-07-02 14:16:58  ssh:
2014-07-02 14:19:18  ssh:
2014-07-02 14:21:38  strHost:
2014-07-02 14:21:38  line:50
2014-07-02 14:21:38  strUrl:http://192.168.1.52/miner.php
2014-07-02 14:21:38  LkMachine_GetStatus line:0
2014-07-02 14:21:39  FindPoolStatus curline:0
2014-07-02 14:23:32  ranse failed
2014-07-02 14:23:45  ranse failed
2014-07-02 14:24:17  strHost:
2014-07-02 14:24:17  line:50
2014-07-02 14:24:17  strUrl:http://192.168.1.52/miner.php
2014-07-02 14:24:17  LkMachine_GetStatus line:0
2014-07-02 14:24:17  FindPoolStatus curline:0
2014-07-02 14:28:09  strHost:
2014-07-02 14:28:09  line:50
2014-07-02 14:28:09  strUrl:http://192.168.1.52/miner.php
2014-07-02 14:28:09  LkMachine_GetStatus line:0
2014-07-02 14:28:10  FindPoolStatus curline:0
2014-07-02 14:29:39  ranse failed
2014-07-02 14:29:55  ranse failed
2014-07-02 14:34:00  strHost:
2014-07-02 14:34:00  line:50
2014-07-02 14:34:00  strUrl:http://192.168.1.52/miner.php
2014-07-02 14:34:00  LkMachine_GetStatus line:0
2014-07-02 14:34:01  FindPoolStatus curline:0
2014-07-02 14:54:30  strHost:
2014-07-02 14:54:30  line:50
2014-07-02 14:54:30  strUrl:http://192.168.1.52/miner.php
2014-07-02 14:54:30  LkMachine_GetStatus line:0
2014-07-02 14:54:31  FindPoolStatus curline:0
2014-07-02 14:56:58  ssh:
2014-07-02 14:57:50  ssh:
2014-07-02 15:02:03  ssh:
2014-07-02 15:04:22  strHost:
2014-07-02 15:04:22  line:50
2014-07-02 15:04:22  strUrl:http://192.168.1.52/miner.php
2014-07-02 15:04:22  LkMachine_GetStatus line:0
2014-07-02 15:04:23  FindPoolStatus curline:0
2014-07-02 15:07:43  ssh:
2014-07-02 15:08:01  strHost:
2014-07-02 15:08:01  line:50
2014-07-02 15:08:01  strUrl:http://192.168.1.52/miner.php
2014-07-02 15:08:01  LkMachine_GetStatus line:0
2014-07-02 15:08:01  FindPoolStatus curline:0
2014-07-02 15:09:28  ssh:
2014-07-02 15:10:50  ssh:
2014-07-02 15:14:11  ssh:
2014-07-02 15:14:22  strHost:
2014-07-02 15:14:22  line:50
2014-07-02 15:14:22  strUrl:http://192.168.1.52/miner.php
2014-07-02 15:14:22  LkMachine_GetStatus line:0
2014-07-02 15:14:23  FindPoolStatus curline:0
2014-07-02 15:15:04  strHost:
2014-07-02 15:15:04  line:50
2014-07-02 15:15:04  strUrl:http://192.168.1.52/miner.php
2014-07-02 15:15:04  LkMachine_GetStatus line:0
2014-07-02 15:15:05  FindPoolStatus curline:0
2014-07-02 17:18:22  ssh:
2014-07-02 17:20:59  ssh:
2014-07-02 17:21:02  ranse failed
2014-07-02 17:24:20  ssh:
2014-07-02 17:24:25  ranse failed
2014-07-02 17:24:33  ranse failed
2014-07-02 17:24:35  ranse failed
2014-07-02 17:27:12  ssh:
2014-07-02 17:27:23  ranse failed
2014-07-02 17:27:29  ranse failed
2014-07-02 17:27:31  ranse failed
2014-07-02 17:27:33  ranse failed
2014-07-02 17:27:36  ranse failed
2014-07-02 17:27:42  ranse failed
2014-07-02 17:29:50  ssh:
2014-07-02 17:29:55  ranse failed
2014-07-02 18:14:39  ssh:
2014-07-02 18:19:36  ssh:
2014-07-02 18:21:31  strHost:
2014-07-02 18:21:31  line:50
2014-07-02 18:21:31  strUrl:http://192.168.1.52/miner.php
2014-07-02 18:21:31  LkMachine_GetStatus line:0
2014-07-02 18:21:33  FindPoolStatus curline:0
2014-07-02 18:21:54  strHost:
2014-07-02 18:21:54  line:50
2014-07-02 18:21:54  strUrl:http://192.168.1.52/miner.php
2014-07-02 18:21:54  LkMachine_GetStatus line:0
2014-07-02 18:21:55  FindPoolStatus curline:0
2014-07-02 18:21:56  strHost:
2014-07-02 18:21:56  line:50
2014-07-02 18:21:56  strUrl:http://192.168.1.52/miner.php
2014-07-02 18:21:56  LkMachine_GetStatus line:0
2014-07-02 18:21:57  FindPoolStatus curline:0
2014-07-02 18:21:58  strHost:
2014-07-02 18:21:58  line:50
2014-07-02 18:21:58  strUrl:http://192.168.1.52/miner.php
2014-07-02 18:21:58  LkMachine_GetStatus line:0
2014-07-02 18:21:58  FindPoolStatus curline:0
2014-07-02 18:23:28  strHost:
2014-07-02 18:23:28  line:50
2014-07-02 18:23:28  strUrl:http://192.168.1.52/miner.php
2014-07-02 18:23:28  LkMachine_GetStatus line:0
2014-07-02 18:23:29  FindPoolStatus curline:0
2014-07-02 18:28:28  ssh:
2014-07-02 18:28:53  strHost:
2014-07-02 18:28:53  line:50
2014-07-02 18:28:53  strUrl:http://192.168.1.52/miner.php
2014-07-02 18:28:53  LkMachine_GetStatus line:0
2014-07-02 18:28:53  FindPoolStatus curline:0
2014-07-02 18:28:56  strHost:
2014-07-02 18:28:56  line:50
2014-07-02 18:28:56  strUrl:http://192.168.1.52/miner.php
2014-07-02 18:28:56  LkMachine_GetStatus line:0
2014-07-02 18:28:56  FindPoolStatus curline:0
2014-07-02 18:28:58  strHost:
2014-07-02 18:28:58  line:50
2014-07-02 18:28:58  strUrl:http://192.168.1.52/miner.php
2014-07-02 18:28:58  LkMachine_GetStatus line:0
2014-07-02 18:28:58  FindPoolStatus curline:0
2014-07-02 18:29:13  strHost:
2014-07-02 18:29:13  line:50
2014-07-02 18:29:13  strUrl:http://192.168.1.52/miner.php
2014-07-02 18:29:13  LkMachine_GetStatus line:0
2014-07-02 18:29:13  FindPoolStatus curline:0
2014-07-02 18:30:24  ssh:
2014-07-02 18:31:40  strHost:
2014-07-02 18:31:40  line:50
2014-07-02 18:31:40  strUrl:http://192.168.1.52/miner.php
2014-07-02 18:31:40  LkMachine_GetStatus line:0
2014-07-02 18:31:41  FindPoolStatus curline:0
2014-07-02 18:32:42  strHost:
2014-07-02 18:32:42  line:50
2014-07-02 18:32:42  strUrl:http://192.168.1.52/miner.php
2014-07-02 18:32:42  LkMachine_GetStatus line:0
2014-07-02 18:32:43  FindPoolStatus curline:0
2014-07-02 21:01:43  strHost:
2014-07-02 21:01:43  line:50
2014-07-02 21:01:43  strUrl:http://192.168.1.52/miner.php
2014-07-02 21:01:43  LkMachine_GetStatus line:0
2014-07-02 21:01:45  FindPoolStatus curline:0
2014-07-02 21:08:56  strHost:
2014-07-02 21:08:56  line:50
2014-07-02 21:08:56  strUrl:http://192.168.1.52/miner.php
2014-07-02 21:08:56  LkMachine_GetStatus line:0
2014-07-02 21:08:57  FindPoolStatus curline:0
2014-07-02 21:13:35  strHost:
2014-07-02 21:13:35  line:50
2014-07-02 21:13:35  strUrl:http://192.168.1.52/miner.php
2014-07-02 21:13:35  LkMachine_GetStatus line:0
2014-07-02 21:13:36  FindPoolStatus curline:0
2014-07-02 21:25:13  strHost:
2014-07-02 21:25:13  line:50
2014-07-02 21:25:13  strUrl:http://192.168.1.52/miner.php
2014-07-02 21:25:13  LkMachine_GetStatus line:0
2014-07-02 21:25:14  FindPoolStatus curline:0
