2014-06-22 23:19:52  程序开始运行
2014-06-22 23:19:52  开始连接服务器，连接登陆的url网址为:http://looca
2014-06-22 23:20:07  程序开始运行
2014-06-22 23:20:07  开始连接服务器，连接登陆的url网址为:http://localhost/project/sms/login.php
2014-06-22 23:20:07  登陆成功,登陆的用户名为:admin
2014-06-22 23:20:09  端口连接
2014-06-22 23:20:09  串口打开成功
2014-06-22 23:20:11  TC35连接成功
2014-06-22 23:20:19  定时器已经启动，周期为60s一次
2014-06-22 23:20:20  输入的协议不正确
2014-06-22 23:20:22  定时器已经关闭
2014-06-22 23:20:31  定时器已经启动，周期为60s一次
2014-06-22 23:20:31  号码请求url连接为:http://localhost/pr
2014-06-22 23:20:31  服务器反馈回来的数据为:<!DOCTYPE HTML PUBLIC "-//IETF//DTD HTML 2.0//EN">
<html><head>
<title>404 Not Found</title>
</head><body>
<h1>Not Found</h1>
<p>The requested URL /pr was not found on this server.</p>
</body></html>

2014-06-22 23:20:31  定时器遇到意外情况被迫关闭
2014-06-22 23:20:38  定时器已经关闭
2014-06-22 23:20:51  定时器已经启动，周期为60s一次
2014-06-22 23:20:51  号码请求url连接为:http://localhost/project/sms/getthedata.php
2014-06-22 23:20:51  服务器反馈回来的数据为:101#13006661808#你能收到我发的短信吗？


2014-06-22 23:20:51  正在发送短消息
2014-06-22 23:20:52  发送失败
2014-06-22 23:20:52  发送13006661808:你能收到我发的短信吗？


2014-06-22 23:21:52  号码请求url连接为:http://localhost/project/sms/getthedata.php
2014-06-22 23:21:52  服务器反馈回来的数据为:101#13006661808#你能收到我发的短信吗？


2014-06-22 23:21:52  正在发送短消息
2014-06-22 23:21:53  发送失败
2014-06-22 23:21:53  发送13006661808:你能收到我发的短信吗？


2014-06-22 23:21:56  定时器已经关闭
