06/22/14 21:34:11  程序开始运行
06/22/14 21:34:11  开始连接服务器，连接登陆的url网址为:http://localhost/project/sms/login.php
06/22/14 21:34:12   帐号或者密码错误
06/22/14 21:34:16  程序开始运行
06/22/14 21:34:16  开始连接服务器，连接登陆的url网址为:http://localhost/project/sms/login.php
06/22/14 21:34:16  登陆成功,登陆的用户名为:admin
2014-06-22 21:37:08  程序开始运行
2014-06-22 21:37:08  开始连接服务器，连接登陆的url网址为:http://localhost/project/sms/login.php
2014-06-22 21:37:08  登陆成功,登陆的用户名为:admin
2014-06-22 21:37:37  端口连接
2014-06-22 21:37:37  串口打开成功
2014-06-22 21:37:46  TC35连接失败
2014-06-22 21:52:50  TC35连接失败
2014-06-22 21:52:51  TC35连接失败
2014-06-22 21:52:52  TC35连接失败
2014-06-22 21:53:03  TC35连接失败
2014-06-22 21:53:05  TC35连接失败
2014-06-22 21:53:06  TC35连接失败
2014-06-22 21:53:07  TC35连接失败
2014-06-22 21:53:09  TC35连接失败
2014-06-22 21:53:10  TC35连接失败
2014-06-22 21:53:11  TC35连接失败
2014-06-22 21:53:12  TC35连接失败
2014-06-22 21:53:16  TC35连接失败
2014-06-22 21:53:17  TC35连接失败
2014-06-22 21:53:54  端口连接
2014-06-22 21:53:54  串口已关闭
2014-06-22 21:53:56  端口连接
2014-06-22 21:53:56  串口打开成功
2014-06-22 21:53:58  TC35连接失败
2014-06-22 21:54:00  TC35连接失败
2014-06-22 21:54:08  TC35连接失败
2014-06-22 21:54:10  TC35连接失败
2014-06-22 21:54:17  TC35连接失败
2014-06-22 21:54:19  TC35连接失败
2014-06-22 21:54:29  端口连接
2014-06-22 21:54:29  串口已关闭
2014-06-22 22:02:53  程序开始运行
2014-06-22 22:02:53  开始连接服务器，连接登陆的url网址为:http://localhost/project/sms/login.php
2014-06-22 22:02:53  登陆成功,登陆的用户名为:admin
2014-06-22 22:03:20  端口连接
2014-06-22 22:03:20  串口打开成功
2014-06-22 22:03:20  端口连接
2014-06-22 22:03:20  串口已关闭
2014-06-22 22:03:21  端口连接
2014-06-22 22:03:21  串口打开成功
2014-06-22 22:03:24  TC35连接成功
2014-06-22 22:06:05  定时器已经启动，周期为60s一次
2014-06-22 22:06:05  手机号码请求发送的服务器连接:http://localhost/project/sms/getthedata.php
2014-06-22 22:06:05  服务器返回的数据为:101#13006661808#你能收到我发的短信吗？


2014-06-22 22:06:05  正在发送短消息
2014-06-22 22:06:06  发送失败
2014-06-22 22:06:06  发送13006661808:你能收到我发的短信吗？


2014-06-22 22:06:08  定时器已经关闭
2014-06-22 22:09:41  程序开始运行
2014-06-22 22:09:41  开始连接服务器，连接登陆的url网址为:http://localhost/project/sms/login.php
2014-06-22 22:09:42  登陆成功,登陆的用户名为:admin
2014-06-22 22:09:44  端口连接
2014-06-22 22:09:44  串口打开成功
2014-06-22 22:09:46  TC35连接成功
2014-06-22 22:10:19  定时器已经启动，周期为60s一次
2014-06-22 22:10:27  手机号码请求发送的服务器连接:http://localhost/project/sms/getthedata.php
2014-06-22 22:10:58  服务器返回的数据为:101#13006661808#你能收到我发的短信吗？


2014-06-22 22:11:33  正在发送短消息
2014-06-22 22:12:00  发送失败
2014-06-22 22:12:35  发送13006661808:你能收到我发的短信吗？


2014-06-22 22:13:38  号码请求url连接为:http://localhost/project/sms/getthedata.php
2014-06-22 22:13:38  服务器反馈回来的数据为:101#13006661808#你能收到我发的短信吗？


2014-06-22 22:13:38  正在发送短消息
2014-06-22 22:25:58  程序开始运行
2014-06-22 22:25:58  开始连接服务器，连接登陆的url网址为:http://localhost/project/sms/login.php
2014-06-22 22:25:59  登陆成功,登陆的用户名为:admin
2014-06-22 22:26:02  端口连接
2014-06-22 22:26:02  串口打开成功
2014-06-22 22:26:03  TC35连接成功
2014-06-22 22:26:21  定时器已经启动，周期为60s一次
2014-06-22 22:26:21  手机号码请求发送的服务器连接:http://localhost/project/sms/getthedata.php
2014-06-22 22:26:22  服务器返回的数据为:101#13006661808#你能收到我发的短信吗？


2014-06-22 22:26:22  正在发送短消息
2014-06-22 22:26:51  发送失败
2014-06-22 22:26:51  发送13006661808:你能收到我发的短信吗？


2014-06-22 22:27:06  定时器已经关闭
2014-06-22 22:27:53  端口连接
2014-06-22 22:27:53  串口已关闭
2014-06-22 22:34:03  程序开始运行
2014-06-22 22:34:03  开始连接服务器，连接登陆的url网址为:http://localhost/project/sms/login.php
2014-06-22 22:34:03  登陆成功,登陆的用户名为:admin
2014-06-22 22:34:06  端口连接
2014-06-22 22:34:06  串口打开成功
2014-06-22 22:34:07  TC35连接成功
2014-06-22 22:34:18  定时器已经启动，周期为60s一次
2014-06-22 22:35:18  号码请求url连接为:http://localhost/project/sms/getthedata.php
2014-06-22 22:35:18  服务器反馈回来的数据为:101#13006661808#你能收到我发的短信吗？


2014-06-22 22:35:18  正在发送短消息
2014-06-22 22:35:18  发送失败
2014-06-22 22:35:18  发送13006661808:你能收到我发的短信吗？


2014-06-22 22:35:24  定时器已经关闭
2014-06-22 22:36:06  端口连接
2014-06-22 22:36:06  串口已关闭
2014-06-22 22:36:24  程序开始运行
2014-06-22 22:36:24  开始连接服务器，连接登陆的url网址为:http://localhost/project/sms/login.php
2014-06-22 22:36:25  登陆成功,登陆的用户名为:admin
2014-06-22 22:36:27  端口连接
2014-06-22 22:36:27  串口打开成功
2014-06-22 22:36:28  TC35连接成功
2014-06-22 22:36:51  定时器已经启动，周期为60s一次
2014-06-22 22:37:00  号码请求url连接为:http://localhost/project/sms/getthedata.php
2014-06-22 22:37:11  服务器反馈回来的数据为:101#13006661808#你能收到我发的短信吗？


2014-06-22 22:37:11  正在发送短消息
2014-06-22 22:37:47  发送失败
2014-06-22 22:37:47  发送13006661808:你能收到我发的短信吗？


2014-06-22 22:37:49  定时器已经关闭
2014-06-22 22:38:17  端口连接
2014-06-22 22:38:17  串口已关闭
2014-06-22 22:40:27  程序开始运行
2014-06-22 22:40:27  开始连接服务器，连接登陆的url网址为:http://localhost/project/sms/login.php
2014-06-22 22:40:27  登陆成功,登陆的用户名为:admin
2014-06-22 22:40:30  端口连接
2014-06-22 22:40:30  串口打开成功
2014-06-22 22:40:31  端口连接
2014-06-22 22:40:31  串口已关闭
2014-06-22 22:41:50  程序开始运行
2014-06-22 22:41:50  开始连接服务器，连接登陆的url网址为:http://localhost/project/sms/login.php
2014-06-22 22:41:50  登陆成功,登陆的用户名为:admin
2014-06-22 22:41:52  端口连接
2014-06-22 22:41:52  串口打开成功
2014-06-22 22:41:55  端口连接
2014-06-22 22:41:55  串口已关闭
2014-06-22 22:43:06  程序开始运行
2014-06-22 22:43:06  开始连接服务器，连接登陆的url网址为:http://localhost/project/sms/login.php
2014-06-22 22:43:06  登陆成功,登陆的用户名为:admin
2014-06-22 22:43:09  端口连接
2014-06-22 22:43:09  串口打开成功
2014-06-22 22:43:12  端口连接
2014-06-22 22:43:12  串口已关闭
2014-06-22 22:43:13  端口连接
2014-06-22 22:43:13  串口打开成功
2014-06-22 22:43:14  端口连接
2014-06-22 22:43:14  串口已关闭
2014-06-22 22:43:15  端口连接
2014-06-22 22:43:15  串口打开成功
2014-06-22 22:43:15  端口连接
2014-06-22 22:43:15  串口已关闭
2014-06-22 22:43:15  端口连接
2014-06-22 22:43:15  串口打开成功
2014-06-22 22:43:16  端口连接
2014-06-22 22:43:16  串口已关闭
2014-06-22 22:43:16  端口连接
2014-06-22 22:43:16  串口打开成功
2014-06-22 22:43:16  端口连接
2014-06-22 22:43:17  串口已关闭
2014-06-22 22:43:17  端口连接
2014-06-22 22:43:17  串口打开成功
2014-06-22 22:43:17  端口连接
2014-06-22 22:43:17  串口已关闭
2014-06-22 22:43:17  端口连接
2014-06-22 22:43:17  串口打开成功
2014-06-22 22:43:17  端口连接
2014-06-22 22:43:17  串口已关闭
2014-06-22 22:43:17  端口连接
2014-06-22 22:43:17  串口打开成功
2014-06-22 22:43:17  端口连接
2014-06-22 22:43:17  串口已关闭
2014-06-22 22:49:06  程序开始运行
2014-06-22 22:49:06  开始连接服务器，连接登陆的url网址为:http://localhost/project/sms/login.php
2014-06-22 22:49:07  登陆成功,登陆的用户名为:admin
2014-06-22 22:49:09  端口连接
2014-06-22 22:49:09  串口打开成功
2014-06-22 22:49:10  TC35连接成功
2014-06-22 22:49:23  定时器已经启动，周期为60s一次
2014-06-22 22:49:23  号码请求url连接为:http://localhost/project/sms/getthedata.php
2014-06-22 22:49:23  服务器反馈回来的数据为:101#13006661808#你能收到我发的短信吗？


2014-06-22 22:49:23  正在发送短消息
2014-06-22 22:49:36  发送成功
2014-06-22 22:49:36  反馈服务器url:http://localhost/project/sms/getthedata.php
2014-06-22 22:49:36  服务器返回的是101#13006661808#你能收到我发的短信吗？


2014-06-22 22:49:36  发送13006661808:你能收到我发的短信吗？


2014-06-22 22:50:36  号码请求url连接为:http://localhost/project/sms/getthedata.php
2014-06-22 22:50:36  服务器反馈回来的数据为:101#13006661808#你能收到我发的短信吗？


2014-06-22 22:50:36  正在发送短消息
2014-06-22 22:50:48  发送成功
2014-06-22 22:50:48  反馈服务器url:http://localhost/project/sms/getthedata.php
2014-06-22 22:50:48  服务器返回的是101#13006661808#你能收到我发的短信吗？


2014-06-22 22:50:48  发送13006661808:你能收到我发的短信吗？


2014-06-22 22:50:53  定时器已经关闭
2014-06-22 22:57:55  程序开始运行
2014-06-22 22:57:55  开始连接服务器，连接登陆的url网址为:http://localhost/project/sms/login.php
2014-06-22 22:57:55  登陆成功,登陆的用户名为:admin
2014-06-22 22:57:58  端口连接
2014-06-22 22:57:58  串口打开成功
2014-06-22 22:57:59  TC35连接成功
2014-06-22 22:58:11  定时器已经启动，周期为60s一次
2014-06-22 22:58:11  号码请求url连接为:http://localhost/project/sms/getthedata.php
2014-06-22 22:58:11  服务器反馈回来的数据为:101#13006661808#你能收到我发的短信吗？


2014-06-22 22:58:11  正在发送短消息
2014-06-22 22:58:22  发送成功
2014-06-22 22:58:22  反馈服务器url:http://localhost/project/sms/getthedata.php
2014-06-22 22:58:22  服务器返回的是101#13006661808#你能收到我发的短信吗？


2014-06-22 22:58:22  发送13006661808:你能收到我发的短信吗？


2014-06-22 22:58:33  定时器已经关闭
2014-06-22 22:58:36  端口连接
2014-06-22 22:58:36  串口已关闭
2014-06-22 23:18:44  程序开始运行
2014-06-22 23:18:44  开始连接服务器，连接登陆的url网址为:http://localhost/project/sms/login.php
2014-06-22 23:18:44  登陆成功,登陆的用户名为:admin
2014-06-22 23:18:46  端口连接
2014-06-22 23:18:46  串口打开成功
2014-06-22 23:18:47  TC35连接成功
2014-06-22 23:18:58  定时器已经启动，周期为60s一次
2014-06-22 23:18:58  号码请求url连接为:http://localhost/project/sms/getthedata.php
2014-06-22 23:18:58  服务器反馈回来的数据为:101#13006661808#你能收到我发的短信吗？


2014-06-22 23:18:58  正在发送短消息
2014-06-22 23:18:59  发送成功
2014-06-22 23:18:59  反馈服务器url:http://localhost/project/sms/getthedata.php
2014-06-22 23:18:59  服务器返回的是101#13006661808#你能收到我发的短信吗？


2014-06-22 23:18:59  发送13006661808:你能收到我发的短信吗？


2014-06-22 23:19:03  定时器已经关闭
2014-06-22 23:29:58  程序开始运行
2014-06-22 23:29:58  开始连接服务器，连接登陆的url网址为:http://localhost/project/sms/login.php
2014-06-22 23:29:58  登陆成功,登陆的用户名为:admin
2014-06-22 23:30:00  端口连接
2014-06-22 23:30:00  串口打开成功
2014-06-22 23:30:01  TC35连接成功
2014-06-22 23:30:14  定时器已经启动，周期为60s一次
2014-06-22 23:30:14  号码请求url连接为:http://localhost/project/sms/getthedata.php
2014-06-22 23:30:14  服务器反馈回来的数据为:101#13006661808#你能收到我发的短信吗？


2014-06-22 23:30:14  发送13006661808:你能收到我发的短信吗？


2014-06-22 23:30:14  正在发送短消息
2014-06-22 23:30:16  发送成功
2014-06-22 23:30:16  反馈服务器url:http://localhost/project/sms/getthedata.php
2014-06-22 23:30:16  服务器返回的是101#13006661808#你能收到我发的短信吗？


2014-06-22 23:30:21  定时器已经关闭
2014-06-22 23:30:43  定时器已经启动，周期为60s一次
2014-06-22 23:30:43  号码请求url连接为:http://localhost/project/sms/getthedata.php
2014-06-22 23:30:43  服务器反馈回来的数据为:101#13006661808#你能收到我发的短信吗？


2014-06-22 23:30:43  发送13006661808:你能收到我发的短信吗？


2014-06-22 23:30:43  正在发送短消息
2014-06-22 23:30:47  发送成功
2014-06-22 23:30:47  反馈服务器url:http://localhost/project/sms/getthedata.php
2014-06-22 23:30:47  服务器返回的是101#13006661808#你能收到我发的短信吗？


2014-06-22 23:30:50  定时器已经关闭
2014-06-22 23:34:18  端口连接
2014-06-22 23:34:18  串口已关闭
2014-06-22 23:35:53  程序开始运行
2014-06-22 23:35:53  开始连接服务器，连接登陆的url网址为:http://localhost/project/sms/login.php
2014-06-22 23:35:53  登陆成功,登陆的用户名为:admin
2014-06-22 23:35:55  端口连接
2014-06-22 23:35:55  串口打开成功
2014-06-22 23:36:06  TC35连接成功
2014-06-22 23:36:07  定时器已经启动，周期为60s一次
2014-06-22 23:36:07  号码请求url连接为:http://localhost/project/sms/getthedata.php
2014-06-22 23:36:07  服务器反馈回来的数据为:101#13006661808#你能收到我发的短信吗？


2014-06-22 23:36:07  发送13006661808:你能收到我发的短信吗？


2014-06-22 23:36:07  正在发送短消息
2014-06-22 23:36:10  发送成功
2014-06-22 23:36:10  反馈服务器url:http://localhost/project/sms/getthedata.php
2014-06-22 23:36:10  服务器返回的是101#13006661808#你能收到我发的短信吗？


2014-06-22 23:37:15  号码请求url连接为:http://localhost/project/sms/getthedata.php
2014-06-22 23:37:15  服务器反馈回来的数据为:101#13006661808#你能收到我发的短信吗？


2014-06-22 23:37:15  发送13006661808:你能收到我发的短信吗？


2014-06-22 23:37:15  正在发送短消息
2014-06-22 23:37:17  发送成功
2014-06-22 23:37:17  反馈服务器url:http://localhost/project/sms/getthedata.php
2014-06-22 23:37:17  服务器返回的是101#13006661808#你能收到我发的短信吗？


2014-06-22 23:38:11  定时器已经关闭
2014-06-22 23:38:15  端口连接
2014-06-22 23:38:15  串口已关闭
2014-06-22 23:44:12  程序开始运行
2014-06-22 23:44:12  开始连接服务器，连接登陆的url网址为:http://localhost/project/sms/login.php
2014-06-22 23:44:12  登陆成功,登陆的用户名为:admin
2014-06-22 23:44:15  端口连接
2014-06-22 23:44:15  串口打开成功
2014-06-22 23:44:17  TC35连接成功
2014-06-22 23:44:27  定时器已经启动，周期为60s一次
2014-06-22 23:44:27  号码请求url连接为:http://localhost/project/sms/getthedata.php
2014-06-22 23:44:27  服务器反馈回来的数据为:101#13006661808#你能收到我发的短信吗？


2014-06-22 23:44:27  发送13006661808:你能收到我发的短信吗？


2014-06-22 23:44:27  正在发送短消息
2014-06-22 23:44:29  发送失败
2014-06-22 23:45:07  定时器已经关闭
2014-06-22 23:45:08  端口连接
2014-06-22 23:45:08  串口已关闭
2014-06-22 23:45:33  程序开始运行
2014-06-22 23:45:33  开始连接服务器，连接登陆的url网址为:http://localhost/project/sms/login.php
2014-06-22 23:45:33  登陆成功,登陆的用户名为:admin
2014-06-22 23:45:36  端口连接
2014-06-22 23:45:36  串口打开成功
2014-06-22 23:45:37  TC35连接成功
2014-06-22 23:45:48  定时器已经启动，周期为60s一次
2014-06-22 23:45:48  号码请求url连接为:http://localhost/project/sms/getthedata.php
2014-06-22 23:45:48  服务器反馈回来的数据为:101#13006661808#你能收到我发的短信吗？


2014-06-22 23:45:48  发送13006661808:你能收到我发的短信吗？
2014-06-22 23:45:48  正在发送短消息
2014-06-22 23:45:50  发送失败
2014-06-22 23:45:58  定时器已经关闭
2014-06-22 23:46:20  端口连接
2014-06-22 23:46:20  串口已关闭
2014-06-22 23:47:30  程序开始运行
2014-06-22 23:47:30  开始连接服务器，连接登陆的url网址为:http://localhost/project/sms/login.php
2014-06-22 23:47:30  登陆成功,登陆的用户名为:admin
2014-06-22 23:47:31  端口连接
2014-06-22 23:47:31  串口打开异常，请尝试切换其他端口
2014-06-22 23:47:34  端口连接
2014-06-22 23:47:34  串口打开成功
2014-06-22 23:47:35  TC35连接成功
2014-06-22 23:47:45  定时器已经启动，周期为60s一次
2014-06-22 23:47:45  号码请求url连接为:http://localhost/project/sms/getthedata.php
2014-06-22 23:47:45  服务器反馈回来的数据为:101#13006661808#你能收到我发的短信吗？


2014-06-22 23:47:45  发送13006661808:你能收到我发的短信吗？
2014-06-22 23:47:45  正在发送短消息
2014-06-22 23:47:47  发送失败
2014-06-22 23:48:52  号码请求url连接为:http://localhost/project/sms/getthedata.php
2014-06-22 23:48:52  服务器反馈回来的数据为:101#13006661808#你能收到我发的短信吗？


2014-06-22 23:48:52  发送13006661808:你能收到我发的短信吗？
2014-06-22 23:48:52  正在发送短消息
2014-06-22 23:48:55  发送失败
2014-06-22 23:48:59  定时器已经关闭
2014-06-22 23:49:06  端口连接
2014-06-22 23:49:06  串口已关闭
2014-06-22 23:50:46  程序开始运行
2014-06-22 23:50:46  开始连接服务器，连接登陆的url网址为:http://localhost/project/sms/login.php
2014-06-22 23:50:46  登陆成功,登陆的用户名为:admin
2014-06-22 23:50:49  端口连接
2014-06-22 23:50:49  串口打开成功
2014-06-22 23:50:51  TC35连接成功
2014-06-22 23:51:01  定时器已经启动，周期为60s一次
2014-06-22 23:51:01  号码请求url连接为:http://localhost/project/sms/getthedata.php
2014-06-22 23:51:01  服务器反馈回来的数据为:101#13006661808#你能收到我发的短信吗？


2014-06-22 23:51:01  发送13006661808:你能收到我发的短信吗？
2014-06-22 23:51:01  正在发送短消息
2014-06-22 23:51:03  t发送成功
2014-06-22 23:52:08  号码请求url连接为:http://localhost/project/sms/getthedata.php
2014-06-22 23:52:08  服务器反馈回来的数据为:101#13006661808#你能收到我发的短信吗？


2014-06-22 23:52:08  发送13006661808:你能收到我发的短信吗？
2014-06-22 23:52:08  正在发送短消息
2014-06-22 23:52:11  t发送成功
2014-06-22 23:52:21  定时器已经关闭
2014-06-22 23:52:24  端口连接
2014-06-22 23:52:24  串口已关闭
2014-06-22 23:53:29  程序开始运行
2014-06-22 23:53:29  开始连接服务器，连接登陆的url网址为:http://localhost/project/sms/login.php
2014-06-22 23:53:29  登陆成功,登陆的用户名为:admin
2014-06-22 23:53:32  端口连接
2014-06-22 23:53:32  串口打开成功
2014-06-22 23:53:33  TC35连接成功
2014-06-22 23:53:45  定时器已经启动，周期为60s一次
2014-06-22 23:53:45  号码请求url连接为:http://localhost/project/sms/getthedata.php
2014-06-22 23:53:45  服务器反馈回来的数据为:101#13006661808#你能收到我发的短信吗？


2014-06-22 23:53:45  发送13006661808:你能收到我发的短信吗？
2014-06-22 23:53:45  正在发送短消息
2014-06-22 23:53:48  t发送成功
2014-06-22 23:54:14  定时器已经关闭
2014-06-22 23:55:49  端口连接
2014-06-22 23:55:49  串口已关闭
2014-06-22 23:57:13  程序开始运行
2014-06-22 23:57:13  开始连接服务器，连接登陆的url网址为:http://localhost/project/sms/login.php
2014-06-22 23:57:13  登陆成功,登陆的用户名为:admin
2014-06-22 23:57:15  端口连接
2014-06-22 23:57:15  串口打开成功
2014-06-22 23:57:16  TC35连接成功
2014-06-22 23:57:28  定时器已经启动，周期为60s一次
2014-06-22 23:57:28  号码请求url连接为:http://localhost/project/sms/getthedata.php
2014-06-22 23:57:28  服务器反馈回来的数据为:101#13006661808#你能收到我发的短信吗？


2014-06-22 23:57:28  发送13006661808:你能收到我发的短信吗？
2014-06-22 23:57:28  正在发送短消息
2014-06-22 23:57:30  t发送成功
2014-06-22 23:57:44  定时器已经关闭
2014-06-22 23:57:51  定时器已经启动，周期为60s一次
2014-06-22 23:57:51  号码请求url连接为:http://localhost/project/sms/getthedata.php
2014-06-22 23:57:51  服务器反馈回来的数据为:101#13006661808#你能收到我发的短信吗？


2014-06-22 23:57:51  发送13006661808:你能收到我发的短信吗？
2014-06-22 23:57:51  正在发送短消息
2014-06-22 23:57:55  t发送成功
2014-06-22 23:58:01  定时器已经关闭
2014-06-22 23:58:08  端口连接
2014-06-22 23:58:08  串口已关闭
