Sunplus u'nSP Assembler - Ver. 1.14.12

                            	.PUBLIC _InitIO
                            	.PUBLIC _ShowRes
                            	.PUBLIC _ClearWatchDog
                            	
                            	.DEFINE Port_IOA_Attrib 		0x7003
                            	.DEFINE Port_IOA_Dir 			0x7002
                            	.DEFINE Port_IOA_Data 			0x7000
                            	
                            	.DEFINE Port_IOB_Attrib 		0x7008
                            	.DEFINE Port_IOB_Dir 			0x7007
                            	.DEFINE Port_IOB_Data 			0x7005
                            	
00000000                    	.CODE
                            	
                            	_ClearWatchDog: .proc
00000000 88 D2              	 push R1 to [SP]
00000001 41 92              	 R1 = 0x0001
00000002 19 D3 12 70        	 [0x7012] = R1
00000004 88 90              	 pop R1 from [SP]
00000005 90 9A              	 retf
                            	.endp
                            	
                            	_ShowRes: .proc
00000006 A8 DA              		push R1, R5 to [SP]
00000007 08 0B 05 00        		R5 = SP + 5
00000009 03 98              		R4 = [R5+3]				
0000000A 1C D9 05 70        		[0x7005] = R4
0000000C A8 90              		pop R1, R5 from [SP]
0000000D 90 9A              		retf
                            	.endp
                            	
                            	_InitIO: .proc
0000000E 09 93 FF FF        		R1=0xffff
00000010 19 D3 08 70        		[Port_IOB_Attrib] = R1		//B口设置为同向输出
00000012 19 D3 07 70        		[Port_IOB_Dir] = R1			
00000014 40 92              		R1 = 0
00000015 19 D3 05 70        		[Port_IOB_Data] = R1        //B口置低电平
00000017 09 93 FF FF        		R1=0xffff
00000019 19 D3 03 70        		[Port_IOA_Attrib] = R1		//A口设置为同向输出
0000001B 19 D3 02 70        		[Port_IOA_Dir] = R1			
0000001D 09 93 FF FF        		R1 = 0xffff
0000001F 19 D3 00 70        		[Port_IOA_Data] = R1        //A口置高电平
00000021 90 9A              		retf
                            	.endp
                            	
                            	.END
0 error(s), 0 warning(s).
