Sunplus u'nSP Assembler - Ver. 1.14.12

                            	
                            	// Resource Table
                            	// Created by IDE, Do not modify this table
                            	
00000000                    	.TEXT
                            	.public _RES_Table;
                            	.external __RES_1_48K_sa
                            	.public _RES_1_48K_SA;
                            	.external __RES_1_48K_ea;
                            	.public _RES_1_48K_EA;
                            	.external __RES_10_48K_sa
                            	.public _RES_10_48K_SA;
                            	.external __RES_10_48K_ea;
                            	.public _RES_10_48K_EA;
                            	.external __RES_11_48K_sa
                            	.public _RES_11_48K_SA;
                            	.external __RES_11_48K_ea;
                            	.public _RES_11_48K_EA;
                            	.external __RES_12_48K_sa
                            	.public _RES_12_48K_SA;
                            	.external __RES_12_48K_ea;
                            	.public _RES_12_48K_EA;
                            	.external __RES_15_48K_sa
                            	.public _RES_15_48K_SA;
                            	.external __RES_15_48K_ea;
                            	.public _RES_15_48K_EA;
                            	.external __RES_2_48K_sa
                            	.public _RES_2_48K_SA;
                            	.external __RES_2_48K_ea;
                            	.public _RES_2_48K_EA;
                            	.external __RES_3_48K_sa
                            	.public _RES_3_48K_SA;
                            	.external __RES_3_48K_ea;
                            	.public _RES_3_48K_EA;
                            	.external __RES_4_48K_sa
                            	.public _RES_4_48K_SA;
                            	.external __RES_4_48K_ea;
                            	.public _RES_4_48K_EA;
                            	.external __RES_5_48K_sa
                            	.public _RES_5_48K_SA;
                            	.external __RES_5_48K_ea;
                            	.public _RES_5_48K_EA;
                            	.external __RES_6_48K_sa
                            	.public _RES_6_48K_SA;
                            	.external __RES_6_48K_ea;
                            	.public _RES_6_48K_EA;
                            	.external __RES_7_48K_sa
                            	.public _RES_7_48K_SA;
                            	.external __RES_7_48K_ea;
                            	.public _RES_7_48K_EA;
                            	.external __RES_S12_24K_sa
                            	.public _RES_S12_24K_SA;
                            	.external __RES_S12_24K_ea;
                            	.public _RES_S12_24K_EA;
                            	.external __RES_18_48K_sa
                            	.public _RES_18_48K_SA;
                            	.external __RES_18_48K_ea;
                            	.public _RES_18_48K_EA;
                            	.external __RES_17_48K_sa
                            	.public _RES_17_48K_SA;
                            	.external __RES_17_48K_ea;
                            	.public _RES_17_48K_EA;
                            	.external __RES_16_48K_sa
                            	.public _RES_16_48K_SA;
                            	.external __RES_16_48K_ea;
                            	.public _RES_16_48K_EA;
                            	
                            	
                            	_RES_Table:
                            	
                            	_RES_1_48K_SA:
00000000 00 00 00 00        		.DW offset __RES_1_48K_sa,seg __RES_1_48K_sa;
                            	_RES_1_48K_EA:
00000002 00 00 00 00        		.DW offset __RES_1_48K_ea,seg __RES_1_48K_ea;
                            	
                            	_RES_10_48K_SA:
00000004 00 00 00 00        		.DW offset __RES_10_48K_sa,seg __RES_10_48K_sa;
                            	_RES_10_48K_EA:
00000006 00 00 00 00        		.DW offset __RES_10_48K_ea,seg __RES_10_48K_ea;
                            	
                            	_RES_11_48K_SA:
00000008 00 00 00 00        		.DW offset __RES_11_48K_sa,seg __RES_11_48K_sa;
                            	_RES_11_48K_EA:
0000000A 00 00 00 00        		.DW offset __RES_11_48K_ea,seg __RES_11_48K_ea;
                            	
                            	_RES_12_48K_SA:
0000000C 00 00 00 00        		.DW offset __RES_12_48K_sa,seg __RES_12_48K_sa;
                            	_RES_12_48K_EA:
0000000E 00 00 00 00        		.DW offset __RES_12_48K_ea,seg __RES_12_48K_ea;
                            	
                            	_RES_15_48K_SA:
00000010 00 00 00 00        		.DW offset __RES_15_48K_sa,seg __RES_15_48K_sa;
                            	_RES_15_48K_EA:
00000012 00 00 00 00        		.DW offset __RES_15_48K_ea,seg __RES_15_48K_ea;
                            	
                            	_RES_2_48K_SA:
00000014 00 00 00 00        		.DW offset __RES_2_48K_sa,seg __RES_2_48K_sa;
                            	_RES_2_48K_EA:
00000016 00 00 00 00        		.DW offset __RES_2_48K_ea,seg __RES_2_48K_ea;
                            	
                            	_RES_3_48K_SA:
00000018 00 00 00 00        		.DW offset __RES_3_48K_sa,seg __RES_3_48K_sa;
                            	_RES_3_48K_EA:
0000001A 00 00 00 00        		.DW offset __RES_3_48K_ea,seg __RES_3_48K_ea;
                            	
                            	_RES_4_48K_SA:
0000001C 00 00 00 00        		.DW offset __RES_4_48K_sa,seg __RES_4_48K_sa;
                            	_RES_4_48K_EA:
0000001E 00 00 00 00        		.DW offset __RES_4_48K_ea,seg __RES_4_48K_ea;
                            	
                            	_RES_5_48K_SA:
00000020 00 00 00 00        		.DW offset __RES_5_48K_sa,seg __RES_5_48K_sa;
                            	_RES_5_48K_EA:
00000022 00 00 00 00        		.DW offset __RES_5_48K_ea,seg __RES_5_48K_ea;
                            	
                            	_RES_6_48K_SA:
00000024 00 00 00 00        		.DW offset __RES_6_48K_sa,seg __RES_6_48K_sa;
                            	_RES_6_48K_EA:
00000026 00 00 00 00        		.DW offset __RES_6_48K_ea,seg __RES_6_48K_ea;
                            	
                            	_RES_7_48K_SA:
00000028 00 00 00 00        		.DW offset __RES_7_48K_sa,seg __RES_7_48K_sa;
                            	_RES_7_48K_EA:
0000002A 00 00 00 00        		.DW offset __RES_7_48K_ea,seg __RES_7_48K_ea;
                            	
                            	_RES_S12_24K_SA:
0000002C 00 00 00 00        		.DW offset __RES_S12_24K_sa,seg __RES_S12_24K_sa;
                            	_RES_S12_24K_EA:
0000002E 00 00 00 00        		.DW offset __RES_S12_24K_ea,seg __RES_S12_24K_ea;
                            	
                            	_RES_18_48K_SA:
00000030 00 00 00 00        		.DW offset __RES_18_48K_sa,seg __RES_18_48K_sa;
                            	_RES_18_48K_EA:
00000032 00 00 00 00        		.DW offset __RES_18_48K_ea,seg __RES_18_48K_ea;
                            	
                            	_RES_17_48K_SA:
00000034 00 00 00 00        		.DW offset __RES_17_48K_sa,seg __RES_17_48K_sa;
                            	_RES_17_48K_EA:
00000036 00 00 00 00        		.DW offset __RES_17_48K_ea,seg __RES_17_48K_ea;
                            	
                            	_RES_16_48K_SA:
00000038 00 00 00 00        		.DW offset __RES_16_48K_sa,seg __RES_16_48K_sa;
                            	_RES_16_48K_EA:
0000003A 00 00 00 00        		.DW offset __RES_16_48K_ea,seg __RES_16_48K_ea;
                            	
                            	
                            	// End Table
0 error(s), 0 warning(s).
